<?xml version="1.0" encoding="UTF-8"?>
<testsuite xmlns:xsi="http://www.w3.org/2001/XMLSchema-instance" xsi:noNamespaceSchemaLocation="https://maven.apache.org/surefire/maven-surefire-plugin/xsd/surefire-test-report-3.0.xsd" version="3.0" name="com.easyshare.SignupTests" time="0.691" tests="1" errors="0" skipped="0" failures="0">
  <properties>
[...]
</properties>
  <testcase name="signupTest" classname="com.easyshare.SignupTests" time="0.672">
    <system-out><![CDATA[2024-11-13T00:19:40.481+08:00  INFO 12632 --- [           main] t.c.s.AnnotationConfigContextLoaderUtils : Could not detect default configuration classes for test class [com.easyshare.SignupTests]: SignupTests does not declare any static, non-private, non-final, nested classes annotated with @Configuration.
2024-11-13T00:19:40.485+08:00  INFO 12632 --- [           main] .b.t.c.SpringBootTestContextBootstrapper : Found @SpringBootConfiguration com.easyshare.EasyShareApplication for test class com.easyshare.SignupTests
Creating a new SqlSession
Registering transaction synchronization for SqlSession [org.apache.ibatis.session.defaults.DefaultSqlSession@3f04349b]
JDBC Connection [HikariProxyConnection@1839967580 wrapping com.mysql.cj.jdbc.ConnectionImpl@247d44b4] will be managed by Spring
==>  Preparing: SELECT id, username, email, password, created_at, avatar, is_deleted, last_update FROM `tb_user` WHERE username = ?
==> Parameters: FlexiBoy67(String)
<==    Columns: id, username, email, password, created_at, avatar, is_deleted, last_update
<==        Row: 1, FlexiBoy67, FlexiBoy67@test.com, 98ce6a20ae07bba22d1a049fe36aa295, 2024-11-12 21:23:05, null, 0, 2024-11-12 21:23:05
<==      Total: 1
Releasing transactional SqlSession [org.apache.ibatis.session.defaults.DefaultSqlSession@3f04349b]
Transaction synchronization committing SqlSession [org.apache.ibatis.session.defaults.DefaultSqlSession@3f04349b]
Transaction synchronization deregistering SqlSession [org.apache.ibatis.session.defaults.DefaultSqlSession@3f04349b]
Transaction synchronization closing SqlSession [org.apache.ibatis.session.defaults.DefaultSqlSession@3f04349b]
Creating a new SqlSession
Registering transaction synchronization for SqlSession [org.apache.ibatis.session.defaults.DefaultSqlSession@435a13ac]
JDBC Connection [HikariProxyConnection@1575050465 wrapping com.mysql.cj.jdbc.ConnectionImpl@247d44b4] will be managed by Spring
==>  Preparing: SELECT id, username, email, password, created_at, avatar, is_deleted, last_update FROM `tb_user` WHERE username = ?
==> Parameters: StarLight12(String)
<==    Columns: id, username, email, password, created_at, avatar, is_deleted, last_update
<==        Row: 2, StarLight12, StarLight12@test.com, d60a515acb6c218c9090a89e9f5e7cc8, 2024-11-12 21:23:05, null, 0, 2024-11-12 21:23:05
<==      Total: 1
Releasing transactional SqlSession [org.apache.ibatis.session.defaults.DefaultSqlSession@435a13ac]
Transaction synchronization committing SqlSession [org.apache.ibatis.session.defaults.DefaultSqlSession@435a13ac]
Transaction synchronization deregistering SqlSession [org.apache.ibatis.session.defaults.DefaultSqlSession@435a13ac]
Transaction synchronization closing SqlSession [org.apache.ibatis.session.defaults.DefaultSqlSession@435a13ac]
Creating a new SqlSession
Registering transaction synchronization for SqlSession [org.apache.ibatis.session.defaults.DefaultSqlSession@2080ee70]
JDBC Connection [HikariProxyConnection@1277118487 wrapping com.mysql.cj.jdbc.ConnectionImpl@247d44b4] will be managed by Spring
==>  Preparing: SELECT id, username, email, password, created_at, avatar, is_deleted, last_update FROM `tb_user` WHERE username = ?
==> Parameters: HappyCamper9(String)
<==    Columns: id, username, email, password, created_at, avatar, is_deleted, last_update
<==        Row: 3, HappyCamper9, HappyCamper9@test.com, 4b06ba3ad38f0e4c24221f0440212974, 2024-11-12 21:23:05, null, 0, 2024-11-12 21:23:05
<==      Total: 1
Releasing transactional SqlSession [org.apache.ibatis.session.defaults.DefaultSqlSession@2080ee70]
Transaction synchronization committing SqlSession [org.apache.ibatis.session.defaults.DefaultSqlSession@2080ee70]
Transaction synchronization deregistering SqlSession [org.apache.ibatis.session.defaults.DefaultSqlSession@2080ee70]
Transaction synchronization closing SqlSession [org.apache.ibatis.session.defaults.DefaultSqlSession@2080ee70]
Creating a new SqlSession
Registering transaction synchronization for SqlSession [org.apache.ibatis.session.defaults.DefaultSqlSession@7a68818c]
JDBC Connection [HikariProxyConnection@661316124 wrapping com.mysql.cj.jdbc.ConnectionImpl@247d44b4] will be managed by Spring
==>  Preparing: SELECT id, username, email, password, created_at, avatar, is_deleted, last_update FROM `tb_user` WHERE username = ?
==> Parameters: TechnoGeek42(String)
<==    Columns: id, username, email, password, created_at, avatar, is_deleted, last_update
<==        Row: 4, TechnoGeek42, TechnoGeek42@test.com, bcce82c40971a86560177402cd919bf4, 2024-11-12 21:23:05, null, 0, 2024-11-12 21:23:05
<==      Total: 1
Releasing transactional SqlSession [org.apache.ibatis.session.defaults.DefaultSqlSession@7a68818c]
Transaction synchronization committing SqlSession [org.apache.ibatis.session.defaults.DefaultSqlSession@7a68818c]
Transaction synchronization deregistering SqlSession [org.apache.ibatis.session.defaults.DefaultSqlSession@7a68818c]
Transaction synchronization closing SqlSession [org.apache.ibatis.session.defaults.DefaultSqlSession@7a68818c]
Creating a new SqlSession
Registering transaction synchronization for SqlSession [org.apache.ibatis.session.defaults.DefaultSqlSession@2408ca4c]
JDBC Connection [HikariProxyConnection@1601460592 wrapping com.mysql.cj.jdbc.ConnectionImpl@247d44b4] will be managed by Spring
==>  Preparing: SELECT id, username, email, password, created_at, avatar, is_deleted, last_update FROM `tb_user` WHERE username = ?
==> Parameters: SwiftRider88(String)
<==    Columns: id, username, email, password, created_at, avatar, is_deleted, last_update
<==        Row: 5, SwiftRider88, SwiftRider88@test.com, 6cbb97e8eafceb7df28958d064fd3100, 2024-11-12 21:23:05, null, 0, 2024-11-12 21:23:05
<==      Total: 1
Releasing transactional SqlSession [org.apache.ibatis.session.defaults.DefaultSqlSession@2408ca4c]
Transaction synchronization committing SqlSession [org.apache.ibatis.session.defaults.DefaultSqlSession@2408ca4c]
Transaction synchronization deregistering SqlSession [org.apache.ibatis.session.defaults.DefaultSqlSession@2408ca4c]
Transaction synchronization closing SqlSession [org.apache.ibatis.session.defaults.DefaultSqlSession@2408ca4c]
Creating a new SqlSession
Registering transaction synchronization for SqlSession [org.apache.ibatis.session.defaults.DefaultSqlSession@35f59dfe]
JDBC Connection [HikariProxyConnection@372479530 wrapping com.mysql.cj.jdbc.ConnectionImpl@247d44b4] will be managed by Spring
==>  Preparing: SELECT id, username, email, password, created_at, avatar, is_deleted, last_update FROM `tb_user` WHERE username = ?
==> Parameters: SunnyDay2001(String)
<==    Columns: id, username, email, password, created_at, avatar, is_deleted, last_update
<==        Row: 6, SunnyDay2001, SunnyDay2001@test.com, 3f4f521703099abfd740d9a30cc9b6fe, 2024-11-12 21:23:05, null, 0, 2024-11-12 21:23:05
<==      Total: 1
Releasing transactional SqlSession [org.apache.ibatis.session.defaults.DefaultSqlSession@35f59dfe]
Transaction synchronization committing SqlSession [org.apache.ibatis.session.defaults.DefaultSqlSession@35f59dfe]
Transaction synchronization deregistering SqlSession [org.apache.ibatis.session.defaults.DefaultSqlSession@35f59dfe]
Transaction synchronization closing SqlSession [org.apache.ibatis.session.defaults.DefaultSqlSession@35f59dfe]
Creating a new SqlSession
Registering transaction synchronization for SqlSession [org.apache.ibatis.session.defaults.DefaultSqlSession@33fefbbe]
JDBC Connection [HikariProxyConnection@1561110693 wrapping com.mysql.cj.jdbc.ConnectionImpl@247d44b4] will be managed by Spring
==>  Preparing: SELECT id, username, email, password, created_at, avatar, is_deleted, last_update FROM `tb_user` WHERE username = ?
==> Parameters: CoolCat777(String)
<==    Columns: id, username, email, password, created_at, avatar, is_deleted, last_update
<==        Row: 7, CoolCat777, CoolCat777@test.com, 2b56f6ca174dd0512baa54df944c982c, 2024-11-12 21:23:05, null, 0, 2024-11-12 21:23:05
<==      Total: 1
Releasing transactional SqlSession [org.apache.ibatis.session.defaults.DefaultSqlSession@33fefbbe]
Transaction synchronization committing SqlSession [org.apache.ibatis.session.defaults.DefaultSqlSession@33fefbbe]
Transaction synchronization deregistering SqlSession [org.apache.ibatis.session.defaults.DefaultSqlSession@33fefbbe]
Transaction synchronization closing SqlSession [org.apache.ibatis.session.defaults.DefaultSqlSession@33fefbbe]
Creating a new SqlSession
Registering transaction synchronization for SqlSession [org.apache.ibatis.session.defaults.DefaultSqlSession@5f9b37b5]
JDBC Connection [HikariProxyConnection@397143823 wrapping com.mysql.cj.jdbc.ConnectionImpl@247d44b4] will be managed by Spring
==>  Preparing: SELECT id, username, email, password, created_at, avatar, is_deleted, last_update FROM `tb_user` WHERE username = ?
==> Parameters: MusicLover45(String)
<==    Columns: id, username, email, password, created_at, avatar, is_deleted, last_update
<==        Row: 8, MusicLover45, MusicLover45@test.com, 86218cb6246d1126bb4b9877293b4f9a, 2024-11-12 21:23:05, null, 0, 2024-11-12 21:23:05
<==      Total: 1
Releasing transactional SqlSession [org.apache.ibatis.session.defaults.DefaultSqlSession@5f9b37b5]
Transaction synchronization committing SqlSession [org.apache.ibatis.session.defaults.DefaultSqlSession@5f9b37b5]
Transaction synchronization deregistering SqlSession [org.apache.ibatis.session.defaults.DefaultSqlSession@5f9b37b5]
Transaction synchronization closing SqlSession [org.apache.ibatis.session.defaults.DefaultSqlSession@5f9b37b5]
Creating a new SqlSession
Registering transaction synchronization for SqlSession [org.apache.ibatis.session.defaults.DefaultSqlSession@6aefb242]
JDBC Connection [HikariProxyConnection@1548650215 wrapping com.mysql.cj.jdbc.ConnectionImpl@247d44b4] will be managed by Spring
==>  Preparing: SELECT id, username, email, password, created_at, avatar, is_deleted, last_update FROM `tb_user` WHERE username = ?
==> Parameters: DreamChaser19(String)
<==    Columns: id, username, email, password, created_at, avatar, is_deleted, last_update
<==        Row: 9, DreamChaser19, DreamChaser19@test.com, 7b52be09fdaacc2f102bf396616ab9f5, 2024-11-12 21:23:05, null, 0, 2024-11-12 21:23:05
<==      Total: 1
Releasing transactional SqlSession [org.apache.ibatis.session.defaults.DefaultSqlSession@6aefb242]
Transaction synchronization committing SqlSession [org.apache.ibatis.session.defaults.DefaultSqlSession@6aefb242]
Transaction synchronization deregistering SqlSession [org.apache.ibatis.session.defaults.DefaultSqlSession@6aefb242]
Transaction synchronization closing SqlSession [org.apache.ibatis.session.defaults.DefaultSqlSession@6aefb242]
Creating a new SqlSession
Registering transaction synchronization for SqlSession [org.apache.ibatis.session.defaults.DefaultSqlSession@5fc82de5]
JDBC Connection [HikariProxyConnection@1299269484 wrapping com.mysql.cj.jdbc.ConnectionImpl@247d44b4] will be managed by Spring
==>  Preparing: SELECT id, username, email, password, created_at, avatar, is_deleted, last_update FROM `tb_user` WHERE username = ?
==> Parameters: FireFly321(String)
<==    Columns: id, username, email, password, created_at, avatar, is_deleted, last_update
<==        Row: 10, FireFly321, FireFly321@test.com, e81cc90131fd2f13cf2642ee43310bc6, 2024-11-12 21:23:05, null, 0, 2024-11-12 21:23:05
<==      Total: 1
Releasing transactional SqlSession [org.apache.ibatis.session.defaults.DefaultSqlSession@5fc82de5]
Transaction synchronization committing SqlSession [org.apache.ibatis.session.defaults.DefaultSqlSession@5fc82de5]
Transaction synchronization deregistering SqlSession [org.apache.ibatis.session.defaults.DefaultSqlSession@5fc82de5]
Transaction synchronization closing SqlSession [org.apache.ibatis.session.defaults.DefaultSqlSession@5fc82de5]
Creating a new SqlSession
Registering transaction synchronization for SqlSession [org.apache.ibatis.session.defaults.DefaultSqlSession@cede70a]
JDBC Connection [HikariProxyConnection@709215984 wrapping com.mysql.cj.jdbc.ConnectionImpl@247d44b4] will be managed by Spring
==>  Preparing: SELECT id, username, email, password, created_at, avatar, is_deleted, last_update FROM `tb_user` WHERE username = ?
==> Parameters: SilverSurfer2(String)
<==    Columns: id, username, email, password, created_at, avatar, is_deleted, last_update
<==        Row: 11, SilverSurfer2, SilverSurfer2@test.com, 935c607e3c6741b6ff202c2652c2be4b, 2024-11-12 21:23:06, null, 0, 2024-11-12 21:23:06
<==      Total: 1
Releasing transactional SqlSession [org.apache.ibatis.session.defaults.DefaultSqlSession@cede70a]
Transaction synchronization committing SqlSession [org.apache.ibatis.session.defaults.DefaultSqlSession@cede70a]
Transaction synchronization deregistering SqlSession [org.apache.ibatis.session.defaults.DefaultSqlSession@cede70a]
Transaction synchronization closing SqlSession [org.apache.ibatis.session.defaults.DefaultSqlSession@cede70a]
Creating a new SqlSession
Registering transaction synchronization for SqlSession [org.apache.ibatis.session.defaults.DefaultSqlSession@792a9cb1]
JDBC Connection [HikariProxyConnection@1426908073 wrapping com.mysql.cj.jdbc.ConnectionImpl@247d44b4] will be managed by Spring
==>  Preparing: SELECT id, username, email, password, created_at, avatar, is_deleted, last_update FROM `tb_user` WHERE username = ?
==> Parameters: SpaceCadet69(String)
<==    Columns: id, username, email, password, created_at, avatar, is_deleted, last_update
<==        Row: 12, SpaceCadet69, SpaceCadet69@test.com, 4332690ed3e45be86560f86420fe9a73, 2024-11-12 21:23:06, null, 0, 2024-11-12 21:23:06
<==      Total: 1
Releasing transactional SqlSession [org.apache.ibatis.session.defaults.DefaultSqlSession@792a9cb1]
Transaction synchronization committing SqlSession [org.apache.ibatis.session.defaults.DefaultSqlSession@792a9cb1]
Transaction synchronization deregistering SqlSession [org.apache.ibatis.session.defaults.DefaultSqlSession@792a9cb1]
Transaction synchronization closing SqlSession [org.apache.ibatis.session.defaults.DefaultSqlSession@792a9cb1]
Creating a new SqlSession
Registering transaction synchronization for SqlSession [org.apache.ibatis.session.defaults.DefaultSqlSession@56554e7]
JDBC Connection [HikariProxyConnection@810692842 wrapping com.mysql.cj.jdbc.ConnectionImpl@247d44b4] will be managed by Spring
==>  Preparing: SELECT id, username, email, password, created_at, avatar, is_deleted, last_update FROM `tb_user` WHERE username = ?
==> Parameters: LuckyCharm8(String)
<==    Columns: id, username, email, password, created_at, avatar, is_deleted, last_update
<==        Row: 13, LuckyCharm8, LuckyCharm8@test.com, 213847d0a0cbea11a4b10b83d22928fa, 2024-11-12 21:23:06, null, 0, 2024-11-12 21:23:06
<==      Total: 1
Releasing transactional SqlSession [org.apache.ibatis.session.defaults.DefaultSqlSession@56554e7]
Transaction synchronization committing SqlSession [org.apache.ibatis.session.defaults.DefaultSqlSession@56554e7]
Transaction synchronization deregistering SqlSession [org.apache.ibatis.session.defaults.DefaultSqlSession@56554e7]
Transaction synchronization closing SqlSession [org.apache.ibatis.session.defaults.DefaultSqlSession@56554e7]
Creating a new SqlSession
Registering transaction synchronization for SqlSession [org.apache.ibatis.session.defaults.DefaultSqlSession@b7e53b1]
JDBC Connection [HikariProxyConnection@606136674 wrapping com.mysql.cj.jdbc.ConnectionImpl@247d44b4] will be managed by Spring
==>  Preparing: SELECT id, username, email, password, created_at, avatar, is_deleted, last_update FROM `tb_user` WHERE username = ?
==> Parameters: WindChiller07(String)
<==    Columns: id, username, email, password, created_at, avatar, is_deleted, last_update
<==        Row: 14, WindChiller07, WindChiller07@test.com, f286f52e639020e20f43365f5f973277, 2024-11-12 21:23:06, null, 0, 2024-11-12 21:23:06
<==      Total: 1
Releasing transactional SqlSession [org.apache.ibatis.session.defaults.DefaultSqlSession@b7e53b1]
Transaction synchronization committing SqlSession [org.apache.ibatis.session.defaults.DefaultSqlSession@b7e53b1]
Transaction synchronization deregistering SqlSession [org.apache.ibatis.session.defaults.DefaultSqlSession@b7e53b1]
Transaction synchronization closing SqlSession [org.apache.ibatis.session.defaults.DefaultSqlSession@b7e53b1]
Creating a new SqlSession
Registering transaction synchronization for SqlSession [org.apache.ibatis.session.defaults.DefaultSqlSession@66df2165]
JDBC Connection [HikariProxyConnection@1644584210 wrapping com.mysql.cj.jdbc.ConnectionImpl@247d44b4] will be managed by Spring
==>  Preparing: SELECT id, username, email, password, created_at, avatar, is_deleted, last_update FROM `tb_user` WHERE username = ?
==> Parameters: EarthAngel33(String)
<==    Columns: id, username, email, password, created_at, avatar, is_deleted, last_update
<==        Row: 15, EarthAngel33, EarthAngel33@test.com, 15d954be063ee6f28f5a71f0b53c3807, 2024-11-12 21:23:06, null, 0, 2024-11-12 21:23:06
<==      Total: 1
Releasing transactional SqlSession [org.apache.ibatis.session.defaults.DefaultSqlSession@66df2165]
Transaction synchronization committing SqlSession [org.apache.ibatis.session.defaults.DefaultSqlSession@66df2165]
Transaction synchronization deregistering SqlSession [org.apache.ibatis.session.defaults.DefaultSqlSession@66df2165]
Transaction synchronization closing SqlSession [org.apache.ibatis.session.defaults.DefaultSqlSession@66df2165]
Creating a new SqlSession
Registering transaction synchronization for SqlSession [org.apache.ibatis.session.defaults.DefaultSqlSession@4ae836cf]
JDBC Connection [HikariProxyConnection@756197151 wrapping com.mysql.cj.jdbc.ConnectionImpl@247d44b4] will be managed by Spring
==>  Preparing: SELECT id, username, email, password, created_at, avatar, is_deleted, last_update FROM `tb_user` WHERE username = ?
==> Parameters: BlueSky1234(String)
<==    Columns: id, username, email, password, created_at, avatar, is_deleted, last_update
<==        Row: 16, BlueSky1234, BlueSky1234@test.com, 96af29cc7f905d3fa418d98633814d58, 2024-11-12 21:23:06, null, 0, 2024-11-12 21:23:06
<==      Total: 1
Releasing transactional SqlSession [org.apache.ibatis.session.defaults.DefaultSqlSession@4ae836cf]
Transaction synchronization committing SqlSession [org.apache.ibatis.session.defaults.DefaultSqlSession@4ae836cf]
Transaction synchronization deregistering SqlSession [org.apache.ibatis.session.defaults.DefaultSqlSession@4ae836cf]
Transaction synchronization closing SqlSession [org.apache.ibatis.session.defaults.DefaultSqlSession@4ae836cf]
Creating a new SqlSession
Registering transaction synchronization for SqlSession [org.apache.ibatis.session.defaults.DefaultSqlSession@6ca6cc1c]
JDBC Connection [HikariProxyConnection@1297804967 wrapping com.mysql.cj.jdbc.ConnectionImpl@247d44b4] will be managed by Spring
==>  Preparing: SELECT id, username, email, password, created_at, avatar, is_deleted, last_update FROM `tb_user` WHERE username = ?
==> Parameters: SuperStar99(String)
<==    Columns: id, username, email, password, created_at, avatar, is_deleted, last_update
<==        Row: 17, SuperStar99, SuperStar99@test.com, e5dbbe91dc28f6a3e4052250a9a23c4d, 2024-11-12 21:23:06, null, 0, 2024-11-12 21:23:06
<==      Total: 1
Releasing transactional SqlSession [org.apache.ibatis.session.defaults.DefaultSqlSession@6ca6cc1c]
Transaction synchronization committing SqlSession [org.apache.ibatis.session.defaults.DefaultSqlSession@6ca6cc1c]
Transaction synchronization deregistering SqlSession [org.apache.ibatis.session.defaults.DefaultSqlSession@6ca6cc1c]
Transaction synchronization closing SqlSession [org.apache.ibatis.session.defaults.DefaultSqlSession@6ca6cc1c]
Creating a new SqlSession
Registering transaction synchronization for SqlSession [org.apache.ibatis.session.defaults.DefaultSqlSession@6ecf239d]
JDBC Connection [HikariProxyConnection@1160338413 wrapping com.mysql.cj.jdbc.ConnectionImpl@247d44b4] will be managed by Spring
==>  Preparing: SELECT id, username, email, password, created_at, avatar, is_deleted, last_update FROM `tb_user` WHERE username = ?
==> Parameters: BrightEyes56(String)
<==    Columns: id, username, email, password, created_at, avatar, is_deleted, last_update
<==        Row: 18, BrightEyes56, BrightEyes56@test.com, c382822e2cd869a22b4b8edacfa598f3, 2024-11-12 21:23:06, null, 0, 2024-11-12 21:23:06
<==      Total: 1
Releasing transactional SqlSession [org.apache.ibatis.session.defaults.DefaultSqlSession@6ecf239d]
Transaction synchronization committing SqlSession [org.apache.ibatis.session.defaults.DefaultSqlSession@6ecf239d]
Transaction synchronization deregistering SqlSession [org.apache.ibatis.session.defaults.DefaultSqlSession@6ecf239d]
Transaction synchronization closing SqlSession [org.apache.ibatis.session.defaults.DefaultSqlSession@6ecf239d]
Creating a new SqlSession
Registering transaction synchronization for SqlSession [org.apache.ibatis.session.defaults.DefaultSqlSession@786d8b3b]
JDBC Connection [HikariProxyConnection@1308221190 wrapping com.mysql.cj.jdbc.ConnectionImpl@247d44b4] will be managed by Spring
==>  Preparing: SELECT id, username, email, password, created_at, avatar, is_deleted, last_update FROM `tb_user` WHERE username = ?
==> Parameters: WaterDrop78(String)
<==    Columns: id, username, email, password, created_at, avatar, is_deleted, last_update
<==        Row: 19, WaterDrop78, WaterDrop78@test.com, cf4df1a685ab585a33760235f8e4ca50, 2024-11-12 21:23:06, null, 0, 2024-11-12 21:23:06
<==      Total: 1
Releasing transactional SqlSession [org.apache.ibatis.session.defaults.DefaultSqlSession@786d8b3b]
Transaction synchronization committing SqlSession [org.apache.ibatis.session.defaults.DefaultSqlSession@786d8b3b]
Transaction synchronization deregistering SqlSession [org.apache.ibatis.session.defaults.DefaultSqlSession@786d8b3b]
Transaction synchronization closing SqlSession [org.apache.ibatis.session.defaults.DefaultSqlSession@786d8b3b]
Creating a new SqlSession
Registering transaction synchronization for SqlSession [org.apache.ibatis.session.defaults.DefaultSqlSession@7a273fd7]
JDBC Connection [HikariProxyConnection@1005788990 wrapping com.mysql.cj.jdbc.ConnectionImpl@247d44b4] will be managed by Spring
==>  Preparing: SELECT id, username, email, password, created_at, avatar, is_deleted, last_update FROM `tb_user` WHERE username = ?
==> Parameters: WildFlower02(String)
<==    Columns: id, username, email, password, created_at, avatar, is_deleted, last_update
<==        Row: 20, WildFlower02, WildFlower02@test.com, 045716afe5027edf9b2774c93007c1ec, 2024-11-12 21:23:06, null, 0, 2024-11-12 21:23:06
<==      Total: 1
Releasing transactional SqlSession [org.apache.ibatis.session.defaults.DefaultSqlSession@7a273fd7]
Transaction synchronization committing SqlSession [org.apache.ibatis.session.defaults.DefaultSqlSession@7a273fd7]
Transaction synchronization deregistering SqlSession [org.apache.ibatis.session.defaults.DefaultSqlSession@7a273fd7]
Transaction synchronization closing SqlSession [org.apache.ibatis.session.defaults.DefaultSqlSession@7a273fd7]
Creating a new SqlSession
Registering transaction synchronization for SqlSession [org.apache.ibatis.session.defaults.DefaultSqlSession@2c914aa3]
JDBC Connection [HikariProxyConnection@952647931 wrapping com.mysql.cj.jdbc.ConnectionImpl@247d44b4] will be managed by Spring
==>  Preparing: SELECT id, username, email, password, created_at, avatar, is_deleted, last_update FROM `tb_user` WHERE username = ?
==> Parameters: GoldenLeaf4(String)
<==    Columns: id, username, email, password, created_at, avatar, is_deleted, last_update
<==        Row: 21, GoldenLeaf4, GoldenLeaf4@test.com, 9c2ec7880594ac36c8db7551c34125bb, 2024-11-12 21:23:06, null, 0, 2024-11-12 21:23:06
<==      Total: 1
Releasing transactional SqlSession [org.apache.ibatis.session.defaults.DefaultSqlSession@2c914aa3]
Transaction synchronization committing SqlSession [org.apache.ibatis.session.defaults.DefaultSqlSession@2c914aa3]
Transaction synchronization deregistering SqlSession [org.apache.ibatis.session.defaults.DefaultSqlSession@2c914aa3]
Transaction synchronization closing SqlSession [org.apache.ibatis.session.defaults.DefaultSqlSession@2c914aa3]
Creating a new SqlSession
Registering transaction synchronization for SqlSession [org.apache.ibatis.session.defaults.DefaultSqlSession@295e9aef]
JDBC Connection [HikariProxyConnection@1160645268 wrapping com.mysql.cj.jdbc.ConnectionImpl@247d44b4] will be managed by Spring
==>  Preparing: SELECT id, username, email, password, created_at, avatar, is_deleted, last_update FROM `tb_user` WHERE username = ?
==> Parameters: SkyRocket31(String)
<==    Columns: id, username, email, password, created_at, avatar, is_deleted, last_update
<==        Row: 22, SkyRocket31, SkyRocket31@test.com, 5c0a19813265d336e7f89014e4a916a4, 2024-11-12 21:23:06, null, 0, 2024-11-12 21:23:06
<==      Total: 1
Releasing transactional SqlSession [org.apache.ibatis.session.defaults.DefaultSqlSession@295e9aef]
Transaction synchronization committing SqlSession [org.apache.ibatis.session.defaults.DefaultSqlSession@295e9aef]
Transaction synchronization deregistering SqlSession [org.apache.ibatis.session.defaults.DefaultSqlSession@295e9aef]
Transaction synchronization closing SqlSession [org.apache.ibatis.session.defaults.DefaultSqlSession@295e9aef]
Creating a new SqlSession
Registering transaction synchronization for SqlSession [org.apache.ibatis.session.defaults.DefaultSqlSession@77c66ac2]
JDBC Connection [HikariProxyConnection@665261991 wrapping com.mysql.cj.jdbc.ConnectionImpl@247d44b4] will be managed by Spring
==>  Preparing: SELECT id, username, email, password, created_at, avatar, is_deleted, last_update FROM `tb_user` WHERE username = ?
==> Parameters: SugarGlider6(String)
<==    Columns: id, username, email, password, created_at, avatar, is_deleted, last_update
<==        Row: 23, SugarGlider6, SugarGlider6@test.com, ab49dd63b575fc8946947a7d8ab6f92e, 2024-11-12 21:23:06, null, 0, 2024-11-12 21:23:06
<==      Total: 1
Releasing transactional SqlSession [org.apache.ibatis.session.defaults.DefaultSqlSession@77c66ac2]
Transaction synchronization committing SqlSession [org.apache.ibatis.session.defaults.DefaultSqlSession@77c66ac2]
Transaction synchronization deregistering SqlSession [org.apache.ibatis.session.defaults.DefaultSqlSession@77c66ac2]
Transaction synchronization closing SqlSession [org.apache.ibatis.session.defaults.DefaultSqlSession@77c66ac2]
Creating a new SqlSession
Registering transaction synchronization for SqlSession [org.apache.ibatis.session.defaults.DefaultSqlSession@59ffb0af]
JDBC Connection [HikariProxyConnection@308849812 wrapping com.mysql.cj.jdbc.ConnectionImpl@247d44b4] will be managed by Spring
==>  Preparing: SELECT id, username, email, password, created_at, avatar, is_deleted, last_update FROM `tb_user` WHERE username = ?
==> Parameters: MoonBeam888(String)
<==    Columns: id, username, email, password, created_at, avatar, is_deleted, last_update
<==        Row: 24, MoonBeam888, MoonBeam888@test.com, 0a2b7d2a88c6cde7faa5fc2d019fa14b, 2024-11-12 21:23:06, null, 0, 2024-11-12 21:23:06
<==      Total: 1
Releasing transactional SqlSession [org.apache.ibatis.session.defaults.DefaultSqlSession@59ffb0af]
Transaction synchronization committing SqlSession [org.apache.ibatis.session.defaults.DefaultSqlSession@59ffb0af]
Transaction synchronization deregistering SqlSession [org.apache.ibatis.session.defaults.DefaultSqlSession@59ffb0af]
Transaction synchronization closing SqlSession [org.apache.ibatis.session.defaults.DefaultSqlSession@59ffb0af]
Creating a new SqlSession
Registering transaction synchronization for SqlSession [org.apache.ibatis.session.defaults.DefaultSqlSession@7197b96c]
JDBC Connection [HikariProxyConnection@1199934844 wrapping com.mysql.cj.jdbc.ConnectionImpl@247d44b4] will be managed by Spring
==>  Preparing: SELECT id, username, email, password, created_at, avatar, is_deleted, last_update FROM `tb_user` WHERE username = ?
==> Parameters: MagicWand55(String)
<==    Columns: id, username, email, password, created_at, avatar, is_deleted, last_update
<==        Row: 25, MagicWand55, MagicWand55@test.com, d7477e14af7f77e7ff282f0b783a2f68, 2024-11-12 21:23:06, null, 0, 2024-11-12 21:23:06
<==      Total: 1
Releasing transactional SqlSession [org.apache.ibatis.session.defaults.DefaultSqlSession@7197b96c]
Transaction synchronization committing SqlSession [org.apache.ibatis.session.defaults.DefaultSqlSession@7197b96c]
Transaction synchronization deregistering SqlSession [org.apache.ibatis.session.defaults.DefaultSqlSession@7197b96c]
Transaction synchronization closing SqlSession [org.apache.ibatis.session.defaults.DefaultSqlSession@7197b96c]
Creating a new SqlSession
Registering transaction synchronization for SqlSession [org.apache.ibatis.session.defaults.DefaultSqlSession@16cc5e51]
JDBC Connection [HikariProxyConnection@428644304 wrapping com.mysql.cj.jdbc.ConnectionImpl@247d44b4] will be managed by Spring
==>  Preparing: SELECT id, username, email, password, created_at, avatar, is_deleted, last_update FROM `tb_user` WHERE username = ?
==> Parameters: RainBow123(String)
<==    Columns: id, username, email, password, created_at, avatar, is_deleted, last_update
<==        Row: 26, RainBow123, RainBow123@test.com, 3114f99710d2e073f57cfe7109b4356e, 2024-11-12 21:23:06, null, 0, 2024-11-12 21:23:06
<==      Total: 1
Releasing transactional SqlSession [org.apache.ibatis.session.defaults.DefaultSqlSession@16cc5e51]
Transaction synchronization committing SqlSession [org.apache.ibatis.session.defaults.DefaultSqlSession@16cc5e51]
Transaction synchronization deregistering SqlSession [org.apache.ibatis.session.defaults.DefaultSqlSession@16cc5e51]
Transaction synchronization closing SqlSession [org.apache.ibatis.session.defaults.DefaultSqlSession@16cc5e51]
Creating a new SqlSession
Registering transaction synchronization for SqlSession [org.apache.ibatis.session.defaults.DefaultSqlSession@512319dc]
JDBC Connection [HikariProxyConnection@369851597 wrapping com.mysql.cj.jdbc.ConnectionImpl@247d44b4] will be managed by Spring
==>  Preparing: SELECT id, username, email, password, created_at, avatar, is_deleted, last_update FROM `tb_user` WHERE username = ?
==> Parameters: SnowFlake777(String)
<==    Columns: id, username, email, password, created_at, avatar, is_deleted, last_update
<==        Row: 27, SnowFlake777, SnowFlake777@test.com, 7fb9a371719219624a01f5dba725fbd0, 2024-11-12 21:23:06, null, 0, 2024-11-12 21:23:06
<==      Total: 1
Releasing transactional SqlSession [org.apache.ibatis.session.defaults.DefaultSqlSession@512319dc]
Transaction synchronization committing SqlSession [org.apache.ibatis.session.defaults.DefaultSqlSession@512319dc]
Transaction synchronization deregistering SqlSession [org.apache.ibatis.session.defaults.DefaultSqlSession@512319dc]
Transaction synchronization closing SqlSession [org.apache.ibatis.session.defaults.DefaultSqlSession@512319dc]
Creating a new SqlSession
Registering transaction synchronization for SqlSession [org.apache.ibatis.session.defaults.DefaultSqlSession@3503e68e]
JDBC Connection [HikariProxyConnection@822982084 wrapping com.mysql.cj.jdbc.ConnectionImpl@247d44b4] will be managed by Spring
==>  Preparing: SELECT id, username, email, password, created_at, avatar, is_deleted, last_update FROM `tb_user` WHERE username = ?
==> Parameters: SunBurst20(String)
<==    Columns: id, username, email, password, created_at, avatar, is_deleted, last_update
<==        Row: 28, SunBurst20, SunBurst20@test.com, 0469b0b396d6390feba877c79849e040, 2024-11-12 21:23:06, null, 0, 2024-11-12 21:23:06
<==      Total: 1
Releasing transactional SqlSession [org.apache.ibatis.session.defaults.DefaultSqlSession@3503e68e]
Transaction synchronization committing SqlSession [org.apache.ibatis.session.defaults.DefaultSqlSession@3503e68e]
Transaction synchronization deregistering SqlSession [org.apache.ibatis.session.defaults.DefaultSqlSession@3503e68e]
Transaction synchronization closing SqlSession [org.apache.ibatis.session.defaults.DefaultSqlSession@3503e68e]
Creating a new SqlSession
Registering transaction synchronization for SqlSession [org.apache.ibatis.session.defaults.DefaultSqlSession@589dd717]
JDBC Connection [HikariProxyConnection@314921369 wrapping com.mysql.cj.jdbc.ConnectionImpl@247d44b4] will be managed by Spring
==>  Preparing: SELECT id, username, email, password, created_at, avatar, is_deleted, last_update FROM `tb_user` WHERE username = ?
==> Parameters: StarGazer44(String)
<==    Columns: id, username, email, password, created_at, avatar, is_deleted, last_update
<==        Row: 29, StarGazer44, StarGazer44@test.com, ba7053d029b2afe4f8aadf35edb88048, 2024-11-12 21:23:06, null, 0, 2024-11-12 21:23:06
<==      Total: 1
Releasing transactional SqlSession [org.apache.ibatis.session.defaults.DefaultSqlSession@589dd717]
Transaction synchronization committing SqlSession [org.apache.ibatis.session.defaults.DefaultSqlSession@589dd717]
Transaction synchronization deregistering SqlSession [org.apache.ibatis.session.defaults.DefaultSqlSession@589dd717]
Transaction synchronization closing SqlSession [org.apache.ibatis.session.defaults.DefaultSqlSession@589dd717]
Creating a new SqlSession
Registering transaction synchronization for SqlSession [org.apache.ibatis.session.defaults.DefaultSqlSession@5565d718]
JDBC Connection [HikariProxyConnection@1891846203 wrapping com.mysql.cj.jdbc.ConnectionImpl@247d44b4] will be managed by Spring
==>  Preparing: SELECT id, username, email, password, created_at, avatar, is_deleted, last_update FROM `tb_user` WHERE username = ?
==> Parameters: CloudDrifter9(String)
<==    Columns: id, username, email, password, created_at, avatar, is_deleted, last_update
<==        Row: 30, CloudDrifter9, CloudDrifter9@test.com, cd80568fa704538b2ad12d1df5d3e666, 2024-11-12 21:23:06, null, 0, 2024-11-12 21:23:06
<==      Total: 1
Releasing transactional SqlSession [org.apache.ibatis.session.defaults.DefaultSqlSession@5565d718]
Transaction synchronization committing SqlSession [org.apache.ibatis.session.defaults.DefaultSqlSession@5565d718]
Transaction synchronization deregistering SqlSession [org.apache.ibatis.session.defaults.DefaultSqlSession@5565d718]
Transaction synchronization closing SqlSession [org.apache.ibatis.session.defaults.DefaultSqlSession@5565d718]
Creating a new SqlSession
Registering transaction synchronization for SqlSession [org.apache.ibatis.session.defaults.DefaultSqlSession@5ccc07ae]
JDBC Connection [HikariProxyConnection@1782795485 wrapping com.mysql.cj.jdbc.ConnectionImpl@247d44b4] will be managed by Spring
==>  Preparing: SELECT id, username, email, password, created_at, avatar, is_deleted, last_update FROM `tb_user` WHERE username = ?
==> Parameters: NightOwl666(String)
<==    Columns: id, username, email, password, created_at, avatar, is_deleted, last_update
<==        Row: 31, NightOwl666, NightOwl666@test.com, 10bc6b81dcf1c65740175df38664a554, 2024-11-12 21:23:06, null, 0, 2024-11-12 21:23:06
<==      Total: 1
Releasing transactional SqlSession [org.apache.ibatis.session.defaults.DefaultSqlSession@5ccc07ae]
Transaction synchronization committing SqlSession [org.apache.ibatis.session.defaults.DefaultSqlSession@5ccc07ae]
Transaction synchronization deregistering SqlSession [org.apache.ibatis.session.defaults.DefaultSqlSession@5ccc07ae]
Transaction synchronization closing SqlSession [org.apache.ibatis.session.defaults.DefaultSqlSession@5ccc07ae]
Creating a new SqlSession
Registering transaction synchronization for SqlSession [org.apache.ibatis.session.defaults.DefaultSqlSession@27df4dcb]
JDBC Connection [HikariProxyConnection@227072471 wrapping com.mysql.cj.jdbc.ConnectionImpl@247d44b4] will be managed by Spring
==>  Preparing: SELECT id, username, email, password, created_at, avatar, is_deleted, last_update FROM `tb_user` WHERE username = ?
==> Parameters: DayDreamer2(String)
<==    Columns: id, username, email, password, created_at, avatar, is_deleted, last_update
<==        Row: 32, DayDreamer2, DayDreamer2@test.com, fd8385bca7d0e64ee7317cf0f2ba9928, 2024-11-12 21:23:06, null, 0, 2024-11-12 21:23:06
<==      Total: 1
Releasing transactional SqlSession [org.apache.ibatis.session.defaults.DefaultSqlSession@27df4dcb]
Transaction synchronization committing SqlSession [org.apache.ibatis.session.defaults.DefaultSqlSession@27df4dcb]
Transaction synchronization deregistering SqlSession [org.apache.ibatis.session.defaults.DefaultSqlSession@27df4dcb]
Transaction synchronization closing SqlSession [org.apache.ibatis.session.defaults.DefaultSqlSession@27df4dcb]
Creating a new SqlSession
Registering transaction synchronization for SqlSession [org.apache.ibatis.session.defaults.DefaultSqlSession@4acae4c7]
JDBC Connection [HikariProxyConnection@666871167 wrapping com.mysql.cj.jdbc.ConnectionImpl@247d44b4] will be managed by Spring
==>  Preparing: SELECT id, username, email, password, created_at, avatar, is_deleted, last_update FROM `tb_user` WHERE username = ?
==> Parameters: WaveRunner15(String)
<==    Columns: id, username, email, password, created_at, avatar, is_deleted, last_update
<==        Row: 33, WaveRunner15, WaveRunner15@test.com, 9c97ba5a72e51474ea8e8397420f3acf, 2024-11-12 21:23:06, null, 0, 2024-11-12 21:23:06
<==      Total: 1
Releasing transactional SqlSession [org.apache.ibatis.session.defaults.DefaultSqlSession@4acae4c7]
Transaction synchronization committing SqlSession [org.apache.ibatis.session.defaults.DefaultSqlSession@4acae4c7]
Transaction synchronization deregistering SqlSession [org.apache.ibatis.session.defaults.DefaultSqlSession@4acae4c7]
Transaction synchronization closing SqlSession [org.apache.ibatis.session.defaults.DefaultSqlSession@4acae4c7]
Creating a new SqlSession
Registering transaction synchronization for SqlSession [org.apache.ibatis.session.defaults.DefaultSqlSession@24c4370a]
JDBC Connection [HikariProxyConnection@1101227375 wrapping com.mysql.cj.jdbc.ConnectionImpl@247d44b4] will be managed by Spring
==>  Preparing: SELECT id, username, email, password, created_at, avatar, is_deleted, last_update FROM `tb_user` WHERE username = ?
==> Parameters: ForestNymph3(String)
<==    Columns: id, username, email, password, created_at, avatar, is_deleted, last_update
<==        Row: 34, ForestNymph3, ForestNymph3@test.com, ccf9af64773b20a55a506032604ba92b, 2024-11-12 21:23:06, null, 0, 2024-11-12 21:23:06
<==      Total: 1
Releasing transactional SqlSession [org.apache.ibatis.session.defaults.DefaultSqlSession@24c4370a]
Transaction synchronization committing SqlSession [org.apache.ibatis.session.defaults.DefaultSqlSession@24c4370a]
Transaction synchronization deregistering SqlSession [org.apache.ibatis.session.defaults.DefaultSqlSession@24c4370a]
Transaction synchronization closing SqlSession [org.apache.ibatis.session.defaults.DefaultSqlSession@24c4370a]
Creating a new SqlSession
Registering transaction synchronization for SqlSession [org.apache.ibatis.session.defaults.DefaultSqlSession@557fe039]
JDBC Connection [HikariProxyConnection@2043658248 wrapping com.mysql.cj.jdbc.ConnectionImpl@247d44b4] will be managed by Spring
==>  Preparing: SELECT id, username, email, password, created_at, avatar, is_deleted, last_update FROM `tb_user` WHERE username = ?
==> Parameters: RockStar88(String)
<==    Columns: id, username, email, password, created_at, avatar, is_deleted, last_update
<==        Row: 35, RockStar88, RockStar88@test.com, eb4446170e09b44b79ec0444ba61d3ce, 2024-11-12 21:23:06, null, 0, 2024-11-12 21:23:06
<==      Total: 1
Releasing transactional SqlSession [org.apache.ibatis.session.defaults.DefaultSqlSession@557fe039]
Transaction synchronization committing SqlSession [org.apache.ibatis.session.defaults.DefaultSqlSession@557fe039]
Transaction synchronization deregistering SqlSession [org.apache.ibatis.session.defaults.DefaultSqlSession@557fe039]
Transaction synchronization closing SqlSession [org.apache.ibatis.session.defaults.DefaultSqlSession@557fe039]
Creating a new SqlSession
Registering transaction synchronization for SqlSession [org.apache.ibatis.session.defaults.DefaultSqlSession@3470c771]
JDBC Connection [HikariProxyConnection@2061802834 wrapping com.mysql.cj.jdbc.ConnectionImpl@247d44b4] will be managed by Spring
==>  Preparing: SELECT id, username, email, password, created_at, avatar, is_deleted, last_update FROM `tb_user` WHERE username = ?
==> Parameters: IceCrystal4(String)
<==    Columns: id, username, email, password, created_at, avatar, is_deleted, last_update
<==        Row: 36, IceCrystal4, IceCrystal4@test.com, 11e2663f9761458cd042bfcf9a0952b6, 2024-11-12 21:23:06, null, 0, 2024-11-12 21:23:06
<==      Total: 1
Releasing transactional SqlSession [org.apache.ibatis.session.defaults.DefaultSqlSession@3470c771]
Transaction synchronization committing SqlSession [org.apache.ibatis.session.defaults.DefaultSqlSession@3470c771]
Transaction synchronization deregistering SqlSession [org.apache.ibatis.session.defaults.DefaultSqlSession@3470c771]
Transaction synchronization closing SqlSession [org.apache.ibatis.session.defaults.DefaultSqlSession@3470c771]
Creating a new SqlSession
Registering transaction synchronization for SqlSession [org.apache.ibatis.session.defaults.DefaultSqlSession@72161dbb]
JDBC Connection [HikariProxyConnection@924483541 wrapping com.mysql.cj.jdbc.ConnectionImpl@247d44b4] will be managed by Spring
==>  Preparing: SELECT id, username, email, password, created_at, avatar, is_deleted, last_update FROM `tb_user` WHERE username = ?
==> Parameters: FireBall999(String)
<==    Columns: id, username, email, password, created_at, avatar, is_deleted, last_update
<==        Row: 37, FireBall999, FireBall999@test.com, 1a0c95021f0d60023ab87e3b5fa9053e, 2024-11-12 21:23:06, null, 0, 2024-11-12 21:23:06
<==      Total: 1
Releasing transactional SqlSession [org.apache.ibatis.session.defaults.DefaultSqlSession@72161dbb]
Transaction synchronization committing SqlSession [org.apache.ibatis.session.defaults.DefaultSqlSession@72161dbb]
Transaction synchronization deregistering SqlSession [org.apache.ibatis.session.defaults.DefaultSqlSession@72161dbb]
Transaction synchronization closing SqlSession [org.apache.ibatis.session.defaults.DefaultSqlSession@72161dbb]
Creating a new SqlSession
Registering transaction synchronization for SqlSession [org.apache.ibatis.session.defaults.DefaultSqlSession@4df8f4e9]
JDBC Connection [HikariProxyConnection@319123198 wrapping com.mysql.cj.jdbc.ConnectionImpl@247d44b4] will be managed by Spring
==>  Preparing: SELECT id, username, email, password, created_at, avatar, is_deleted, last_update FROM `tb_user` WHERE username = ?
==> Parameters: WindSong12(String)
<==    Columns: id, username, email, password, created_at, avatar, is_deleted, last_update
<==        Row: 38, WindSong12, WindSong12@test.com, 665a161cc99c9f35265b011f4b7a2918, 2024-11-12 21:23:06, null, 0, 2024-11-12 21:23:06
<==      Total: 1
Releasing transactional SqlSession [org.apache.ibatis.session.defaults.DefaultSqlSession@4df8f4e9]
Transaction synchronization committing SqlSession [org.apache.ibatis.session.defaults.DefaultSqlSession@4df8f4e9]
Transaction synchronization deregistering SqlSession [org.apache.ibatis.session.defaults.DefaultSqlSession@4df8f4e9]
Transaction synchronization closing SqlSession [org.apache.ibatis.session.defaults.DefaultSqlSession@4df8f4e9]
Creating a new SqlSession
Registering transaction synchronization for SqlSession [org.apache.ibatis.session.defaults.DefaultSqlSession@184b24d4]
JDBC Connection [HikariProxyConnection@2109828403 wrapping com.mysql.cj.jdbc.ConnectionImpl@247d44b4] will be managed by Spring
==>  Preparing: SELECT id, username, email, password, created_at, avatar, is_deleted, last_update FROM `tb_user` WHERE username = ?
==> Parameters: EarthQuake7(String)
<==    Columns: id, username, email, password, created_at, avatar, is_deleted, last_update
<==        Row: 39, EarthQuake7, EarthQuake7@test.com, bc6a2dbecf71d3e58c3198f76ec981fb, 2024-11-12 21:23:06, null, 0, 2024-11-12 21:23:06
<==      Total: 1
Releasing transactional SqlSession [org.apache.ibatis.session.defaults.DefaultSqlSession@184b24d4]
Transaction synchronization committing SqlSession [org.apache.ibatis.session.defaults.DefaultSqlSession@184b24d4]
Transaction synchronization deregistering SqlSession [org.apache.ibatis.session.defaults.DefaultSqlSession@184b24d4]
Transaction synchronization closing SqlSession [org.apache.ibatis.session.defaults.DefaultSqlSession@184b24d4]
Creating a new SqlSession
Registering transaction synchronization for SqlSession [org.apache.ibatis.session.defaults.DefaultSqlSession@58397dee]
JDBC Connection [HikariProxyConnection@935001848 wrapping com.mysql.cj.jdbc.ConnectionImpl@247d44b4] will be managed by Spring
==>  Preparing: SELECT id, username, email, password, created_at, avatar, is_deleted, last_update FROM `tb_user` WHERE username = ?
==> Parameters: LightSpeed56(String)
<==    Columns: id, username, email, password, created_at, avatar, is_deleted, last_update
<==        Row: 40, LightSpeed56, LightSpeed56@test.com, c1ffbf2bcd3595c501591368aeeb0f5b, 2024-11-12 21:23:06, null, 0, 2024-11-12 21:23:06
<==      Total: 1
Releasing transactional SqlSession [org.apache.ibatis.session.defaults.DefaultSqlSession@58397dee]
Transaction synchronization committing SqlSession [org.apache.ibatis.session.defaults.DefaultSqlSession@58397dee]
Transaction synchronization deregistering SqlSession [org.apache.ibatis.session.defaults.DefaultSqlSession@58397dee]
Transaction synchronization closing SqlSession [org.apache.ibatis.session.defaults.DefaultSqlSession@58397dee]
Creating a new SqlSession
Registering transaction synchronization for SqlSession [org.apache.ibatis.session.defaults.DefaultSqlSession@11636d43]
JDBC Connection [HikariProxyConnection@362157351 wrapping com.mysql.cj.jdbc.ConnectionImpl@247d44b4] will be managed by Spring
==>  Preparing: SELECT id, username, email, password, created_at, avatar, is_deleted, last_update FROM `tb_user` WHERE username = ?
==> Parameters: DarkKnight23(String)
<==    Columns: id, username, email, password, created_at, avatar, is_deleted, last_update
<==        Row: 41, DarkKnight23, DarkKnight23@test.com, baf087cfb6c6d485cdde680bfa604aef, 2024-11-12 21:23:06, null, 0, 2024-11-12 21:23:06
<==      Total: 1
Releasing transactional SqlSession [org.apache.ibatis.session.defaults.DefaultSqlSession@11636d43]
Transaction synchronization committing SqlSession [org.apache.ibatis.session.defaults.DefaultSqlSession@11636d43]
Transaction synchronization deregistering SqlSession [org.apache.ibatis.session.defaults.DefaultSqlSession@11636d43]
Transaction synchronization closing SqlSession [org.apache.ibatis.session.defaults.DefaultSqlSession@11636d43]
Creating a new SqlSession
Registering transaction synchronization for SqlSession [org.apache.ibatis.session.defaults.DefaultSqlSession@28b36817]
JDBC Connection [HikariProxyConnection@595480281 wrapping com.mysql.cj.jdbc.ConnectionImpl@247d44b4] will be managed by Spring
==>  Preparing: SELECT id, username, email, password, created_at, avatar, is_deleted, last_update FROM `tb_user` WHERE username = ?
==> Parameters: SeaBreeze88(String)
<==    Columns: id, username, email, password, created_at, avatar, is_deleted, last_update
<==        Row: 42, SeaBreeze88, SeaBreeze88@test.com, 64c57ee6ddb17d44d219c0872d4a0abf, 2024-11-12 21:23:06, null, 0, 2024-11-12 21:23:06
<==      Total: 1
Releasing transactional SqlSession [org.apache.ibatis.session.defaults.DefaultSqlSession@28b36817]
Transaction synchronization committing SqlSession [org.apache.ibatis.session.defaults.DefaultSqlSession@28b36817]
Transaction synchronization deregistering SqlSession [org.apache.ibatis.session.defaults.DefaultSqlSession@28b36817]
Transaction synchronization closing SqlSession [org.apache.ibatis.session.defaults.DefaultSqlSession@28b36817]
Creating a new SqlSession
Registering transaction synchronization for SqlSession [org.apache.ibatis.session.defaults.DefaultSqlSession@322f6283]
JDBC Connection [HikariProxyConnection@1196869875 wrapping com.mysql.cj.jdbc.ConnectionImpl@247d44b4] will be managed by Spring
==>  Preparing: SELECT id, username, email, password, created_at, avatar, is_deleted, last_update FROM `tb_user` WHERE username = ?
==> Parameters: MountainMan4(String)
<==    Columns: id, username, email, password, created_at, avatar, is_deleted, last_update
<==        Row: 43, MountainMan4, MountainMan4@test.com, 51414db24dde0927a0a2de67a01e422e, 2024-11-12 21:23:06, null, 0, 2024-11-12 21:23:06
<==      Total: 1
Releasing transactional SqlSession [org.apache.ibatis.session.defaults.DefaultSqlSession@322f6283]
Transaction synchronization committing SqlSession [org.apache.ibatis.session.defaults.DefaultSqlSession@322f6283]
Transaction synchronization deregistering SqlSession [org.apache.ibatis.session.defaults.DefaultSqlSession@322f6283]
Transaction synchronization closing SqlSession [org.apache.ibatis.session.defaults.DefaultSqlSession@322f6283]
Creating a new SqlSession
Registering transaction synchronization for SqlSession [org.apache.ibatis.session.defaults.DefaultSqlSession@75bbeb89]
JDBC Connection [HikariProxyConnection@1746642787 wrapping com.mysql.cj.jdbc.ConnectionImpl@247d44b4] will be managed by Spring
==>  Preparing: SELECT id, username, email, password, created_at, avatar, is_deleted, last_update FROM `tb_user` WHERE username = ?
==> Parameters: SpaceWalker1(String)
<==    Columns: id, username, email, password, created_at, avatar, is_deleted, last_update
<==        Row: 44, SpaceWalker1, SpaceWalker1@test.com, 107b08acb02e0989240d37b886776def, 2024-11-12 21:23:06, null, 0, 2024-11-12 21:23:06
<==      Total: 1
Releasing transactional SqlSession [org.apache.ibatis.session.defaults.DefaultSqlSession@75bbeb89]
Transaction synchronization committing SqlSession [org.apache.ibatis.session.defaults.DefaultSqlSession@75bbeb89]
Transaction synchronization deregistering SqlSession [org.apache.ibatis.session.defaults.DefaultSqlSession@75bbeb89]
Transaction synchronization closing SqlSession [org.apache.ibatis.session.defaults.DefaultSqlSession@75bbeb89]
Creating a new SqlSession
Registering transaction synchronization for SqlSession [org.apache.ibatis.session.defaults.DefaultSqlSession@33012e6f]
JDBC Connection [HikariProxyConnection@1082580995 wrapping com.mysql.cj.jdbc.ConnectionImpl@247d44b4] will be managed by Spring
==>  Preparing: SELECT id, username, email, password, created_at, avatar, is_deleted, last_update FROM `tb_user` WHERE username = ?
==> Parameters: RainBowDash0(String)
<==    Columns: id, username, email, password, created_at, avatar, is_deleted, last_update
<==        Row: 45, RainBowDash0, RainBowDash0@test.com, 51dcd8a5151598c6a7ddcf8ac216461a, 2024-11-12 21:23:06, null, 0, 2024-11-12 21:23:06
<==      Total: 1
Releasing transactional SqlSession [org.apache.ibatis.session.defaults.DefaultSqlSession@33012e6f]
Transaction synchronization committing SqlSession [org.apache.ibatis.session.defaults.DefaultSqlSession@33012e6f]
Transaction synchronization deregistering SqlSession [org.apache.ibatis.session.defaults.DefaultSqlSession@33012e6f]
Transaction synchronization closing SqlSession [org.apache.ibatis.session.defaults.DefaultSqlSession@33012e6f]
Creating a new SqlSession
Registering transaction synchronization for SqlSession [org.apache.ibatis.session.defaults.DefaultSqlSession@33c590]
JDBC Connection [HikariProxyConnection@422881217 wrapping com.mysql.cj.jdbc.ConnectionImpl@247d44b4] will be managed by Spring
==>  Preparing: SELECT id, username, email, password, created_at, avatar, is_deleted, last_update FROM `tb_user` WHERE username = ?
==> Parameters: SnowLeopard7(String)
<==    Columns: id, username, email, password, created_at, avatar, is_deleted, last_update
<==        Row: 46, SnowLeopard7, SnowLeopard7@test.com, 29ff3c8f5b16101935d80389d014ff37, 2024-11-12 21:23:06, null, 0, 2024-11-12 21:23:06
<==      Total: 1
Releasing transactional SqlSession [org.apache.ibatis.session.defaults.DefaultSqlSession@33c590]
Transaction synchronization committing SqlSession [org.apache.ibatis.session.defaults.DefaultSqlSession@33c590]
Transaction synchronization deregistering SqlSession [org.apache.ibatis.session.defaults.DefaultSqlSession@33c590]
Transaction synchronization closing SqlSession [org.apache.ibatis.session.defaults.DefaultSqlSession@33c590]
Creating a new SqlSession
Registering transaction synchronization for SqlSession [org.apache.ibatis.session.defaults.DefaultSqlSession@621c7b91]
JDBC Connection [HikariProxyConnection@503902413 wrapping com.mysql.cj.jdbc.ConnectionImpl@247d44b4] will be managed by Spring
==>  Preparing: SELECT id, username, email, password, created_at, avatar, is_deleted, last_update FROM `tb_user` WHERE username = ?
==> Parameters: SunFlower33(String)
<==    Columns: id, username, email, password, created_at, avatar, is_deleted, last_update
<==        Row: 47, SunFlower33, SunFlower33@test.com, aa470f1d00a4e8a1093793adf3275946, 2024-11-12 21:23:06, null, 0, 2024-11-12 21:23:06
<==      Total: 1
Releasing transactional SqlSession [org.apache.ibatis.session.defaults.DefaultSqlSession@621c7b91]
Transaction synchronization committing SqlSession [org.apache.ibatis.session.defaults.DefaultSqlSession@621c7b91]
Transaction synchronization deregistering SqlSession [org.apache.ibatis.session.defaults.DefaultSqlSession@621c7b91]
Transaction synchronization closing SqlSession [org.apache.ibatis.session.defaults.DefaultSqlSession@621c7b91]
Creating a new SqlSession
Registering transaction synchronization for SqlSession [org.apache.ibatis.session.defaults.DefaultSqlSession@ab7ac41]
JDBC Connection [HikariProxyConnection@50421901 wrapping com.mysql.cj.jdbc.ConnectionImpl@247d44b4] will be managed by Spring
==>  Preparing: SELECT id, username, email, password, created_at, avatar, is_deleted, last_update FROM `tb_user` WHERE username = ?
==> Parameters: StarBurst99(String)
<==    Columns: id, username, email, password, created_at, avatar, is_deleted, last_update
<==        Row: 48, StarBurst99, StarBurst99@test.com, 24635ee1a685d37dc1e21c070ef23d1b, 2024-11-12 21:23:06, null, 0, 2024-11-12 21:23:06
<==      Total: 1
Releasing transactional SqlSession [org.apache.ibatis.session.defaults.DefaultSqlSession@ab7ac41]
Transaction synchronization committing SqlSession [org.apache.ibatis.session.defaults.DefaultSqlSession@ab7ac41]
Transaction synchronization deregistering SqlSession [org.apache.ibatis.session.defaults.DefaultSqlSession@ab7ac41]
Transaction synchronization closing SqlSession [org.apache.ibatis.session.defaults.DefaultSqlSession@ab7ac41]
Creating a new SqlSession
Registering transaction synchronization for SqlSession [org.apache.ibatis.session.defaults.DefaultSqlSession@bd8f424]
JDBC Connection [HikariProxyConnection@1778824052 wrapping com.mysql.cj.jdbc.ConnectionImpl@247d44b4] will be managed by Spring
==>  Preparing: SELECT id, username, email, password, created_at, avatar, is_deleted, last_update FROM `tb_user` WHERE username = ?
==> Parameters: CloudPuff55(String)
<==    Columns: id, username, email, password, created_at, avatar, is_deleted, last_update
<==        Row: 49, CloudPuff55, CloudPuff55@test.com, f0644811b01b0a95d8f8325f8afa97ba, 2024-11-12 21:23:06, null, 0, 2024-11-12 21:23:06
<==      Total: 1
Releasing transactional SqlSession [org.apache.ibatis.session.defaults.DefaultSqlSession@bd8f424]
Transaction synchronization committing SqlSession [org.apache.ibatis.session.defaults.DefaultSqlSession@bd8f424]
Transaction synchronization deregistering SqlSession [org.apache.ibatis.session.defaults.DefaultSqlSession@bd8f424]
Transaction synchronization closing SqlSession [org.apache.ibatis.session.defaults.DefaultSqlSession@bd8f424]
Creating a new SqlSession
Registering transaction synchronization for SqlSession [org.apache.ibatis.session.defaults.DefaultSqlSession@4e739968]
JDBC Connection [HikariProxyConnection@781204585 wrapping com.mysql.cj.jdbc.ConnectionImpl@247d44b4] will be managed by Spring
==>  Preparing: SELECT id, username, email, password, created_at, avatar, is_deleted, last_update FROM `tb_user` WHERE username = ?
==> Parameters: NightMare66(String)
<==    Columns: id, username, email, password, created_at, avatar, is_deleted, last_update
<==        Row: 50, NightMare66, NightMare66@test.com, ef8ba716ef47bc29a13ab880c50918b1, 2024-11-12 21:23:06, null, 0, 2024-11-12 21:23:06
<==      Total: 1
Releasing transactional SqlSession [org.apache.ibatis.session.defaults.DefaultSqlSession@4e739968]
Transaction synchronization committing SqlSession [org.apache.ibatis.session.defaults.DefaultSqlSession@4e739968]
Transaction synchronization deregistering SqlSession [org.apache.ibatis.session.defaults.DefaultSqlSession@4e739968]
Transaction synchronization closing SqlSession [org.apache.ibatis.session.defaults.DefaultSqlSession@4e739968]
Creating a new SqlSession
Registering transaction synchronization for SqlSession [org.apache.ibatis.session.defaults.DefaultSqlSession@4f290f46]
JDBC Connection [HikariProxyConnection@77741033 wrapping com.mysql.cj.jdbc.ConnectionImpl@247d44b4] will be managed by Spring
==>  Preparing: SELECT id, username, email, password, created_at, avatar, is_deleted, last_update FROM `tb_user` WHERE username = ?
==> Parameters: DayBreaker22(String)
<==    Columns: id, username, email, password, created_at, avatar, is_deleted, last_update
<==        Row: 51, DayBreaker22, DayBreaker22@test.com, be8b496de6257db090e9b9e216ff3a97, 2024-11-12 21:23:06, null, 0, 2024-11-12 21:23:06
<==      Total: 1
Releasing transactional SqlSession [org.apache.ibatis.session.defaults.DefaultSqlSession@4f290f46]
Transaction synchronization committing SqlSession [org.apache.ibatis.session.defaults.DefaultSqlSession@4f290f46]
Transaction synchronization deregistering SqlSession [org.apache.ibatis.session.defaults.DefaultSqlSession@4f290f46]
Transaction synchronization closing SqlSession [org.apache.ibatis.session.defaults.DefaultSqlSession@4f290f46]
Creating a new SqlSession
Registering transaction synchronization for SqlSession [org.apache.ibatis.session.defaults.DefaultSqlSession@5d96b0f]
JDBC Connection [HikariProxyConnection@1247358242 wrapping com.mysql.cj.jdbc.ConnectionImpl@247d44b4] will be managed by Spring
==>  Preparing: SELECT id, username, email, password, created_at, avatar, is_deleted, last_update FROM `tb_user` WHERE username = ?
==> Parameters: WaveCrasher1(String)
<==    Columns: id, username, email, password, created_at, avatar, is_deleted, last_update
<==        Row: 52, WaveCrasher1, WaveCrasher1@test.com, e68bc9b6bf3e95c59ed5453cf70ee2d8, 2024-11-12 21:23:06, null, 0, 2024-11-12 21:23:06
<==      Total: 1
Releasing transactional SqlSession [org.apache.ibatis.session.defaults.DefaultSqlSession@5d96b0f]
Transaction synchronization committing SqlSession [org.apache.ibatis.session.defaults.DefaultSqlSession@5d96b0f]
Transaction synchronization deregistering SqlSession [org.apache.ibatis.session.defaults.DefaultSqlSession@5d96b0f]
Transaction synchronization closing SqlSession [org.apache.ibatis.session.defaults.DefaultSqlSession@5d96b0f]
Creating a new SqlSession
Registering transaction synchronization for SqlSession [org.apache.ibatis.session.defaults.DefaultSqlSession@6e48b9ed]
JDBC Connection [HikariProxyConnection@1004438960 wrapping com.mysql.cj.jdbc.ConnectionImpl@247d44b4] will be managed by Spring
==>  Preparing: SELECT id, username, email, password, created_at, avatar, is_deleted, last_update FROM `tb_user` WHERE username = ?
==> Parameters: ForestGuard3(String)
<==    Columns: id, username, email, password, created_at, avatar, is_deleted, last_update
<==        Row: 53, ForestGuard3, ForestGuard3@test.com, e372ee2249cf149d152bc990e9e4af83, 2024-11-12 21:23:06, null, 0, 2024-11-12 21:23:06
<==      Total: 1
Releasing transactional SqlSession [org.apache.ibatis.session.defaults.DefaultSqlSession@6e48b9ed]
Transaction synchronization committing SqlSession [org.apache.ibatis.session.defaults.DefaultSqlSession@6e48b9ed]
Transaction synchronization deregistering SqlSession [org.apache.ibatis.session.defaults.DefaultSqlSession@6e48b9ed]
Transaction synchronization closing SqlSession [org.apache.ibatis.session.defaults.DefaultSqlSession@6e48b9ed]
Creating a new SqlSession
Registering transaction synchronization for SqlSession [org.apache.ibatis.session.defaults.DefaultSqlSession@9930ff6]
JDBC Connection [HikariProxyConnection@317455462 wrapping com.mysql.cj.jdbc.ConnectionImpl@247d44b4] will be managed by Spring
==>  Preparing: SELECT id, username, email, password, created_at, avatar, is_deleted, last_update FROM `tb_user` WHERE username = ?
==> Parameters: RockClimber8(String)
<==    Columns: id, username, email, password, created_at, avatar, is_deleted, last_update
<==        Row: 54, RockClimber8, RockClimber8@test.com, 6a754585b54007a28c920854aded1681, 2024-11-12 21:23:06, null, 0, 2024-11-12 21:23:06
<==      Total: 1
Releasing transactional SqlSession [org.apache.ibatis.session.defaults.DefaultSqlSession@9930ff6]
Transaction synchronization committing SqlSession [org.apache.ibatis.session.defaults.DefaultSqlSession@9930ff6]
Transaction synchronization deregistering SqlSession [org.apache.ibatis.session.defaults.DefaultSqlSession@9930ff6]
Transaction synchronization closing SqlSession [org.apache.ibatis.session.defaults.DefaultSqlSession@9930ff6]
Creating a new SqlSession
Registering transaction synchronization for SqlSession [org.apache.ibatis.session.defaults.DefaultSqlSession@5b1dd206]
JDBC Connection [HikariProxyConnection@1935744955 wrapping com.mysql.cj.jdbc.ConnectionImpl@247d44b4] will be managed by Spring
==>  Preparing: SELECT id, username, email, password, created_at, avatar, is_deleted, last_update FROM `tb_user` WHERE username = ?
==> Parameters: IceDragon44(String)
<==    Columns: id, username, email, password, created_at, avatar, is_deleted, last_update
<==        Row: 55, IceDragon44, IceDragon44@test.com, 5479ccb554236c4b68c0ad94f2cde85e, 2024-11-12 21:23:06, null, 0, 2024-11-12 21:23:06
<==      Total: 1
Releasing transactional SqlSession [org.apache.ibatis.session.defaults.DefaultSqlSession@5b1dd206]
Transaction synchronization committing SqlSession [org.apache.ibatis.session.defaults.DefaultSqlSession@5b1dd206]
Transaction synchronization deregistering SqlSession [org.apache.ibatis.session.defaults.DefaultSqlSession@5b1dd206]
Transaction synchronization closing SqlSession [org.apache.ibatis.session.defaults.DefaultSqlSession@5b1dd206]
Creating a new SqlSession
Registering transaction synchronization for SqlSession [org.apache.ibatis.session.defaults.DefaultSqlSession@8374911]
JDBC Connection [HikariProxyConnection@1795860311 wrapping com.mysql.cj.jdbc.ConnectionImpl@247d44b4] will be managed by Spring
==>  Preparing: SELECT id, username, email, password, created_at, avatar, is_deleted, last_update FROM `tb_user` WHERE username = ?
==> Parameters: FireFlyer9(String)
<==    Columns: id, username, email, password, created_at, avatar, is_deleted, last_update
<==        Row: 56, FireFlyer9, FireFlyer9@test.com, bb4fdccf1712ec2c6bf0b098aeac712b, 2024-11-12 21:23:06, null, 0, 2024-11-12 21:23:06
<==      Total: 1
Releasing transactional SqlSession [org.apache.ibatis.session.defaults.DefaultSqlSession@8374911]
Transaction synchronization committing SqlSession [org.apache.ibatis.session.defaults.DefaultSqlSession@8374911]
Transaction synchronization deregistering SqlSession [org.apache.ibatis.session.defaults.DefaultSqlSession@8374911]
Transaction synchronization closing SqlSession [org.apache.ibatis.session.defaults.DefaultSqlSession@8374911]
Creating a new SqlSession
Registering transaction synchronization for SqlSession [org.apache.ibatis.session.defaults.DefaultSqlSession@1d0695da]
JDBC Connection [HikariProxyConnection@1558931350 wrapping com.mysql.cj.jdbc.ConnectionImpl@247d44b4] will be managed by Spring
==>  Preparing: SELECT id, username, email, password, created_at, avatar, is_deleted, last_update FROM `tb_user` WHERE username = ?
==> Parameters: WindChaser18(String)
<==    Columns: id, username, email, password, created_at, avatar, is_deleted, last_update
<==        Row: 57, WindChaser18, WindChaser18@test.com, 22eae215c63f603592ba10bbdbafa973, 2024-11-12 21:23:06, null, 0, 2024-11-12 21:23:06
<==      Total: 1
Releasing transactional SqlSession [org.apache.ibatis.session.defaults.DefaultSqlSession@1d0695da]
Transaction synchronization committing SqlSession [org.apache.ibatis.session.defaults.DefaultSqlSession@1d0695da]
Transaction synchronization deregistering SqlSession [org.apache.ibatis.session.defaults.DefaultSqlSession@1d0695da]
Transaction synchronization closing SqlSession [org.apache.ibatis.session.defaults.DefaultSqlSession@1d0695da]
Creating a new SqlSession
Registering transaction synchronization for SqlSession [org.apache.ibatis.session.defaults.DefaultSqlSession@3208e15]
JDBC Connection [HikariProxyConnection@1291424387 wrapping com.mysql.cj.jdbc.ConnectionImpl@247d44b4] will be managed by Spring
==>  Preparing: SELECT id, username, email, password, created_at, avatar, is_deleted, last_update FROM `tb_user` WHERE username = ?
==> Parameters: EarthShaker77(String)
<==    Columns: id, username, email, password, created_at, avatar, is_deleted, last_update
<==        Row: 58, EarthShaker77, EarthShaker77@test.com, 7b09603bb8ef2e129079517b2d7e2188, 2024-11-12 21:23:06, null, 0, 2024-11-12 21:23:06
<==      Total: 1
Releasing transactional SqlSession [org.apache.ibatis.session.defaults.DefaultSqlSession@3208e15]
Transaction synchronization committing SqlSession [org.apache.ibatis.session.defaults.DefaultSqlSession@3208e15]
Transaction synchronization deregistering SqlSession [org.apache.ibatis.session.defaults.DefaultSqlSession@3208e15]
Transaction synchronization closing SqlSession [org.apache.ibatis.session.defaults.DefaultSqlSession@3208e15]
Creating a new SqlSession
Registering transaction synchronization for SqlSession [org.apache.ibatis.session.defaults.DefaultSqlSession@6a9861de]
JDBC Connection [HikariProxyConnection@1837552045 wrapping com.mysql.cj.jdbc.ConnectionImpl@247d44b4] will be managed by Spring
==>  Preparing: SELECT id, username, email, password, created_at, avatar, is_deleted, last_update FROM `tb_user` WHERE username = ?
==> Parameters: LightningBolt6(String)
<==    Columns: id, username, email, password, created_at, avatar, is_deleted, last_update
<==        Row: 59, LightningBolt6, LightningBolt6@test.com, 36ee2e919799d3a6840e880aa7f8bdb2, 2024-11-12 21:23:06, null, 0, 2024-11-12 21:23:06
<==      Total: 1
Releasing transactional SqlSession [org.apache.ibatis.session.defaults.DefaultSqlSession@6a9861de]
Transaction synchronization committing SqlSession [org.apache.ibatis.session.defaults.DefaultSqlSession@6a9861de]
Transaction synchronization deregistering SqlSession [org.apache.ibatis.session.defaults.DefaultSqlSession@6a9861de]
Transaction synchronization closing SqlSession [org.apache.ibatis.session.defaults.DefaultSqlSession@6a9861de]
Creating a new SqlSession
Registering transaction synchronization for SqlSession [org.apache.ibatis.session.defaults.DefaultSqlSession@51b1732d]
JDBC Connection [HikariProxyConnection@1046906691 wrapping com.mysql.cj.jdbc.ConnectionImpl@247d44b4] will be managed by Spring
==>  Preparing: SELECT id, username, email, password, created_at, avatar, is_deleted, last_update FROM `tb_user` WHERE username = ?
==> Parameters: DarkAngel2(String)
<==    Columns: id, username, email, password, created_at, avatar, is_deleted, last_update
<==        Row: 60, DarkAngel2, DarkAngel2@test.com, 965c3d4ddd4796baf3a296c52c6f0e3e, 2024-11-12 21:23:06, null, 0, 2024-11-12 21:23:06
<==      Total: 1
Releasing transactional SqlSession [org.apache.ibatis.session.defaults.DefaultSqlSession@51b1732d]
Transaction synchronization committing SqlSession [org.apache.ibatis.session.defaults.DefaultSqlSession@51b1732d]
Transaction synchronization deregistering SqlSession [org.apache.ibatis.session.defaults.DefaultSqlSession@51b1732d]
Transaction synchronization closing SqlSession [org.apache.ibatis.session.defaults.DefaultSqlSession@51b1732d]
Creating a new SqlSession
Registering transaction synchronization for SqlSession [org.apache.ibatis.session.defaults.DefaultSqlSession@6fca831e]
JDBC Connection [HikariProxyConnection@833688199 wrapping com.mysql.cj.jdbc.ConnectionImpl@247d44b4] will be managed by Spring
==>  Preparing: SELECT id, username, email, password, created_at, avatar, is_deleted, last_update FROM `tb_user` WHERE username = ?
==> Parameters: SeaTurtle88(String)
<==    Columns: id, username, email, password, created_at, avatar, is_deleted, last_update
<==        Row: 61, SeaTurtle88, SeaTurtle88@test.com, 374a119402b5caf33383450d625385d3, 2024-11-12 21:23:06, null, 0, 2024-11-12 21:23:06
<==      Total: 1
Releasing transactional SqlSession [org.apache.ibatis.session.defaults.DefaultSqlSession@6fca831e]
Transaction synchronization committing SqlSession [org.apache.ibatis.session.defaults.DefaultSqlSession@6fca831e]
Transaction synchronization deregistering SqlSession [org.apache.ibatis.session.defaults.DefaultSqlSession@6fca831e]
Transaction synchronization closing SqlSession [org.apache.ibatis.session.defaults.DefaultSqlSession@6fca831e]
Creating a new SqlSession
Registering transaction synchronization for SqlSession [org.apache.ibatis.session.defaults.DefaultSqlSession@7aa4ef24]
JDBC Connection [HikariProxyConnection@1189861498 wrapping com.mysql.cj.jdbc.ConnectionImpl@247d44b4] will be managed by Spring
==>  Preparing: SELECT id, username, email, password, created_at, avatar, is_deleted, last_update FROM `tb_user` WHERE username = ?
==> Parameters: MountainKing4(String)
<==    Columns: id, username, email, password, created_at, avatar, is_deleted, last_update
<==        Row: 62, MountainKing4, MountainKing4@test.com, a4e716632e38c50815f401e0e13ea389, 2024-11-12 21:23:06, null, 0, 2024-11-12 21:23:06
<==      Total: 1
Releasing transactional SqlSession [org.apache.ibatis.session.defaults.DefaultSqlSession@7aa4ef24]
Transaction synchronization committing SqlSession [org.apache.ibatis.session.defaults.DefaultSqlSession@7aa4ef24]
Transaction synchronization deregistering SqlSession [org.apache.ibatis.session.defaults.DefaultSqlSession@7aa4ef24]
Transaction synchronization closing SqlSession [org.apache.ibatis.session.defaults.DefaultSqlSession@7aa4ef24]
Creating a new SqlSession
Registering transaction synchronization for SqlSession [org.apache.ibatis.session.defaults.DefaultSqlSession@30be77cd]
JDBC Connection [HikariProxyConnection@1769597368 wrapping com.mysql.cj.jdbc.ConnectionImpl@247d44b4] will be managed by Spring
==>  Preparing: SELECT id, username, email, password, created_at, avatar, is_deleted, last_update FROM `tb_user` WHERE username = ?
==> Parameters: SpaceAce11(String)
<==    Columns: id, username, email, password, created_at, avatar, is_deleted, last_update
<==        Row: 63, SpaceAce11, SpaceAce11@test.com, fb33d5ff57ac1664734b4f0dbc61bc0a, 2024-11-12 21:23:06, null, 0, 2024-11-12 21:23:06
<==      Total: 1
Releasing transactional SqlSession [org.apache.ibatis.session.defaults.DefaultSqlSession@30be77cd]
Transaction synchronization committing SqlSession [org.apache.ibatis.session.defaults.DefaultSqlSession@30be77cd]
Transaction synchronization deregistering SqlSession [org.apache.ibatis.session.defaults.DefaultSqlSession@30be77cd]
Transaction synchronization closing SqlSession [org.apache.ibatis.session.defaults.DefaultSqlSession@30be77cd]
Creating a new SqlSession
Registering transaction synchronization for SqlSession [org.apache.ibatis.session.defaults.DefaultSqlSession@345effd7]
JDBC Connection [HikariProxyConnection@763710483 wrapping com.mysql.cj.jdbc.ConnectionImpl@247d44b4] will be managed by Spring
==>  Preparing: SELECT id, username, email, password, created_at, avatar, is_deleted, last_update FROM `tb_user` WHERE username = ?
==> Parameters: RainDrop007(String)
<==    Columns: id, username, email, password, created_at, avatar, is_deleted, last_update
<==        Row: 64, RainDrop007, RainDrop007@test.com, de5acc02d815128b28001f315d81be25, 2024-11-12 21:23:06, null, 0, 2024-11-12 21:23:06
<==      Total: 1
Releasing transactional SqlSession [org.apache.ibatis.session.defaults.DefaultSqlSession@345effd7]
Transaction synchronization committing SqlSession [org.apache.ibatis.session.defaults.DefaultSqlSession@345effd7]
Transaction synchronization deregistering SqlSession [org.apache.ibatis.session.defaults.DefaultSqlSession@345effd7]
Transaction synchronization closing SqlSession [org.apache.ibatis.session.defaults.DefaultSqlSession@345effd7]
Creating a new SqlSession
Registering transaction synchronization for SqlSession [org.apache.ibatis.session.defaults.DefaultSqlSession@4ac64dc2]
JDBC Connection [HikariProxyConnection@1974427434 wrapping com.mysql.cj.jdbc.ConnectionImpl@247d44b4] will be managed by Spring
==>  Preparing: SELECT id, username, email, password, created_at, avatar, is_deleted, last_update FROM `tb_user` WHERE username = ?
==> Parameters: SnowFlurry77(String)
<==    Columns: id, username, email, password, created_at, avatar, is_deleted, last_update
<==        Row: 65, SnowFlurry77, SnowFlurry77@test.com, af3a7187b854c432c0f329624aed19d3, 2024-11-12 21:23:06, null, 0, 2024-11-12 21:23:06
<==      Total: 1
Releasing transactional SqlSession [org.apache.ibatis.session.defaults.DefaultSqlSession@4ac64dc2]
Transaction synchronization committing SqlSession [org.apache.ibatis.session.defaults.DefaultSqlSession@4ac64dc2]
Transaction synchronization deregistering SqlSession [org.apache.ibatis.session.defaults.DefaultSqlSession@4ac64dc2]
Transaction synchronization closing SqlSession [org.apache.ibatis.session.defaults.DefaultSqlSession@4ac64dc2]
Creating a new SqlSession
Registering transaction synchronization for SqlSession [org.apache.ibatis.session.defaults.DefaultSqlSession@728cf276]
JDBC Connection [HikariProxyConnection@1772624158 wrapping com.mysql.cj.jdbc.ConnectionImpl@247d44b4] will be managed by Spring
==>  Preparing: SELECT id, username, email, password, created_at, avatar, is_deleted, last_update FROM `tb_user` WHERE username = ?
==> Parameters: SunKissed3(String)
<==    Columns: id, username, email, password, created_at, avatar, is_deleted, last_update
<==        Row: 66, SunKissed3, SunKissed3@test.com, c5e7b8db5fd539cdae238e170a235db2, 2024-11-12 21:23:06, null, 0, 2024-11-12 21:23:06
<==      Total: 1
Releasing transactional SqlSession [org.apache.ibatis.session.defaults.DefaultSqlSession@728cf276]
Transaction synchronization committing SqlSession [org.apache.ibatis.session.defaults.DefaultSqlSession@728cf276]
Transaction synchronization deregistering SqlSession [org.apache.ibatis.session.defaults.DefaultSqlSession@728cf276]
Transaction synchronization closing SqlSession [org.apache.ibatis.session.defaults.DefaultSqlSession@728cf276]
Creating a new SqlSession
Registering transaction synchronization for SqlSession [org.apache.ibatis.session.defaults.DefaultSqlSession@1621264e]
JDBC Connection [HikariProxyConnection@1402126503 wrapping com.mysql.cj.jdbc.ConnectionImpl@247d44b4] will be managed by Spring
==>  Preparing: SELECT id, username, email, password, created_at, avatar, is_deleted, last_update FROM `tb_user` WHERE username = ?
==> Parameters: StarGazing9(String)
<==    Columns: id, username, email, password, created_at, avatar, is_deleted, last_update
<==        Row: 67, StarGazing9, StarGazing9@test.com, 0b36c2b49a8e2ebdc81cc5662b41e814, 2024-11-12 21:23:06, null, 0, 2024-11-12 21:23:06
<==      Total: 1
Releasing transactional SqlSession [org.apache.ibatis.session.defaults.DefaultSqlSession@1621264e]
Transaction synchronization committing SqlSession [org.apache.ibatis.session.defaults.DefaultSqlSession@1621264e]
Transaction synchronization deregistering SqlSession [org.apache.ibatis.session.defaults.DefaultSqlSession@1621264e]
Transaction synchronization closing SqlSession [org.apache.ibatis.session.defaults.DefaultSqlSession@1621264e]
Creating a new SqlSession
Registering transaction synchronization for SqlSession [org.apache.ibatis.session.defaults.DefaultSqlSession@1435feb6]
JDBC Connection [HikariProxyConnection@1907159141 wrapping com.mysql.cj.jdbc.ConnectionImpl@247d44b4] will be managed by Spring
==>  Preparing: SELECT id, username, email, password, created_at, avatar, is_deleted, last_update FROM `tb_user` WHERE username = ?
==> Parameters: CloudNine5(String)
<==    Columns: id, username, email, password, created_at, avatar, is_deleted, last_update
<==        Row: 68, CloudNine5, CloudNine5@test.com, b9988f334be7d74b0990550f149fc481, 2024-11-12 21:23:06, null, 0, 2024-11-12 21:23:06
<==      Total: 1
Releasing transactional SqlSession [org.apache.ibatis.session.defaults.DefaultSqlSession@1435feb6]
Transaction synchronization committing SqlSession [org.apache.ibatis.session.defaults.DefaultSqlSession@1435feb6]
Transaction synchronization deregistering SqlSession [org.apache.ibatis.session.defaults.DefaultSqlSession@1435feb6]
Transaction synchronization closing SqlSession [org.apache.ibatis.session.defaults.DefaultSqlSession@1435feb6]
Creating a new SqlSession
Registering transaction synchronization for SqlSession [org.apache.ibatis.session.defaults.DefaultSqlSession@cfe7be3]
JDBC Connection [HikariProxyConnection@1513395780 wrapping com.mysql.cj.jdbc.ConnectionImpl@247d44b4] will be managed by Spring
==>  Preparing: SELECT id, username, email, password, created_at, avatar, is_deleted, last_update FROM `tb_user` WHERE username = ?
==> Parameters: NightHawk6(String)
<==    Columns: id, username, email, password, created_at, avatar, is_deleted, last_update
<==        Row: 69, NightHawk6, NightHawk6@test.com, 878cc332c0f6a80a4fd5422108086e18, 2024-11-12 21:23:06, null, 0, 2024-11-12 21:23:06
<==      Total: 1
Releasing transactional SqlSession [org.apache.ibatis.session.defaults.DefaultSqlSession@cfe7be3]
Transaction synchronization committing SqlSession [org.apache.ibatis.session.defaults.DefaultSqlSession@cfe7be3]
Transaction synchronization deregistering SqlSession [org.apache.ibatis.session.defaults.DefaultSqlSession@cfe7be3]
Transaction synchronization closing SqlSession [org.apache.ibatis.session.defaults.DefaultSqlSession@cfe7be3]
Creating a new SqlSession
Registering transaction synchronization for SqlSession [org.apache.ibatis.session.defaults.DefaultSqlSession@3de8e614]
JDBC Connection [HikariProxyConnection@1685697739 wrapping com.mysql.cj.jdbc.ConnectionImpl@247d44b4] will be managed by Spring
==>  Preparing: SELECT id, username, email, password, created_at, avatar, is_deleted, last_update FROM `tb_user` WHERE username = ?
==> Parameters: DayGlow22(String)
<==    Columns: id, username, email, password, created_at, avatar, is_deleted, last_update
<==        Row: 70, DayGlow22, DayGlow22@test.com, f11898aaf90c35c990312962ae811d9e, 2024-11-12 21:23:06, null, 0, 2024-11-12 21:23:06
<==      Total: 1
Releasing transactional SqlSession [org.apache.ibatis.session.defaults.DefaultSqlSession@3de8e614]
Transaction synchronization committing SqlSession [org.apache.ibatis.session.defaults.DefaultSqlSession@3de8e614]
Transaction synchronization deregistering SqlSession [org.apache.ibatis.session.defaults.DefaultSqlSession@3de8e614]
[...]
==> Parameters: RainMaker00(String)
<==    Columns: id, username, email, password, created_at, avatar, is_deleted, last_update
<==        Row: 83, RainMaker00, RainMaker00@test.com, b1e239490a24c5974b5a28d332cb64bc, 2024-11-12 21:23:07, null, 0, 2024-11-12 21:23:07
<==      Total: 1
Releasing transactional SqlSession [org.apache.ibatis.session.defaults.DefaultSqlSession@5c3f9618]
Transaction synchronization committing SqlSession [org.apache.ibatis.session.defaults.DefaultSqlSession@5c3f9618]
Transaction synchronization deregistering SqlSession [org.apache.ibatis.session.defaults.DefaultSqlSession@5c3f9618]
Transaction synchronization closing SqlSession [org.apache.ibatis.session.defaults.DefaultSqlSession@5c3f9618]
Creating a new SqlSession
Registering transaction synchronization for SqlSession [org.apache.ibatis.session.defaults.DefaultSqlSession@49ed3b76]
JDBC Connection [HikariProxyConnection@1383831706 wrapping com.mysql.cj.jdbc.ConnectionImpl@247d44b4] will be managed by Spring
==>  Preparing: SELECT id, username, email, password, created_at, avatar, is_deleted, last_update FROM `tb_user` WHERE username = ?
==> Parameters: SnowPeak7(String)
<==    Columns: id, username, email, password, created_at, avatar, is_deleted, last_update
<==        Row: 84, SnowPeak7, SnowPeak7@test.com, a3db1aafe5e7fc7035e4ae2da0b5469d, 2024-11-12 21:23:07, null, 0, 2024-11-12 21:23:07
<==      Total: 1
Releasing transactional SqlSession [org.apache.ibatis.session.defaults.DefaultSqlSession@49ed3b76]
Transaction synchronization committing SqlSession [org.apache.ibatis.session.defaults.DefaultSqlSession@49ed3b76]
Transaction synchronization deregistering SqlSession [org.apache.ibatis.session.defaults.DefaultSqlSession@49ed3b76]
Transaction synchronization closing SqlSession [org.apache.ibatis.session.defaults.DefaultSqlSession@49ed3b76]
Creating a new SqlSession
Registering transaction synchronization for SqlSession [org.apache.ibatis.session.defaults.DefaultSqlSession@ca9ffc0]
JDBC Connection [HikariProxyConnection@8425317 wrapping com.mysql.cj.jdbc.ConnectionImpl@247d44b4] will be managed by Spring
==>  Preparing: SELECT id, username, email, password, created_at, avatar, is_deleted, last_update FROM `tb_user` WHERE username = ?
==> Parameters: SunShine333(String)
<==    Columns: id, username, email, password, created_at, avatar, is_deleted, last_update
<==        Row: 85, SunShine333, SunShine333@test.com, fac534b220c10e9cf9de642fc7e00407, 2024-11-12 21:23:07, null, 0, 2024-11-12 21:23:07
<==      Total: 1
Releasing transactional SqlSession [org.apache.ibatis.session.defaults.DefaultSqlSession@ca9ffc0]
Transaction synchronization committing SqlSession [org.apache.ibatis.session.defaults.DefaultSqlSession@ca9ffc0]
Transaction synchronization deregistering SqlSession [org.apache.ibatis.session.defaults.DefaultSqlSession@ca9ffc0]
Transaction synchronization closing SqlSession [org.apache.ibatis.session.defaults.DefaultSqlSession@ca9ffc0]
Creating a new SqlSession
Registering transaction synchronization for SqlSession [org.apache.ibatis.session.defaults.DefaultSqlSession@15c0a8ad]
JDBC Connection [HikariProxyConnection@348155728 wrapping com.mysql.cj.jdbc.ConnectionImpl@247d44b4] will be managed by Spring
==>  Preparing: SELECT id, username, email, password, created_at, avatar, is_deleted, last_update FROM `tb_user` WHERE username = ?
==> Parameters: StarDuster9(String)
<==    Columns: id, username, email, password, created_at, avatar, is_deleted, last_update
<==        Row: 86, StarDuster9, StarDuster9@test.com, 4029e62bb4701581b517d9ed74869628, 2024-11-12 21:23:07, null, 0, 2024-11-12 21:23:07
<==      Total: 1
Releasing transactional SqlSession [org.apache.ibatis.session.defaults.DefaultSqlSession@15c0a8ad]
Transaction synchronization committing SqlSession [org.apache.ibatis.session.defaults.DefaultSqlSession@15c0a8ad]
Transaction synchronization deregistering SqlSession [org.apache.ibatis.session.defaults.DefaultSqlSession@15c0a8ad]
Transaction synchronization closing SqlSession [org.apache.ibatis.session.defaults.DefaultSqlSession@15c0a8ad]
Creating a new SqlSession
Registering transaction synchronization for SqlSession [org.apache.ibatis.session.defaults.DefaultSqlSession@7225f871]
JDBC Connection [HikariProxyConnection@206707321 wrapping com.mysql.cj.jdbc.ConnectionImpl@247d44b4] will be managed by Spring
==>  Preparing: SELECT id, username, email, password, created_at, avatar, is_deleted, last_update FROM `tb_user` WHERE username = ?
==> Parameters: CloudDrifter55(String)
<==    Columns: id, username, email, password, created_at, avatar, is_deleted, last_update
<==        Row: 87, CloudDrifter55, CloudDrifter55@test.com, a19a2b2b161781639f47a0e43379a920, 2024-11-12 21:23:07, null, 0, 2024-11-12 21:23:07
<==      Total: 1
Releasing transactional SqlSession [org.apache.ibatis.session.defaults.DefaultSqlSession@7225f871]
Transaction synchronization committing SqlSession [org.apache.ibatis.session.defaults.DefaultSqlSession@7225f871]
Transaction synchronization deregistering SqlSession [org.apache.ibatis.session.defaults.DefaultSqlSession@7225f871]
Transaction synchronization closing SqlSession [org.apache.ibatis.session.defaults.DefaultSqlSession@7225f871]
Creating a new SqlSession
Registering transaction synchronization for SqlSession [org.apache.ibatis.session.defaults.DefaultSqlSession@36b4cbb8]
JDBC Connection [HikariProxyConnection@1272093185 wrapping com.mysql.cj.jdbc.ConnectionImpl@247d44b4] will be managed by Spring
==>  Preparing: SELECT id, username, email, password, created_at, avatar, is_deleted, last_update FROM `tb_user` WHERE username = ?
==> Parameters: NightStalker6(String)
<==    Columns: id, username, email, password, created_at, avatar, is_deleted, last_update
<==        Row: 88, NightStalker6, NightStalker6@test.com, 5c1365919365f4a2dfd0f126065a2991, 2024-11-12 21:23:07, null, 0, 2024-11-12 21:23:07
<==      Total: 1
Releasing transactional SqlSession [org.apache.ibatis.session.defaults.DefaultSqlSession@36b4cbb8]
Transaction synchronization committing SqlSession [org.apache.ibatis.session.defaults.DefaultSqlSession@36b4cbb8]
Transaction synchronization deregistering SqlSession [org.apache.ibatis.session.defaults.DefaultSqlSession@36b4cbb8]
Transaction synchronization closing SqlSession [org.apache.ibatis.session.defaults.DefaultSqlSession@36b4cbb8]
Creating a new SqlSession
Registering transaction synchronization for SqlSession [org.apache.ibatis.session.defaults.DefaultSqlSession@4a3363c9]
JDBC Connection [HikariProxyConnection@1007876221 wrapping com.mysql.cj.jdbc.ConnectionImpl@247d44b4] will be managed by Spring
==>  Preparing: SELECT id, username, email, password, created_at, avatar, is_deleted, last_update FROM `tb_user` WHERE username = ?
==> Parameters: DayBreaker2(String)
<==    Columns: id, username, email, password, created_at, avatar, is_deleted, last_update
<==        Row: 89, DayBreaker2, DayBreaker2@test.com, 91f8d8748c4a8fce2d7d308e882978e2, 2024-11-12 21:23:07, null, 0, 2024-11-12 21:23:07
<==      Total: 1
Releasing transactional SqlSession [org.apache.ibatis.session.defaults.DefaultSqlSession@4a3363c9]
Transaction synchronization committing SqlSession [org.apache.ibatis.session.defaults.DefaultSqlSession@4a3363c9]
Transaction synchronization deregistering SqlSession [org.apache.ibatis.session.defaults.DefaultSqlSession@4a3363c9]
Transaction synchronization closing SqlSession [org.apache.ibatis.session.defaults.DefaultSqlSession@4a3363c9]
Creating a new SqlSession
Registering transaction synchronization for SqlSession [org.apache.ibatis.session.defaults.DefaultSqlSession@637bf67c]
JDBC Connection [HikariProxyConnection@1349649220 wrapping com.mysql.cj.jdbc.ConnectionImpl@247d44b4] will be managed by Spring
==>  Preparing: SELECT id, username, email, password, created_at, avatar, is_deleted, last_update FROM `tb_user` WHERE username = ?
==> Parameters: WaveRider19(String)
<==    Columns: id, username, email, password, created_at, avatar, is_deleted, last_update
<==        Row: 90, WaveRider19, WaveRider19@test.com, bd9c3331cd3593fa895492676827cb9c, 2024-11-12 21:23:07, null, 0, 2024-11-12 21:23:07
<==      Total: 1
Releasing transactional SqlSession [org.apache.ibatis.session.defaults.DefaultSqlSession@637bf67c]
Transaction synchronization committing SqlSession [org.apache.ibatis.session.defaults.DefaultSqlSession@637bf67c]
Transaction synchronization deregistering SqlSession [org.apache.ibatis.session.defaults.DefaultSqlSession@637bf67c]
Transaction synchronization closing SqlSession [org.apache.ibatis.session.defaults.DefaultSqlSession@637bf67c]
Creating a new SqlSession
Registering transaction synchronization for SqlSession [org.apache.ibatis.session.defaults.DefaultSqlSession@613aeb51]
JDBC Connection [HikariProxyConnection@483248328 wrapping com.mysql.cj.jdbc.ConnectionImpl@247d44b4] will be managed by Spring
==>  Preparing: SELECT id, username, email, password, created_at, avatar, is_deleted, last_update FROM `tb_user` WHERE username = ?
==> Parameters: ForestSprite3(String)
<==    Columns: id, username, email, password, created_at, avatar, is_deleted, last_update
<==        Row: 91, ForestSprite3, ForestSprite3@test.com, abd52eaae01c124f41c9d97735182864, 2024-11-12 21:23:07, null, 0, 2024-11-12 21:23:07
<==      Total: 1
Releasing transactional SqlSession [org.apache.ibatis.session.defaults.DefaultSqlSession@613aeb51]
Transaction synchronization committing SqlSession [org.apache.ibatis.session.defaults.DefaultSqlSession@613aeb51]
Transaction synchronization deregistering SqlSession [org.apache.ibatis.session.defaults.DefaultSqlSession@613aeb51]
Transaction synchronization closing SqlSession [org.apache.ibatis.session.defaults.DefaultSqlSession@613aeb51]
Creating a new SqlSession
Registering transaction synchronization for SqlSession [org.apache.ibatis.session.defaults.DefaultSqlSession@60ddad4]
JDBC Connection [HikariProxyConnection@77652925 wrapping com.mysql.cj.jdbc.ConnectionImpl@247d44b4] will be managed by Spring
==>  Preparing: SELECT id, username, email, password, created_at, avatar, is_deleted, last_update FROM `tb_user` WHERE username = ?
==> Parameters: RockSolid8(String)
<==    Columns: id, username, email, password, created_at, avatar, is_deleted, last_update
<==        Row: 92, RockSolid8, RockSolid8@test.com, 0a2df63499ce66e9f130d09622123302, 2024-11-12 21:23:07, null, 0, 2024-11-12 21:23:07
<==      Total: 1
Releasing transactional SqlSession [org.apache.ibatis.session.defaults.DefaultSqlSession@60ddad4]
Transaction synchronization committing SqlSession [org.apache.ibatis.session.defaults.DefaultSqlSession@60ddad4]
Transaction synchronization deregistering SqlSession [org.apache.ibatis.session.defaults.DefaultSqlSession@60ddad4]
Transaction synchronization closing SqlSession [org.apache.ibatis.session.defaults.DefaultSqlSession@60ddad4]
Creating a new SqlSession
Registering transaction synchronization for SqlSession [org.apache.ibatis.session.defaults.DefaultSqlSession@2d9cc10]
JDBC Connection [HikariProxyConnection@947297132 wrapping com.mysql.cj.jdbc.ConnectionImpl@247d44b4] will be managed by Spring
==>  Preparing: SELECT id, username, email, password, created_at, avatar, is_deleted, last_update FROM `tb_user` WHERE username = ?
==> Parameters: IceShard44(String)
<==    Columns: id, username, email, password, created_at, avatar, is_deleted, last_update
<==        Row: 93, IceShard44, IceShard44@test.com, 025c6f96973b73e55a7c83eca046249e, 2024-11-12 21:23:07, null, 0, 2024-11-12 21:23:07
<==      Total: 1
Releasing transactional SqlSession [org.apache.ibatis.session.defaults.DefaultSqlSession@2d9cc10]
Transaction synchronization committing SqlSession [org.apache.ibatis.session.defaults.DefaultSqlSession@2d9cc10]
Transaction synchronization deregistering SqlSession [org.apache.ibatis.session.defaults.DefaultSqlSession@2d9cc10]
Transaction synchronization closing SqlSession [org.apache.ibatis.session.defaults.DefaultSqlSession@2d9cc10]
Creating a new SqlSession
Registering transaction synchronization for SqlSession [org.apache.ibatis.session.defaults.DefaultSqlSession@4d57fc11]
JDBC Connection [HikariProxyConnection@999361099 wrapping com.mysql.cj.jdbc.ConnectionImpl@247d44b4] will be managed by Spring
==>  Preparing: SELECT id, username, email, password, created_at, avatar, is_deleted, last_update FROM `tb_user` WHERE username = ?
==> Parameters: FireBolt9(String)
<==    Columns: id, username, email, password, created_at, avatar, is_deleted, last_update
<==        Row: 94, FireBolt9, FireBolt9@test.com, 3bfb7a13bedcd8af9945ce15037e2598, 2024-11-12 21:23:07, null, 0, 2024-11-12 21:23:07
<==      Total: 1
Releasing transactional SqlSession [org.apache.ibatis.session.defaults.DefaultSqlSession@4d57fc11]
Transaction synchronization committing SqlSession [org.apache.ibatis.session.defaults.DefaultSqlSession@4d57fc11]
Transaction synchronization deregistering SqlSession [org.apache.ibatis.session.defaults.DefaultSqlSession@4d57fc11]
Transaction synchronization closing SqlSession [org.apache.ibatis.session.defaults.DefaultSqlSession@4d57fc11]
Creating a new SqlSession
Registering transaction synchronization for SqlSession [org.apache.ibatis.session.defaults.DefaultSqlSession@582ce329]
JDBC Connection [HikariProxyConnection@1586007994 wrapping com.mysql.cj.jdbc.ConnectionImpl@247d44b4] will be managed by Spring
==>  Preparing: SELECT id, username, email, password, created_at, avatar, is_deleted, last_update FROM `tb_user` WHERE username = ?
==> Parameters: WindWhisper18(String)
<==    Columns: id, username, email, password, created_at, avatar, is_deleted, last_update
<==        Row: 95, WindWhisper18, WindWhisper18@test.com, dd78de356d3128228e296baf1ec4ad09, 2024-11-12 21:23:07, null, 0, 2024-11-12 21:23:07
<==      Total: 1
Releasing transactional SqlSession [org.apache.ibatis.session.defaults.DefaultSqlSession@582ce329]
Transaction synchronization committing SqlSession [org.apache.ibatis.session.defaults.DefaultSqlSession@582ce329]
Transaction synchronization deregistering SqlSession [org.apache.ibatis.session.defaults.DefaultSqlSession@582ce329]
Transaction synchronization closing SqlSession [org.apache.ibatis.session.defaults.DefaultSqlSession@582ce329]
Creating a new SqlSession
Registering transaction synchronization for SqlSession [org.apache.ibatis.session.defaults.DefaultSqlSession@22071f0]
JDBC Connection [HikariProxyConnection@897736003 wrapping com.mysql.cj.jdbc.ConnectionImpl@247d44b4] will be managed by Spring
==>  Preparing: SELECT id, username, email, password, created_at, avatar, is_deleted, last_update FROM `tb_user` WHERE username = ?
==> Parameters: EarthMother7(String)
<==    Columns: id, username, email, password, created_at, avatar, is_deleted, last_update
<==        Row: 96, EarthMother7, EarthMother7@test.com, 99d8d5094f5178e529ca0942be68aea6, 2024-11-12 21:23:07, null, 0, 2024-11-12 21:23:07
<==      Total: 1
Releasing transactional SqlSession [org.apache.ibatis.session.defaults.DefaultSqlSession@22071f0]
Transaction synchronization committing SqlSession [org.apache.ibatis.session.defaults.DefaultSqlSession@22071f0]
Transaction synchronization deregistering SqlSession [org.apache.ibatis.session.defaults.DefaultSqlSession@22071f0]
Transaction synchronization closing SqlSession [org.apache.ibatis.session.defaults.DefaultSqlSession@22071f0]
Creating a new SqlSession
Registering transaction synchronization for SqlSession [org.apache.ibatis.session.defaults.DefaultSqlSession@5eaab295]
JDBC Connection [HikariProxyConnection@962249445 wrapping com.mysql.cj.jdbc.ConnectionImpl@247d44b4] will be managed by Spring
==>  Preparing: SELECT id, username, email, password, created_at, avatar, is_deleted, last_update FROM `tb_user` WHERE username = ?
==> Parameters: LightWizard6(String)
<==    Columns: id, username, email, password, created_at, avatar, is_deleted, last_update
<==        Row: 97, LightWizard6, LightWizard6@test.com, 9cea47e39c92f445a26cd56915689cc9, 2024-11-12 21:23:07, null, 0, 2024-11-12 21:23:07
<==      Total: 1
Releasing transactional SqlSession [org.apache.ibatis.session.defaults.DefaultSqlSession@5eaab295]
Transaction synchronization committing SqlSession [org.apache.ibatis.session.defaults.DefaultSqlSession@5eaab295]
Transaction synchronization deregistering SqlSession [org.apache.ibatis.session.defaults.DefaultSqlSession@5eaab295]
Transaction synchronization closing SqlSession [org.apache.ibatis.session.defaults.DefaultSqlSession@5eaab295]
Creating a new SqlSession
Registering transaction synchronization for SqlSession [org.apache.ibatis.session.defaults.DefaultSqlSession@4a2891d1]
JDBC Connection [HikariProxyConnection@349122739 wrapping com.mysql.cj.jdbc.ConnectionImpl@247d44b4] will be managed by Spring
==>  Preparing: SELECT id, username, email, password, created_at, avatar, is_deleted, last_update FROM `tb_user` WHERE username = ?
==> Parameters: DarkPrince22(String)
<==    Columns: id, username, email, password, created_at, avatar, is_deleted, last_update
<==        Row: 98, DarkPrince22, DarkPrince22@test.com, 6ca0b5dac2efd6956fef33d8715b59e7, 2024-11-12 21:23:07, null, 0, 2024-11-12 21:23:07
<==      Total: 1
Releasing transactional SqlSession [org.apache.ibatis.session.defaults.DefaultSqlSession@4a2891d1]
Transaction synchronization committing SqlSession [org.apache.ibatis.session.defaults.DefaultSqlSession@4a2891d1]
Transaction synchronization deregistering SqlSession [org.apache.ibatis.session.defaults.DefaultSqlSession@4a2891d1]
Transaction synchronization closing SqlSession [org.apache.ibatis.session.defaults.DefaultSqlSession@4a2891d1]
Creating a new SqlSession
Registering transaction synchronization for SqlSession [org.apache.ibatis.session.defaults.DefaultSqlSession@363d3958]
JDBC Connection [HikariProxyConnection@1286005349 wrapping com.mysql.cj.jdbc.ConnectionImpl@247d44b4] will be managed by Spring
==>  Preparing: SELECT id, username, email, password, created_at, avatar, is_deleted, last_update FROM `tb_user` WHERE username = ?
==> Parameters: SeaSerpent88(String)
<==    Columns: id, username, email, password, created_at, avatar, is_deleted, last_update
<==        Row: 99, SeaSerpent88, SeaSerpent88@test.com, 553ee7f7758d1dbf94972f0947984b8f, 2024-11-12 21:23:07, null, 0, 2024-11-12 21:23:07
<==      Total: 1
Releasing transactional SqlSession [org.apache.ibatis.session.defaults.DefaultSqlSession@363d3958]
Transaction synchronization committing SqlSession [org.apache.ibatis.session.defaults.DefaultSqlSession@363d3958]
Transaction synchronization deregistering SqlSession [org.apache.ibatis.session.defaults.DefaultSqlSession@363d3958]
Transaction synchronization closing SqlSession [org.apache.ibatis.session.defaults.DefaultSqlSession@363d3958]
Creating a new SqlSession
Registering transaction synchronization for SqlSession [org.apache.ibatis.session.defaults.DefaultSqlSession@70376c6]
JDBC Connection [HikariProxyConnection@1439128434 wrapping com.mysql.cj.jdbc.ConnectionImpl@247d44b4] will be managed by Spring
==>  Preparing: SELECT id, username, email, password, created_at, avatar, is_deleted, last_update FROM `tb_user` WHERE username = ?
==> Parameters: MountainMaid4(String)
<==    Columns: id, username, email, password, created_at, avatar, is_deleted, last_update
<==        Row: 100, MountainMaid4, MountainMaid4@test.com, 7f0f0782db66b2492c49cff2f3202574, 2024-11-12 21:23:07, null, 0, 2024-11-12 21:23:07
<==      Total: 1
Releasing transactional SqlSession [org.apache.ibatis.session.defaults.DefaultSqlSession@70376c6]
Transaction synchronization committing SqlSession [org.apache.ibatis.session.defaults.DefaultSqlSession@70376c6]
Transaction synchronization deregistering SqlSession [org.apache.ibatis.session.defaults.DefaultSqlSession@70376c6]
Transaction synchronization closing SqlSession [org.apache.ibatis.session.defaults.DefaultSqlSession@70376c6]
]]></system-out>
  </testcase>
</testsuite>