<?xml version="1.0" encoding="UTF-8"?>
<testsuite xmlns:xsi="http://www.w3.org/2001/XMLSchema-instance" xsi:noNamespaceSchemaLocation="https://maven.apache.org/surefire/maven-surefire-plugin/xsd/surefire-test-report-3.0.xsd" version="3.0" name="com.sharelite.SignupTests" time="0.534" tests="1" errors="0" skipped="0" failures="0">
  <properties>
[...]
</properties>
  <testcase name="signupTest" classname="com.sharelite.SignupTests" time="0.518">
    <system-out><![CDATA[2024-09-28T19:07:47.520+08:00  INFO 8456 --- [           main] t.c.s.AnnotationConfigContextLoaderUtils : Could not detect default configuration classes for test class [com.sharelite.SignupTests]: SignupTests does not declare any static, non-private, non-final, nested classes annotated with @Configuration.
2024-09-28T19:07:47.525+08:00  INFO 8456 --- [           main] .b.t.c.SpringBootTestContextBootstrapper : Found @SpringBootConfiguration com.sharelite.ShareLiteApplication for test class com.sharelite.SignupTests
Creating a new SqlSession
Registering transaction synchronization for SqlSession [org.apache.ibatis.session.defaults.DefaultSqlSession@3e2ee637]
JDBC Connection [HikariProxyConnection@50470449 wrapping com.mysql.cj.jdbc.ConnectionImpl@7e615c6a] will be managed by Spring
==>  Preparing: SELECT id, username, email, password, created_at, avatar, is_deleted, last_update FROM `tb_user` WHERE username = ?
==> Parameters: FlexiBoy67(String)
<==    Columns: id, username, email, password, created_at, avatar, is_deleted, last_update
<==        Row: 1, FlexiBoy67, FlexiBoy67@test.com, 98ce6a20ae07bba22d1a049fe36aa295, 2024-09-28 12:17:44, null, 0, 2024-09-28 12:17:44
<==      Total: 1
Releasing transactional SqlSession [org.apache.ibatis.session.defaults.DefaultSqlSession@3e2ee637]
Transaction synchronization committing SqlSession [org.apache.ibatis.session.defaults.DefaultSqlSession@3e2ee637]
Transaction synchronization deregistering SqlSession [org.apache.ibatis.session.defaults.DefaultSqlSession@3e2ee637]
Transaction synchronization closing SqlSession [org.apache.ibatis.session.defaults.DefaultSqlSession@3e2ee637]
Creating a new SqlSession
Registering transaction synchronization for SqlSession [org.apache.ibatis.session.defaults.DefaultSqlSession@6c54d0dc]
JDBC Connection [HikariProxyConnection@2088038218 wrapping com.mysql.cj.jdbc.ConnectionImpl@7e615c6a] will be managed by Spring
==>  Preparing: SELECT id, username, email, password, created_at, avatar, is_deleted, last_update FROM `tb_user` WHERE username = ?
==> Parameters: StarLight12(String)
<==    Columns: id, username, email, password, created_at, avatar, is_deleted, last_update
<==        Row: 2, StarLight12, StarLight12@test.com, d60a515acb6c218c9090a89e9f5e7cc8, 2024-09-28 12:17:44, null, 0, 2024-09-28 12:17:44
<==      Total: 1
Releasing transactional SqlSession [org.apache.ibatis.session.defaults.DefaultSqlSession@6c54d0dc]
Transaction synchronization committing SqlSession [org.apache.ibatis.session.defaults.DefaultSqlSession@6c54d0dc]
Transaction synchronization deregistering SqlSession [org.apache.ibatis.session.defaults.DefaultSqlSession@6c54d0dc]
Transaction synchronization closing SqlSession [org.apache.ibatis.session.defaults.DefaultSqlSession@6c54d0dc]
Creating a new SqlSession
Registering transaction synchronization for SqlSession [org.apache.ibatis.session.defaults.DefaultSqlSession@1ec96512]
JDBC Connection [HikariProxyConnection@1716876539 wrapping com.mysql.cj.jdbc.ConnectionImpl@7e615c6a] will be managed by Spring
==>  Preparing: SELECT id, username, email, password, created_at, avatar, is_deleted, last_update FROM `tb_user` WHERE username = ?
==> Parameters: HappyCamper9(String)
<==    Columns: id, username, email, password, created_at, avatar, is_deleted, last_update
<==        Row: 3, HappyCamper9, HappyCamper9@test.com, 4b06ba3ad38f0e4c24221f0440212974, 2024-09-28 12:17:44, null, 0, 2024-09-28 12:17:44
<==      Total: 1
Releasing transactional SqlSession [org.apache.ibatis.session.defaults.DefaultSqlSession@1ec96512]
Transaction synchronization committing SqlSession [org.apache.ibatis.session.defaults.DefaultSqlSession@1ec96512]
Transaction synchronization deregistering SqlSession [org.apache.ibatis.session.defaults.DefaultSqlSession@1ec96512]
Transaction synchronization closing SqlSession [org.apache.ibatis.session.defaults.DefaultSqlSession@1ec96512]
Creating a new SqlSession
Registering transaction synchronization for SqlSession [org.apache.ibatis.session.defaults.DefaultSqlSession@6b83ec49]
JDBC Connection [HikariProxyConnection@496112231 wrapping com.mysql.cj.jdbc.ConnectionImpl@7e615c6a] will be managed by Spring
==>  Preparing: SELECT id, username, email, password, created_at, avatar, is_deleted, last_update FROM `tb_user` WHERE username = ?
==> Parameters: TechnoGeek42(String)
<==    Columns: id, username, email, password, created_at, avatar, is_deleted, last_update
<==        Row: 4, TechnoGeek42, TechnoGeek42@test.com, bcce82c40971a86560177402cd919bf4, 2024-09-28 12:17:44, null, 0, 2024-09-28 12:17:44
<==      Total: 1
Releasing transactional SqlSession [org.apache.ibatis.session.defaults.DefaultSqlSession@6b83ec49]
Transaction synchronization committing SqlSession [org.apache.ibatis.session.defaults.DefaultSqlSession@6b83ec49]
Transaction synchronization deregistering SqlSession [org.apache.ibatis.session.defaults.DefaultSqlSession@6b83ec49]
Transaction synchronization closing SqlSession [org.apache.ibatis.session.defaults.DefaultSqlSession@6b83ec49]
Creating a new SqlSession
Registering transaction synchronization for SqlSession [org.apache.ibatis.session.defaults.DefaultSqlSession@684a34f4]
JDBC Connection [HikariProxyConnection@1600154294 wrapping com.mysql.cj.jdbc.ConnectionImpl@7e615c6a] will be managed by Spring
==>  Preparing: SELECT id, username, email, password, created_at, avatar, is_deleted, last_update FROM `tb_user` WHERE username = ?
==> Parameters: SwiftRider88(String)
<==    Columns: id, username, email, password, created_at, avatar, is_deleted, last_update
<==        Row: 5, SwiftRider88, SwiftRider88@test.com, 6cbb97e8eafceb7df28958d064fd3100, 2024-09-28 12:17:44, null, 0, 2024-09-28 12:17:44
<==      Total: 1
Releasing transactional SqlSession [org.apache.ibatis.session.defaults.DefaultSqlSession@684a34f4]
Transaction synchronization committing SqlSession [org.apache.ibatis.session.defaults.DefaultSqlSession@684a34f4]
Transaction synchronization deregistering SqlSession [org.apache.ibatis.session.defaults.DefaultSqlSession@684a34f4]
Transaction synchronization closing SqlSession [org.apache.ibatis.session.defaults.DefaultSqlSession@684a34f4]
Creating a new SqlSession
Registering transaction synchronization for SqlSession [org.apache.ibatis.session.defaults.DefaultSqlSession@198a653]
JDBC Connection [HikariProxyConnection@1836058082 wrapping com.mysql.cj.jdbc.ConnectionImpl@7e615c6a] will be managed by Spring
==>  Preparing: SELECT id, username, email, password, created_at, avatar, is_deleted, last_update FROM `tb_user` WHERE username = ?
==> Parameters: SunnyDay2001(String)
<==    Columns: id, username, email, password, created_at, avatar, is_deleted, last_update
<==        Row: 6, SunnyDay2001, SunnyDay2001@test.com, 3f4f521703099abfd740d9a30cc9b6fe, 2024-09-28 12:17:44, null, 0, 2024-09-28 12:17:44
<==      Total: 1
Releasing transactional SqlSession [org.apache.ibatis.session.defaults.DefaultSqlSession@198a653]
Transaction synchronization committing SqlSession [org.apache.ibatis.session.defaults.DefaultSqlSession@198a653]
Transaction synchronization deregistering SqlSession [org.apache.ibatis.session.defaults.DefaultSqlSession@198a653]
Transaction synchronization closing SqlSession [org.apache.ibatis.session.defaults.DefaultSqlSession@198a653]
Creating a new SqlSession
Registering transaction synchronization for SqlSession [org.apache.ibatis.session.defaults.DefaultSqlSession@77cd1f67]
JDBC Connection [HikariProxyConnection@1685926521 wrapping com.mysql.cj.jdbc.ConnectionImpl@7e615c6a] will be managed by Spring
==>  Preparing: SELECT id, username, email, password, created_at, avatar, is_deleted, last_update FROM `tb_user` WHERE username = ?
==> Parameters: CoolCat777(String)
<==    Columns: id, username, email, password, created_at, avatar, is_deleted, last_update
<==        Row: 7, CoolCat777, CoolCat777@test.com, 2b56f6ca174dd0512baa54df944c982c, 2024-09-28 12:17:44, null, 0, 2024-09-28 12:17:44
<==      Total: 1
Releasing transactional SqlSession [org.apache.ibatis.session.defaults.DefaultSqlSession@77cd1f67]
Transaction synchronization committing SqlSession [org.apache.ibatis.session.defaults.DefaultSqlSession@77cd1f67]
Transaction synchronization deregistering SqlSession [org.apache.ibatis.session.defaults.DefaultSqlSession@77cd1f67]
Transaction synchronization closing SqlSession [org.apache.ibatis.session.defaults.DefaultSqlSession@77cd1f67]
Creating a new SqlSession
Registering transaction synchronization for SqlSession [org.apache.ibatis.session.defaults.DefaultSqlSession@54b313d6]
JDBC Connection [HikariProxyConnection@723569389 wrapping com.mysql.cj.jdbc.ConnectionImpl@7e615c6a] will be managed by Spring
==>  Preparing: SELECT id, username, email, password, created_at, avatar, is_deleted, last_update FROM `tb_user` WHERE username = ?
==> Parameters: MusicLover45(String)
<==    Columns: id, username, email, password, created_at, avatar, is_deleted, last_update
<==        Row: 8, MusicLover45, MusicLover45@test.com, 86218cb6246d1126bb4b9877293b4f9a, 2024-09-28 12:17:44, null, 0, 2024-09-28 12:17:44
<==      Total: 1
Releasing transactional SqlSession [org.apache.ibatis.session.defaults.DefaultSqlSession@54b313d6]
Transaction synchronization committing SqlSession [org.apache.ibatis.session.defaults.DefaultSqlSession@54b313d6]
Transaction synchronization deregistering SqlSession [org.apache.ibatis.session.defaults.DefaultSqlSession@54b313d6]
Transaction synchronization closing SqlSession [org.apache.ibatis.session.defaults.DefaultSqlSession@54b313d6]
Creating a new SqlSession
Registering transaction synchronization for SqlSession [org.apache.ibatis.session.defaults.DefaultSqlSession@7c1f3125]
JDBC Connection [HikariProxyConnection@1777016611 wrapping com.mysql.cj.jdbc.ConnectionImpl@7e615c6a] will be managed by Spring
==>  Preparing: SELECT id, username, email, password, created_at, avatar, is_deleted, last_update FROM `tb_user` WHERE username = ?
==> Parameters: DreamChaser19(String)
<==    Columns: id, username, email, password, created_at, avatar, is_deleted, last_update
<==        Row: 9, DreamChaser19, DreamChaser19@test.com, 7b52be09fdaacc2f102bf396616ab9f5, 2024-09-28 12:17:44, null, 0, 2024-09-28 12:17:44
<==      Total: 1
Releasing transactional SqlSession [org.apache.ibatis.session.defaults.DefaultSqlSession@7c1f3125]
Transaction synchronization committing SqlSession [org.apache.ibatis.session.defaults.DefaultSqlSession@7c1f3125]
Transaction synchronization deregistering SqlSession [org.apache.ibatis.session.defaults.DefaultSqlSession@7c1f3125]
Transaction synchronization closing SqlSession [org.apache.ibatis.session.defaults.DefaultSqlSession@7c1f3125]
Creating a new SqlSession
Registering transaction synchronization for SqlSession [org.apache.ibatis.session.defaults.DefaultSqlSession@29897daf]
JDBC Connection [HikariProxyConnection@1380336958 wrapping com.mysql.cj.jdbc.ConnectionImpl@7e615c6a] will be managed by Spring
==>  Preparing: SELECT id, username, email, password, created_at, avatar, is_deleted, last_update FROM `tb_user` WHERE username = ?
==> Parameters: FireFly321(String)
<==    Columns: id, username, email, password, created_at, avatar, is_deleted, last_update
<==        Row: 10, FireFly321, FireFly321@test.com, e81cc90131fd2f13cf2642ee43310bc6, 2024-09-28 12:17:44, null, 0, 2024-09-28 12:17:44
<==      Total: 1
Releasing transactional SqlSession [org.apache.ibatis.session.defaults.DefaultSqlSession@29897daf]
Transaction synchronization committing SqlSession [org.apache.ibatis.session.defaults.DefaultSqlSession@29897daf]
Transaction synchronization deregistering SqlSession [org.apache.ibatis.session.defaults.DefaultSqlSession@29897daf]
Transaction synchronization closing SqlSession [org.apache.ibatis.session.defaults.DefaultSqlSession@29897daf]
Creating a new SqlSession
Registering transaction synchronization for SqlSession [org.apache.ibatis.session.defaults.DefaultSqlSession@4b19ee18]
JDBC Connection [HikariProxyConnection@1650055072 wrapping com.mysql.cj.jdbc.ConnectionImpl@7e615c6a] will be managed by Spring
==>  Preparing: SELECT id, username, email, password, created_at, avatar, is_deleted, last_update FROM `tb_user` WHERE username = ?
==> Parameters: SilverSurfer2(String)
<==    Columns: id, username, email, password, created_at, avatar, is_deleted, last_update
<==        Row: 11, SilverSurfer2, SilverSurfer2@test.com, 935c607e3c6741b6ff202c2652c2be4b, 2024-09-28 12:17:44, null, 0, 2024-09-28 12:17:44
<==      Total: 1
Releasing transactional SqlSession [org.apache.ibatis.session.defaults.DefaultSqlSession@4b19ee18]
Transaction synchronization committing SqlSession [org.apache.ibatis.session.defaults.DefaultSqlSession@4b19ee18]
Transaction synchronization deregistering SqlSession [org.apache.ibatis.session.defaults.DefaultSqlSession@4b19ee18]
Transaction synchronization closing SqlSession [org.apache.ibatis.session.defaults.DefaultSqlSession@4b19ee18]
Creating a new SqlSession
Registering transaction synchronization for SqlSession [org.apache.ibatis.session.defaults.DefaultSqlSession@33aa4326]
JDBC Connection [HikariProxyConnection@770563700 wrapping com.mysql.cj.jdbc.ConnectionImpl@7e615c6a] will be managed by Spring
==>  Preparing: SELECT id, username, email, password, created_at, avatar, is_deleted, last_update FROM `tb_user` WHERE username = ?
==> Parameters: SpaceCadet69(String)
<==    Columns: id, username, email, password, created_at, avatar, is_deleted, last_update
<==        Row: 12, SpaceCadet69, SpaceCadet69@test.com, 4332690ed3e45be86560f86420fe9a73, 2024-09-28 12:17:44, null, 0, 2024-09-28 12:17:44
<==      Total: 1
Releasing transactional SqlSession [org.apache.ibatis.session.defaults.DefaultSqlSession@33aa4326]
Transaction synchronization committing SqlSession [org.apache.ibatis.session.defaults.DefaultSqlSession@33aa4326]
Transaction synchronization deregistering SqlSession [org.apache.ibatis.session.defaults.DefaultSqlSession@33aa4326]
Transaction synchronization closing SqlSession [org.apache.ibatis.session.defaults.DefaultSqlSession@33aa4326]
Creating a new SqlSession
Registering transaction synchronization for SqlSession [org.apache.ibatis.session.defaults.DefaultSqlSession@43600de0]
JDBC Connection [HikariProxyConnection@778039764 wrapping com.mysql.cj.jdbc.ConnectionImpl@7e615c6a] will be managed by Spring
==>  Preparing: SELECT id, username, email, password, created_at, avatar, is_deleted, last_update FROM `tb_user` WHERE username = ?
==> Parameters: LuckyCharm8(String)
<==    Columns: id, username, email, password, created_at, avatar, is_deleted, last_update
<==        Row: 13, LuckyCharm8, LuckyCharm8@test.com, 213847d0a0cbea11a4b10b83d22928fa, 2024-09-28 12:17:44, null, 0, 2024-09-28 12:17:44
<==      Total: 1
Releasing transactional SqlSession [org.apache.ibatis.session.defaults.DefaultSqlSession@43600de0]
Transaction synchronization committing SqlSession [org.apache.ibatis.session.defaults.DefaultSqlSession@43600de0]
Transaction synchronization deregistering SqlSession [org.apache.ibatis.session.defaults.DefaultSqlSession@43600de0]
Transaction synchronization closing SqlSession [org.apache.ibatis.session.defaults.DefaultSqlSession@43600de0]
Creating a new SqlSession
Registering transaction synchronization for SqlSession [org.apache.ibatis.session.defaults.DefaultSqlSession@59da4992]
JDBC Connection [HikariProxyConnection@1908591398 wrapping com.mysql.cj.jdbc.ConnectionImpl@7e615c6a] will be managed by Spring
==>  Preparing: SELECT id, username, email, password, created_at, avatar, is_deleted, last_update FROM `tb_user` WHERE username = ?
==> Parameters: WindChiller07(String)
<==    Columns: id, username, email, password, created_at, avatar, is_deleted, last_update
<==        Row: 14, WindChiller07, WindChiller07@test.com, f286f52e639020e20f43365f5f973277, 2024-09-28 12:17:44, null, 0, 2024-09-28 12:17:44
<==      Total: 1
Releasing transactional SqlSession [org.apache.ibatis.session.defaults.DefaultSqlSession@59da4992]
Transaction synchronization committing SqlSession [org.apache.ibatis.session.defaults.DefaultSqlSession@59da4992]
Transaction synchronization deregistering SqlSession [org.apache.ibatis.session.defaults.DefaultSqlSession@59da4992]
Transaction synchronization closing SqlSession [org.apache.ibatis.session.defaults.DefaultSqlSession@59da4992]
Creating a new SqlSession
Registering transaction synchronization for SqlSession [org.apache.ibatis.session.defaults.DefaultSqlSession@5220e6ff]
JDBC Connection [HikariProxyConnection@122759375 wrapping com.mysql.cj.jdbc.ConnectionImpl@7e615c6a] will be managed by Spring
==>  Preparing: SELECT id, username, email, password, created_at, avatar, is_deleted, last_update FROM `tb_user` WHERE username = ?
==> Parameters: EarthAngel33(String)
<==    Columns: id, username, email, password, created_at, avatar, is_deleted, last_update
<==        Row: 15, EarthAngel33, EarthAngel33@test.com, 15d954be063ee6f28f5a71f0b53c3807, 2024-09-28 12:17:44, null, 0, 2024-09-28 12:17:44
<==      Total: 1
Releasing transactional SqlSession [org.apache.ibatis.session.defaults.DefaultSqlSession@5220e6ff]
Transaction synchronization committing SqlSession [org.apache.ibatis.session.defaults.DefaultSqlSession@5220e6ff]
Transaction synchronization deregistering SqlSession [org.apache.ibatis.session.defaults.DefaultSqlSession@5220e6ff]
Transaction synchronization closing SqlSession [org.apache.ibatis.session.defaults.DefaultSqlSession@5220e6ff]
Creating a new SqlSession
Registering transaction synchronization for SqlSession [org.apache.ibatis.session.defaults.DefaultSqlSession@668ea404]
JDBC Connection [HikariProxyConnection@1645253408 wrapping com.mysql.cj.jdbc.ConnectionImpl@7e615c6a] will be managed by Spring
==>  Preparing: SELECT id, username, email, password, created_at, avatar, is_deleted, last_update FROM `tb_user` WHERE username = ?
==> Parameters: BlueSky1234(String)
<==    Columns: id, username, email, password, created_at, avatar, is_deleted, last_update
<==        Row: 16, BlueSky1234, BlueSky1234@test.com, 96af29cc7f905d3fa418d98633814d58, 2024-09-28 12:17:44, null, 0, 2024-09-28 12:17:44
<==      Total: 1
Releasing transactional SqlSession [org.apache.ibatis.session.defaults.DefaultSqlSession@668ea404]
Transaction synchronization committing SqlSession [org.apache.ibatis.session.defaults.DefaultSqlSession@668ea404]
Transaction synchronization deregistering SqlSession [org.apache.ibatis.session.defaults.DefaultSqlSession@668ea404]
Transaction synchronization closing SqlSession [org.apache.ibatis.session.defaults.DefaultSqlSession@668ea404]
Creating a new SqlSession
Registering transaction synchronization for SqlSession [org.apache.ibatis.session.defaults.DefaultSqlSession@276b68af]
JDBC Connection [HikariProxyConnection@1667637191 wrapping com.mysql.cj.jdbc.ConnectionImpl@7e615c6a] will be managed by Spring
==>  Preparing: SELECT id, username, email, password, created_at, avatar, is_deleted, last_update FROM `tb_user` WHERE username = ?
==> Parameters: SuperStar99(String)
<==    Columns: id, username, email, password, created_at, avatar, is_deleted, last_update
<==        Row: 17, SuperStar99, SuperStar99@test.com, e5dbbe91dc28f6a3e4052250a9a23c4d, 2024-09-28 12:17:44, null, 0, 2024-09-28 12:17:44
<==      Total: 1
Releasing transactional SqlSession [org.apache.ibatis.session.defaults.DefaultSqlSession@276b68af]
Transaction synchronization committing SqlSession [org.apache.ibatis.session.defaults.DefaultSqlSession@276b68af]
Transaction synchronization deregistering SqlSession [org.apache.ibatis.session.defaults.DefaultSqlSession@276b68af]
Transaction synchronization closing SqlSession [org.apache.ibatis.session.defaults.DefaultSqlSession@276b68af]
Creating a new SqlSession
Registering transaction synchronization for SqlSession [org.apache.ibatis.session.defaults.DefaultSqlSession@19412eef]
JDBC Connection [HikariProxyConnection@132158154 wrapping com.mysql.cj.jdbc.ConnectionImpl@7e615c6a] will be managed by Spring
==>  Preparing: SELECT id, username, email, password, created_at, avatar, is_deleted, last_update FROM `tb_user` WHERE username = ?
==> Parameters: BrightEyes56(String)
<==    Columns: id, username, email, password, created_at, avatar, is_deleted, last_update
<==        Row: 18, BrightEyes56, BrightEyes56@test.com, c382822e2cd869a22b4b8edacfa598f3, 2024-09-28 12:17:44, null, 0, 2024-09-28 12:17:44
<==      Total: 1
Releasing transactional SqlSession [org.apache.ibatis.session.defaults.DefaultSqlSession@19412eef]
Transaction synchronization committing SqlSession [org.apache.ibatis.session.defaults.DefaultSqlSession@19412eef]
Transaction synchronization deregistering SqlSession [org.apache.ibatis.session.defaults.DefaultSqlSession@19412eef]
Transaction synchronization closing SqlSession [org.apache.ibatis.session.defaults.DefaultSqlSession@19412eef]
Creating a new SqlSession
Registering transaction synchronization for SqlSession [org.apache.ibatis.session.defaults.DefaultSqlSession@6a4f15bc]
JDBC Connection [HikariProxyConnection@1679944167 wrapping com.mysql.cj.jdbc.ConnectionImpl@7e615c6a] will be managed by Spring
==>  Preparing: SELECT id, username, email, password, created_at, avatar, is_deleted, last_update FROM `tb_user` WHERE username = ?
==> Parameters: WaterDrop78(String)
<==    Columns: id, username, email, password, created_at, avatar, is_deleted, last_update
<==        Row: 19, WaterDrop78, WaterDrop78@test.com, cf4df1a685ab585a33760235f8e4ca50, 2024-09-28 12:17:44, null, 0, 2024-09-28 12:17:44
<==      Total: 1
Releasing transactional SqlSession [org.apache.ibatis.session.defaults.DefaultSqlSession@6a4f15bc]
Transaction synchronization committing SqlSession [org.apache.ibatis.session.defaults.DefaultSqlSession@6a4f15bc]
Transaction synchronization deregistering SqlSession [org.apache.ibatis.session.defaults.DefaultSqlSession@6a4f15bc]
Transaction synchronization closing SqlSession [org.apache.ibatis.session.defaults.DefaultSqlSession@6a4f15bc]
Creating a new SqlSession
Registering transaction synchronization for SqlSession [org.apache.ibatis.session.defaults.DefaultSqlSession@475b796d]
JDBC Connection [HikariProxyConnection@1774713748 wrapping com.mysql.cj.jdbc.ConnectionImpl@7e615c6a] will be managed by Spring
==>  Preparing: SELECT id, username, email, password, created_at, avatar, is_deleted, last_update FROM `tb_user` WHERE username = ?
==> Parameters: WildFlower02(String)
<==    Columns: id, username, email, password, created_at, avatar, is_deleted, last_update
<==        Row: 20, WildFlower02, WildFlower02@test.com, 045716afe5027edf9b2774c93007c1ec, 2024-09-28 12:17:44, null, 0, 2024-09-28 12:17:44
<==      Total: 1
Releasing transactional SqlSession [org.apache.ibatis.session.defaults.DefaultSqlSession@475b796d]
Transaction synchronization committing SqlSession [org.apache.ibatis.session.defaults.DefaultSqlSession@475b796d]
Transaction synchronization deregistering SqlSession [org.apache.ibatis.session.defaults.DefaultSqlSession@475b796d]
Transaction synchronization closing SqlSession [org.apache.ibatis.session.defaults.DefaultSqlSession@475b796d]
Creating a new SqlSession
Registering transaction synchronization for SqlSession [org.apache.ibatis.session.defaults.DefaultSqlSession@7bca98d5]
JDBC Connection [HikariProxyConnection@1030925290 wrapping com.mysql.cj.jdbc.ConnectionImpl@7e615c6a] will be managed by Spring
==>  Preparing: SELECT id, username, email, password, created_at, avatar, is_deleted, last_update FROM `tb_user` WHERE username = ?
==> Parameters: GoldenLeaf4(String)
<==    Columns: id, username, email, password, created_at, avatar, is_deleted, last_update
<==        Row: 21, GoldenLeaf4, GoldenLeaf4@test.com, 9c2ec7880594ac36c8db7551c34125bb, 2024-09-28 12:17:44, null, 0, 2024-09-28 12:17:44
<==      Total: 1
Releasing transactional SqlSession [org.apache.ibatis.session.defaults.DefaultSqlSession@7bca98d5]
Transaction synchronization committing SqlSession [org.apache.ibatis.session.defaults.DefaultSqlSession@7bca98d5]
Transaction synchronization deregistering SqlSession [org.apache.ibatis.session.defaults.DefaultSqlSession@7bca98d5]
Transaction synchronization closing SqlSession [org.apache.ibatis.session.defaults.DefaultSqlSession@7bca98d5]
Creating a new SqlSession
Registering transaction synchronization for SqlSession [org.apache.ibatis.session.defaults.DefaultSqlSession@45ea6c24]
JDBC Connection [HikariProxyConnection@2037830530 wrapping com.mysql.cj.jdbc.ConnectionImpl@7e615c6a] will be managed by Spring
==>  Preparing: SELECT id, username, email, password, created_at, avatar, is_deleted, last_update FROM `tb_user` WHERE username = ?
==> Parameters: SkyRocket31(String)
<==    Columns: id, username, email, password, created_at, avatar, is_deleted, last_update
<==        Row: 22, SkyRocket31, SkyRocket31@test.com, 5c0a19813265d336e7f89014e4a916a4, 2024-09-28 12:17:44, null, 0, 2024-09-28 12:17:44
<==      Total: 1
Releasing transactional SqlSession [org.apache.ibatis.session.defaults.DefaultSqlSession@45ea6c24]
Transaction synchronization committing SqlSession [org.apache.ibatis.session.defaults.DefaultSqlSession@45ea6c24]
Transaction synchronization deregistering SqlSession [org.apache.ibatis.session.defaults.DefaultSqlSession@45ea6c24]
Transaction synchronization closing SqlSession [org.apache.ibatis.session.defaults.DefaultSqlSession@45ea6c24]
Creating a new SqlSession
Registering transaction synchronization for SqlSession [org.apache.ibatis.session.defaults.DefaultSqlSession@4feea86f]
JDBC Connection [HikariProxyConnection@1233973724 wrapping com.mysql.cj.jdbc.ConnectionImpl@7e615c6a] will be managed by Spring
==>  Preparing: SELECT id, username, email, password, created_at, avatar, is_deleted, last_update FROM `tb_user` WHERE username = ?
==> Parameters: SugarGlider6(String)
<==    Columns: id, username, email, password, created_at, avatar, is_deleted, last_update
<==        Row: 23, SugarGlider6, SugarGlider6@test.com, ab49dd63b575fc8946947a7d8ab6f92e, 2024-09-28 12:17:44, null, 0, 2024-09-28 12:17:44
<==      Total: 1
Releasing transactional SqlSession [org.apache.ibatis.session.defaults.DefaultSqlSession@4feea86f]
Transaction synchronization committing SqlSession [org.apache.ibatis.session.defaults.DefaultSqlSession@4feea86f]
Transaction synchronization deregistering SqlSession [org.apache.ibatis.session.defaults.DefaultSqlSession@4feea86f]
Transaction synchronization closing SqlSession [org.apache.ibatis.session.defaults.DefaultSqlSession@4feea86f]
Creating a new SqlSession
Registering transaction synchronization for SqlSession [org.apache.ibatis.session.defaults.DefaultSqlSession@318beab4]
JDBC Connection [HikariProxyConnection@1468302269 wrapping com.mysql.cj.jdbc.ConnectionImpl@7e615c6a] will be managed by Spring
==>  Preparing: SELECT id, username, email, password, created_at, avatar, is_deleted, last_update FROM `tb_user` WHERE username = ?
==> Parameters: MoonBeam888(String)
<==    Columns: id, username, email, password, created_at, avatar, is_deleted, last_update
<==        Row: 24, MoonBeam888, MoonBeam888@test.com, 0a2b7d2a88c6cde7faa5fc2d019fa14b, 2024-09-28 12:17:44, null, 0, 2024-09-28 12:17:44
<==      Total: 1
Releasing transactional SqlSession [org.apache.ibatis.session.defaults.DefaultSqlSession@318beab4]
Transaction synchronization committing SqlSession [org.apache.ibatis.session.defaults.DefaultSqlSession@318beab4]
Transaction synchronization deregistering SqlSession [org.apache.ibatis.session.defaults.DefaultSqlSession@318beab4]
Transaction synchronization closing SqlSession [org.apache.ibatis.session.defaults.DefaultSqlSession@318beab4]
Creating a new SqlSession
Registering transaction synchronization for SqlSession [org.apache.ibatis.session.defaults.DefaultSqlSession@56f4f385]
JDBC Connection [HikariProxyConnection@418472732 wrapping com.mysql.cj.jdbc.ConnectionImpl@7e615c6a] will be managed by Spring
==>  Preparing: SELECT id, username, email, password, created_at, avatar, is_deleted, last_update FROM `tb_user` WHERE username = ?
==> Parameters: MagicWand55(String)
<==    Columns: id, username, email, password, created_at, avatar, is_deleted, last_update
<==        Row: 25, MagicWand55, MagicWand55@test.com, d7477e14af7f77e7ff282f0b783a2f68, 2024-09-28 12:17:44, null, 0, 2024-09-28 12:17:44
<==      Total: 1
Releasing transactional SqlSession [org.apache.ibatis.session.defaults.DefaultSqlSession@56f4f385]
Transaction synchronization committing SqlSession [org.apache.ibatis.session.defaults.DefaultSqlSession@56f4f385]
Transaction synchronization deregistering SqlSession [org.apache.ibatis.session.defaults.DefaultSqlSession@56f4f385]
Transaction synchronization closing SqlSession [org.apache.ibatis.session.defaults.DefaultSqlSession@56f4f385]
Creating a new SqlSession
Registering transaction synchronization for SqlSession [org.apache.ibatis.session.defaults.DefaultSqlSession@72b4ecb2]
JDBC Connection [HikariProxyConnection@1451735609 wrapping com.mysql.cj.jdbc.ConnectionImpl@7e615c6a] will be managed by Spring
==>  Preparing: SELECT id, username, email, password, created_at, avatar, is_deleted, last_update FROM `tb_user` WHERE username = ?
==> Parameters: RainBow123(String)
<==    Columns: id, username, email, password, created_at, avatar, is_deleted, last_update
<==        Row: 26, RainBow123, RainBow123@test.com, 3114f99710d2e073f57cfe7109b4356e, 2024-09-28 12:17:44, null, 0, 2024-09-28 12:17:44
<==      Total: 1
Releasing transactional SqlSession [org.apache.ibatis.session.defaults.DefaultSqlSession@72b4ecb2]
Transaction synchronization committing SqlSession [org.apache.ibatis.session.defaults.DefaultSqlSession@72b4ecb2]
Transaction synchronization deregistering SqlSession [org.apache.ibatis.session.defaults.DefaultSqlSession@72b4ecb2]
Transaction synchronization closing SqlSession [org.apache.ibatis.session.defaults.DefaultSqlSession@72b4ecb2]
Creating a new SqlSession
Registering transaction synchronization for SqlSession [org.apache.ibatis.session.defaults.DefaultSqlSession@6abbdcde]
JDBC Connection [HikariProxyConnection@705708158 wrapping com.mysql.cj.jdbc.ConnectionImpl@7e615c6a] will be managed by Spring
==>  Preparing: SELECT id, username, email, password, created_at, avatar, is_deleted, last_update FROM `tb_user` WHERE username = ?
==> Parameters: SnowFlake777(String)
<==    Columns: id, username, email, password, created_at, avatar, is_deleted, last_update
<==        Row: 27, SnowFlake777, SnowFlake777@test.com, 7fb9a371719219624a01f5dba725fbd0, 2024-09-28 12:17:44, null, 0, 2024-09-28 12:17:44
<==      Total: 1
Releasing transactional SqlSession [org.apache.ibatis.session.defaults.DefaultSqlSession@6abbdcde]
Transaction synchronization committing SqlSession [org.apache.ibatis.session.defaults.DefaultSqlSession@6abbdcde]
Transaction synchronization deregistering SqlSession [org.apache.ibatis.session.defaults.DefaultSqlSession@6abbdcde]
Transaction synchronization closing SqlSession [org.apache.ibatis.session.defaults.DefaultSqlSession@6abbdcde]
Creating a new SqlSession
Registering transaction synchronization for SqlSession [org.apache.ibatis.session.defaults.DefaultSqlSession@5a35efac]
JDBC Connection [HikariProxyConnection@1491724370 wrapping com.mysql.cj.jdbc.ConnectionImpl@7e615c6a] will be managed by Spring
==>  Preparing: SELECT id, username, email, password, created_at, avatar, is_deleted, last_update FROM `tb_user` WHERE username = ?
==> Parameters: SunBurst20(String)
<==    Columns: id, username, email, password, created_at, avatar, is_deleted, last_update
<==        Row: 28, SunBurst20, SunBurst20@test.com, 0469b0b396d6390feba877c79849e040, 2024-09-28 12:17:44, null, 0, 2024-09-28 12:17:44
<==      Total: 1
Releasing transactional SqlSession [org.apache.ibatis.session.defaults.DefaultSqlSession@5a35efac]
Transaction synchronization committing SqlSession [org.apache.ibatis.session.defaults.DefaultSqlSession@5a35efac]
Transaction synchronization deregistering SqlSession [org.apache.ibatis.session.defaults.DefaultSqlSession@5a35efac]
Transaction synchronization closing SqlSession [org.apache.ibatis.session.defaults.DefaultSqlSession@5a35efac]
Creating a new SqlSession
Registering transaction synchronization for SqlSession [org.apache.ibatis.session.defaults.DefaultSqlSession@279e4506]
JDBC Connection [HikariProxyConnection@1379795356 wrapping com.mysql.cj.jdbc.ConnectionImpl@7e615c6a] will be managed by Spring
==>  Preparing: SELECT id, username, email, password, created_at, avatar, is_deleted, last_update FROM `tb_user` WHERE username = ?
==> Parameters: StarGazer44(String)
<==    Columns: id, username, email, password, created_at, avatar, is_deleted, last_update
<==        Row: 29, StarGazer44, StarGazer44@test.com, ba7053d029b2afe4f8aadf35edb88048, 2024-09-28 12:17:44, null, 0, 2024-09-28 12:17:44
<==      Total: 1
Releasing transactional SqlSession [org.apache.ibatis.session.defaults.DefaultSqlSession@279e4506]
Transaction synchronization committing SqlSession [org.apache.ibatis.session.defaults.DefaultSqlSession@279e4506]
Transaction synchronization deregistering SqlSession [org.apache.ibatis.session.defaults.DefaultSqlSession@279e4506]
Transaction synchronization closing SqlSession [org.apache.ibatis.session.defaults.DefaultSqlSession@279e4506]
Creating a new SqlSession
Registering transaction synchronization for SqlSession [org.apache.ibatis.session.defaults.DefaultSqlSession@49f32bcb]
JDBC Connection [HikariProxyConnection@945965626 wrapping com.mysql.cj.jdbc.ConnectionImpl@7e615c6a] will be managed by Spring
==>  Preparing: SELECT id, username, email, password, created_at, avatar, is_deleted, last_update FROM `tb_user` WHERE username = ?
==> Parameters: CloudDrifter9(String)
<==    Columns: id, username, email, password, created_at, avatar, is_deleted, last_update
<==        Row: 30, CloudDrifter9, CloudDrifter9@test.com, cd80568fa704538b2ad12d1df5d3e666, 2024-09-28 12:17:44, null, 0, 2024-09-28 12:17:44
<==      Total: 1
Releasing transactional SqlSession [org.apache.ibatis.session.defaults.DefaultSqlSession@49f32bcb]
Transaction synchronization committing SqlSession [org.apache.ibatis.session.defaults.DefaultSqlSession@49f32bcb]
Transaction synchronization deregistering SqlSession [org.apache.ibatis.session.defaults.DefaultSqlSession@49f32bcb]
Transaction synchronization closing SqlSession [org.apache.ibatis.session.defaults.DefaultSqlSession@49f32bcb]
Creating a new SqlSession
Registering transaction synchronization for SqlSession [org.apache.ibatis.session.defaults.DefaultSqlSession@73cdf5f9]
JDBC Connection [HikariProxyConnection@1475886535 wrapping com.mysql.cj.jdbc.ConnectionImpl@7e615c6a] will be managed by Spring
==>  Preparing: SELECT id, username, email, password, created_at, avatar, is_deleted, last_update FROM `tb_user` WHERE username = ?
==> Parameters: NightOwl666(String)
<==    Columns: id, username, email, password, created_at, avatar, is_deleted, last_update
<==        Row: 31, NightOwl666, NightOwl666@test.com, 10bc6b81dcf1c65740175df38664a554, 2024-09-28 12:17:44, null, 0, 2024-09-28 12:17:44
<==      Total: 1
Releasing transactional SqlSession [org.apache.ibatis.session.defaults.DefaultSqlSession@73cdf5f9]
Transaction synchronization committing SqlSession [org.apache.ibatis.session.defaults.DefaultSqlSession@73cdf5f9]
Transaction synchronization deregistering SqlSession [org.apache.ibatis.session.defaults.DefaultSqlSession@73cdf5f9]
Transaction synchronization closing SqlSession [org.apache.ibatis.session.defaults.DefaultSqlSession@73cdf5f9]
Creating a new SqlSession
Registering transaction synchronization for SqlSession [org.apache.ibatis.session.defaults.DefaultSqlSession@696d28ee]
JDBC Connection [HikariProxyConnection@245582109 wrapping com.mysql.cj.jdbc.ConnectionImpl@7e615c6a] will be managed by Spring
==>  Preparing: SELECT id, username, email, password, created_at, avatar, is_deleted, last_update FROM `tb_user` WHERE username = ?
==> Parameters: DayDreamer2(String)
<==    Columns: id, username, email, password, created_at, avatar, is_deleted, last_update
<==        Row: 32, DayDreamer2, DayDreamer2@test.com, fd8385bca7d0e64ee7317cf0f2ba9928, 2024-09-28 12:17:45, null, 0, 2024-09-28 12:17:45
<==      Total: 1
Releasing transactional SqlSession [org.apache.ibatis.session.defaults.DefaultSqlSession@696d28ee]
Transaction synchronization committing SqlSession [org.apache.ibatis.session.defaults.DefaultSqlSession@696d28ee]
Transaction synchronization deregistering SqlSession [org.apache.ibatis.session.defaults.DefaultSqlSession@696d28ee]
Transaction synchronization closing SqlSession [org.apache.ibatis.session.defaults.DefaultSqlSession@696d28ee]
Creating a new SqlSession
Registering transaction synchronization for SqlSession [org.apache.ibatis.session.defaults.DefaultSqlSession@62d72091]
JDBC Connection [HikariProxyConnection@62415796 wrapping com.mysql.cj.jdbc.ConnectionImpl@7e615c6a] will be managed by Spring
==>  Preparing: SELECT id, username, email, password, created_at, avatar, is_deleted, last_update FROM `tb_user` WHERE username = ?
==> Parameters: WaveRunner15(String)
<==    Columns: id, username, email, password, created_at, avatar, is_deleted, last_update
<==        Row: 33, WaveRunner15, WaveRunner15@test.com, 9c97ba5a72e51474ea8e8397420f3acf, 2024-09-28 12:17:45, null, 0, 2024-09-28 12:17:45
<==      Total: 1
Releasing transactional SqlSession [org.apache.ibatis.session.defaults.DefaultSqlSession@62d72091]
Transaction synchronization committing SqlSession [org.apache.ibatis.session.defaults.DefaultSqlSession@62d72091]
Transaction synchronization deregistering SqlSession [org.apache.ibatis.session.defaults.DefaultSqlSession@62d72091]
Transaction synchronization closing SqlSession [org.apache.ibatis.session.defaults.DefaultSqlSession@62d72091]
Creating a new SqlSession
Registering transaction synchronization for SqlSession [org.apache.ibatis.session.defaults.DefaultSqlSession@7e2c8622]
JDBC Connection [HikariProxyConnection@191345497 wrapping com.mysql.cj.jdbc.ConnectionImpl@7e615c6a] will be managed by Spring
==>  Preparing: SELECT id, username, email, password, created_at, avatar, is_deleted, last_update FROM `tb_user` WHERE username = ?
==> Parameters: ForestNymph3(String)
<==    Columns: id, username, email, password, created_at, avatar, is_deleted, last_update
<==        Row: 34, ForestNymph3, ForestNymph3@test.com, ccf9af64773b20a55a506032604ba92b, 2024-09-28 12:17:45, null, 0, 2024-09-28 12:17:45
<==      Total: 1
Releasing transactional SqlSession [org.apache.ibatis.session.defaults.DefaultSqlSession@7e2c8622]
Transaction synchronization committing SqlSession [org.apache.ibatis.session.defaults.DefaultSqlSession@7e2c8622]
Transaction synchronization deregistering SqlSession [org.apache.ibatis.session.defaults.DefaultSqlSession@7e2c8622]
Transaction synchronization closing SqlSession [org.apache.ibatis.session.defaults.DefaultSqlSession@7e2c8622]
Creating a new SqlSession
Registering transaction synchronization for SqlSession [org.apache.ibatis.session.defaults.DefaultSqlSession@130bd00e]
JDBC Connection [HikariProxyConnection@2029851001 wrapping com.mysql.cj.jdbc.ConnectionImpl@7e615c6a] will be managed by Spring
==>  Preparing: SELECT id, username, email, password, created_at, avatar, is_deleted, last_update FROM `tb_user` WHERE username = ?
==> Parameters: RockStar88(String)
<==    Columns: id, username, email, password, created_at, avatar, is_deleted, last_update
<==        Row: 35, RockStar88, RockStar88@test.com, eb4446170e09b44b79ec0444ba61d3ce, 2024-09-28 12:17:45, null, 0, 2024-09-28 12:17:45
<==      Total: 1
Releasing transactional SqlSession [org.apache.ibatis.session.defaults.DefaultSqlSession@130bd00e]
Transaction synchronization committing SqlSession [org.apache.ibatis.session.defaults.DefaultSqlSession@130bd00e]
Transaction synchronization deregistering SqlSession [org.apache.ibatis.session.defaults.DefaultSqlSession@130bd00e]
Transaction synchronization closing SqlSession [org.apache.ibatis.session.defaults.DefaultSqlSession@130bd00e]
Creating a new SqlSession
Registering transaction synchronization for SqlSession [org.apache.ibatis.session.defaults.DefaultSqlSession@5e08ed28]
JDBC Connection [HikariProxyConnection@886499748 wrapping com.mysql.cj.jdbc.ConnectionImpl@7e615c6a] will be managed by Spring
==>  Preparing: SELECT id, username, email, password, created_at, avatar, is_deleted, last_update FROM `tb_user` WHERE username = ?
==> Parameters: IceCrystal4(String)
<==    Columns: id, username, email, password, created_at, avatar, is_deleted, last_update
<==        Row: 36, IceCrystal4, IceCrystal4@test.com, 11e2663f9761458cd042bfcf9a0952b6, 2024-09-28 12:17:45, null, 0, 2024-09-28 12:17:45
<==      Total: 1
Releasing transactional SqlSession [org.apache.ibatis.session.defaults.DefaultSqlSession@5e08ed28]
Transaction synchronization committing SqlSession [org.apache.ibatis.session.defaults.DefaultSqlSession@5e08ed28]
Transaction synchronization deregistering SqlSession [org.apache.ibatis.session.defaults.DefaultSqlSession@5e08ed28]
Transaction synchronization closing SqlSession [org.apache.ibatis.session.defaults.DefaultSqlSession@5e08ed28]
Creating a new SqlSession
Registering transaction synchronization for SqlSession [org.apache.ibatis.session.defaults.DefaultSqlSession@4822fc53]
JDBC Connection [HikariProxyConnection@1840794798 wrapping com.mysql.cj.jdbc.ConnectionImpl@7e615c6a] will be managed by Spring
==>  Preparing: SELECT id, username, email, password, created_at, avatar, is_deleted, last_update FROM `tb_user` WHERE username = ?
==> Parameters: FireBall999(String)
<==    Columns: id, username, email, password, created_at, avatar, is_deleted, last_update
<==        Row: 37, FireBall999, FireBall999@test.com, 1a0c95021f0d60023ab87e3b5fa9053e, 2024-09-28 12:17:45, null, 0, 2024-09-28 12:17:45
<==      Total: 1
Releasing transactional SqlSession [org.apache.ibatis.session.defaults.DefaultSqlSession@4822fc53]
Transaction synchronization committing SqlSession [org.apache.ibatis.session.defaults.DefaultSqlSession@4822fc53]
Transaction synchronization deregistering SqlSession [org.apache.ibatis.session.defaults.DefaultSqlSession@4822fc53]
Transaction synchronization closing SqlSession [org.apache.ibatis.session.defaults.DefaultSqlSession@4822fc53]
Creating a new SqlSession
Registering transaction synchronization for SqlSession [org.apache.ibatis.session.defaults.DefaultSqlSession@32aa27a7]
JDBC Connection [HikariProxyConnection@1938741459 wrapping com.mysql.cj.jdbc.ConnectionImpl@7e615c6a] will be managed by Spring
==>  Preparing: SELECT id, username, email, password, created_at, avatar, is_deleted, last_update FROM `tb_user` WHERE username = ?
==> Parameters: WindSong12(String)
<==    Columns: id, username, email, password, created_at, avatar, is_deleted, last_update
<==        Row: 38, WindSong12, WindSong12@test.com, 665a161cc99c9f35265b011f4b7a2918, 2024-09-28 12:17:45, null, 0, 2024-09-28 12:17:45
<==      Total: 1
Releasing transactional SqlSession [org.apache.ibatis.session.defaults.DefaultSqlSession@32aa27a7]
Transaction synchronization committing SqlSession [org.apache.ibatis.session.defaults.DefaultSqlSession@32aa27a7]
Transaction synchronization deregistering SqlSession [org.apache.ibatis.session.defaults.DefaultSqlSession@32aa27a7]
Transaction synchronization closing SqlSession [org.apache.ibatis.session.defaults.DefaultSqlSession@32aa27a7]
Creating a new SqlSession
Registering transaction synchronization for SqlSession [org.apache.ibatis.session.defaults.DefaultSqlSession@517fb2c3]
JDBC Connection [HikariProxyConnection@1776649574 wrapping com.mysql.cj.jdbc.ConnectionImpl@7e615c6a] will be managed by Spring
==>  Preparing: SELECT id, username, email, password, created_at, avatar, is_deleted, last_update FROM `tb_user` WHERE username = ?
==> Parameters: EarthQuake7(String)
<==    Columns: id, username, email, password, created_at, avatar, is_deleted, last_update
<==        Row: 39, EarthQuake7, EarthQuake7@test.com, bc6a2dbecf71d3e58c3198f76ec981fb, 2024-09-28 12:17:45, null, 0, 2024-09-28 12:17:45
<==      Total: 1
Releasing transactional SqlSession [org.apache.ibatis.session.defaults.DefaultSqlSession@517fb2c3]
Transaction synchronization committing SqlSession [org.apache.ibatis.session.defaults.DefaultSqlSession@517fb2c3]
Transaction synchronization deregistering SqlSession [org.apache.ibatis.session.defaults.DefaultSqlSession@517fb2c3]
Transaction synchronization closing SqlSession [org.apache.ibatis.session.defaults.DefaultSqlSession@517fb2c3]
Creating a new SqlSession
Registering transaction synchronization for SqlSession [org.apache.ibatis.session.defaults.DefaultSqlSession@2e214d39]
JDBC Connection [HikariProxyConnection@1135188106 wrapping com.mysql.cj.jdbc.ConnectionImpl@7e615c6a] will be managed by Spring
==>  Preparing: SELECT id, username, email, password, created_at, avatar, is_deleted, last_update FROM `tb_user` WHERE username = ?
==> Parameters: LightSpeed56(String)
<==    Columns: id, username, email, password, created_at, avatar, is_deleted, last_update
<==        Row: 40, LightSpeed56, LightSpeed56@test.com, c1ffbf2bcd3595c501591368aeeb0f5b, 2024-09-28 12:17:45, null, 0, 2024-09-28 12:17:45
<==      Total: 1
Releasing transactional SqlSession [org.apache.ibatis.session.defaults.DefaultSqlSession@2e214d39]
Transaction synchronization committing SqlSession [org.apache.ibatis.session.defaults.DefaultSqlSession@2e214d39]
Transaction synchronization deregistering SqlSession [org.apache.ibatis.session.defaults.DefaultSqlSession@2e214d39]
Transaction synchronization closing SqlSession [org.apache.ibatis.session.defaults.DefaultSqlSession@2e214d39]
Creating a new SqlSession
Registering transaction synchronization for SqlSession [org.apache.ibatis.session.defaults.DefaultSqlSession@45f32b12]
JDBC Connection [HikariProxyConnection@1539226083 wrapping com.mysql.cj.jdbc.ConnectionImpl@7e615c6a] will be managed by Spring
==>  Preparing: SELECT id, username, email, password, created_at, avatar, is_deleted, last_update FROM `tb_user` WHERE username = ?
==> Parameters: DarkKnight23(String)
<==    Columns: id, username, email, password, created_at, avatar, is_deleted, last_update
<==        Row: 41, DarkKnight23, DarkKnight23@test.com, baf087cfb6c6d485cdde680bfa604aef, 2024-09-28 12:17:45, null, 0, 2024-09-28 12:17:45
<==      Total: 1
Releasing transactional SqlSession [org.apache.ibatis.session.defaults.DefaultSqlSession@45f32b12]
Transaction synchronization committing SqlSession [org.apache.ibatis.session.defaults.DefaultSqlSession@45f32b12]
Transaction synchronization deregistering SqlSession [org.apache.ibatis.session.defaults.DefaultSqlSession@45f32b12]
Transaction synchronization closing SqlSession [org.apache.ibatis.session.defaults.DefaultSqlSession@45f32b12]
Creating a new SqlSession
Registering transaction synchronization for SqlSession [org.apache.ibatis.session.defaults.DefaultSqlSession@191cf38f]
JDBC Connection [HikariProxyConnection@52076202 wrapping com.mysql.cj.jdbc.ConnectionImpl@7e615c6a] will be managed by Spring
==>  Preparing: SELECT id, username, email, password, created_at, avatar, is_deleted, last_update FROM `tb_user` WHERE username = ?
==> Parameters: SeaBreeze88(String)
<==    Columns: id, username, email, password, created_at, avatar, is_deleted, last_update
<==        Row: 42, SeaBreeze88, SeaBreeze88@test.com, 64c57ee6ddb17d44d219c0872d4a0abf, 2024-09-28 12:17:45, null, 0, 2024-09-28 12:17:45
<==      Total: 1
Releasing transactional SqlSession [org.apache.ibatis.session.defaults.DefaultSqlSession@191cf38f]
Transaction synchronization committing SqlSession [org.apache.ibatis.session.defaults.DefaultSqlSession@191cf38f]
Transaction synchronization deregistering SqlSession [org.apache.ibatis.session.defaults.DefaultSqlSession@191cf38f]
Transaction synchronization closing SqlSession [org.apache.ibatis.session.defaults.DefaultSqlSession@191cf38f]
Creating a new SqlSession
Registering transaction synchronization for SqlSession [org.apache.ibatis.session.defaults.DefaultSqlSession@67c912d3]
JDBC Connection [HikariProxyConnection@938043359 wrapping com.mysql.cj.jdbc.ConnectionImpl@7e615c6a] will be managed by Spring
==>  Preparing: SELECT id, username, email, password, created_at, avatar, is_deleted, last_update FROM `tb_user` WHERE username = ?
==> Parameters: MountainMan4(String)
<==    Columns: id, username, email, password, created_at, avatar, is_deleted, last_update
<==        Row: 43, MountainMan4, MountainMan4@test.com, 51414db24dde0927a0a2de67a01e422e, 2024-09-28 12:17:45, null, 0, 2024-09-28 12:17:45
<==      Total: 1
Releasing transactional SqlSession [org.apache.ibatis.session.defaults.DefaultSqlSession@67c912d3]
Transaction synchronization committing SqlSession [org.apache.ibatis.session.defaults.DefaultSqlSession@67c912d3]
Transaction synchronization deregistering SqlSession [org.apache.ibatis.session.defaults.DefaultSqlSession@67c912d3]
Transaction synchronization closing SqlSession [org.apache.ibatis.session.defaults.DefaultSqlSession@67c912d3]
Creating a new SqlSession
Registering transaction synchronization for SqlSession [org.apache.ibatis.session.defaults.DefaultSqlSession@395854dd]
JDBC Connection [HikariProxyConnection@798836643 wrapping com.mysql.cj.jdbc.ConnectionImpl@7e615c6a] will be managed by Spring
==>  Preparing: SELECT id, username, email, password, created_at, avatar, is_deleted, last_update FROM `tb_user` WHERE username = ?
==> Parameters: SpaceWalker1(String)
<==    Columns: id, username, email, password, created_at, avatar, is_deleted, last_update
<==        Row: 44, SpaceWalker1, SpaceWalker1@test.com, 107b08acb02e0989240d37b886776def, 2024-09-28 12:17:45, null, 0, 2024-09-28 12:17:45
<==      Total: 1
Releasing transactional SqlSession [org.apache.ibatis.session.defaults.DefaultSqlSession@395854dd]
Transaction synchronization committing SqlSession [org.apache.ibatis.session.defaults.DefaultSqlSession@395854dd]
Transaction synchronization deregistering SqlSession [org.apache.ibatis.session.defaults.DefaultSqlSession@395854dd]
Transaction synchronization closing SqlSession [org.apache.ibatis.session.defaults.DefaultSqlSession@395854dd]
Creating a new SqlSession
Registering transaction synchronization for SqlSession [org.apache.ibatis.session.defaults.DefaultSqlSession@67836d4]
JDBC Connection [HikariProxyConnection@551871103 wrapping com.mysql.cj.jdbc.ConnectionImpl@7e615c6a] will be managed by Spring
==>  Preparing: SELECT id, username, email, password, created_at, avatar, is_deleted, last_update FROM `tb_user` WHERE username = ?
==> Parameters: RainBowDash0(String)
<==    Columns: id, username, email, password, created_at, avatar, is_deleted, last_update
<==        Row: 45, RainBowDash0, RainBowDash0@test.com, 51dcd8a5151598c6a7ddcf8ac216461a, 2024-09-28 12:17:45, null, 0, 2024-09-28 12:17:45
<==      Total: 1
Releasing transactional SqlSession [org.apache.ibatis.session.defaults.DefaultSqlSession@67836d4]
Transaction synchronization committing SqlSession [org.apache.ibatis.session.defaults.DefaultSqlSession@67836d4]
Transaction synchronization deregistering SqlSession [org.apache.ibatis.session.defaults.DefaultSqlSession@67836d4]
Transaction synchronization closing SqlSession [org.apache.ibatis.session.defaults.DefaultSqlSession@67836d4]
Creating a new SqlSession
Registering transaction synchronization for SqlSession [org.apache.ibatis.session.defaults.DefaultSqlSession@715ea64a]
JDBC Connection [HikariProxyConnection@457951161 wrapping com.mysql.cj.jdbc.ConnectionImpl@7e615c6a] will be managed by Spring
==>  Preparing: SELECT id, username, email, password, created_at, avatar, is_deleted, last_update FROM `tb_user` WHERE username = ?
==> Parameters: SnowLeopard7(String)
<==    Columns: id, username, email, password, created_at, avatar, is_deleted, last_update
<==        Row: 46, SnowLeopard7, SnowLeopard7@test.com, 29ff3c8f5b16101935d80389d014ff37, 2024-09-28 12:17:45, null, 0, 2024-09-28 12:17:45
<==      Total: 1
Releasing transactional SqlSession [org.apache.ibatis.session.defaults.DefaultSqlSession@715ea64a]
Transaction synchronization committing SqlSession [org.apache.ibatis.session.defaults.DefaultSqlSession@715ea64a]
Transaction synchronization deregistering SqlSession [org.apache.ibatis.session.defaults.DefaultSqlSession@715ea64a]
Transaction synchronization closing SqlSession [org.apache.ibatis.session.defaults.DefaultSqlSession@715ea64a]
Creating a new SqlSession
Registering transaction synchronization for SqlSession [org.apache.ibatis.session.defaults.DefaultSqlSession@16bbb59c]
JDBC Connection [HikariProxyConnection@373085350 wrapping com.mysql.cj.jdbc.ConnectionImpl@7e615c6a] will be managed by Spring
==>  Preparing: SELECT id, username, email, password, created_at, avatar, is_deleted, last_update FROM `tb_user` WHERE username = ?
==> Parameters: SunFlower33(String)
<==    Columns: id, username, email, password, created_at, avatar, is_deleted, last_update
<==        Row: 47, SunFlower33, SunFlower33@test.com, aa470f1d00a4e8a1093793adf3275946, 2024-09-28 12:17:45, null, 0, 2024-09-28 12:17:45
<==      Total: 1
Releasing transactional SqlSession [org.apache.ibatis.session.defaults.DefaultSqlSession@16bbb59c]
Transaction synchronization committing SqlSession [org.apache.ibatis.session.defaults.DefaultSqlSession@16bbb59c]
Transaction synchronization deregistering SqlSession [org.apache.ibatis.session.defaults.DefaultSqlSession@16bbb59c]
Transaction synchronization closing SqlSession [org.apache.ibatis.session.defaults.DefaultSqlSession@16bbb59c]
Creating a new SqlSession
Registering transaction synchronization for SqlSession [org.apache.ibatis.session.defaults.DefaultSqlSession@5653429e]
JDBC Connection [HikariProxyConnection@144744913 wrapping com.mysql.cj.jdbc.ConnectionImpl@7e615c6a] will be managed by Spring
==>  Preparing: SELECT id, username, email, password, created_at, avatar, is_deleted, last_update FROM `tb_user` WHERE username = ?
==> Parameters: StarBurst99(String)
<==    Columns: id, username, email, password, created_at, avatar, is_deleted, last_update
<==        Row: 48, StarBurst99, StarBurst99@test.com, 24635ee1a685d37dc1e21c070ef23d1b, 2024-09-28 12:17:45, null, 0, 2024-09-28 12:17:45
<==      Total: 1
Releasing transactional SqlSession [org.apache.ibatis.session.defaults.DefaultSqlSession@5653429e]
Transaction synchronization committing SqlSession [org.apache.ibatis.session.defaults.DefaultSqlSession@5653429e]
Transaction synchronization deregistering SqlSession [org.apache.ibatis.session.defaults.DefaultSqlSession@5653429e]
Transaction synchronization closing SqlSession [org.apache.ibatis.session.defaults.DefaultSqlSession@5653429e]
Creating a new SqlSession
Registering transaction synchronization for SqlSession [org.apache.ibatis.session.defaults.DefaultSqlSession@215efb16]
JDBC Connection [HikariProxyConnection@446573627 wrapping com.mysql.cj.jdbc.ConnectionImpl@7e615c6a] will be managed by Spring
==>  Preparing: SELECT id, username, email, password, created_at, avatar, is_deleted, last_update FROM `tb_user` WHERE username = ?
==> Parameters: CloudPuff55(String)
<==    Columns: id, username, email, password, created_at, avatar, is_deleted, last_update
<==        Row: 49, CloudPuff55, CloudPuff55@test.com, f0644811b01b0a95d8f8325f8afa97ba, 2024-09-28 12:17:45, null, 0, 2024-09-28 12:17:45
<==      Total: 1
Releasing transactional SqlSession [org.apache.ibatis.session.defaults.DefaultSqlSession@215efb16]
Transaction synchronization committing SqlSession [org.apache.ibatis.session.defaults.DefaultSqlSession@215efb16]
Transaction synchronization deregistering SqlSession [org.apache.ibatis.session.defaults.DefaultSqlSession@215efb16]
Transaction synchronization closing SqlSession [org.apache.ibatis.session.defaults.DefaultSqlSession@215efb16]
Creating a new SqlSession
Registering transaction synchronization for SqlSession [org.apache.ibatis.session.defaults.DefaultSqlSession@9423344]
JDBC Connection [HikariProxyConnection@416864887 wrapping com.mysql.cj.jdbc.ConnectionImpl@7e615c6a] will be managed by Spring
==>  Preparing: SELECT id, username, email, password, created_at, avatar, is_deleted, last_update FROM `tb_user` WHERE username = ?
==> Parameters: NightMare66(String)
<==    Columns: id, username, email, password, created_at, avatar, is_deleted, last_update
<==        Row: 50, NightMare66, NightMare66@test.com, ef8ba716ef47bc29a13ab880c50918b1, 2024-09-28 12:17:45, null, 0, 2024-09-28 12:17:45
<==      Total: 1
Releasing transactional SqlSession [org.apache.ibatis.session.defaults.DefaultSqlSession@9423344]
Transaction synchronization committing SqlSession [org.apache.ibatis.session.defaults.DefaultSqlSession@9423344]
Transaction synchronization deregistering SqlSession [org.apache.ibatis.session.defaults.DefaultSqlSession@9423344]
Transaction synchronization closing SqlSession [org.apache.ibatis.session.defaults.DefaultSqlSession@9423344]
Creating a new SqlSession
Registering transaction synchronization for SqlSession [org.apache.ibatis.session.defaults.DefaultSqlSession@486d1868]
JDBC Connection [HikariProxyConnection@52401871 wrapping com.mysql.cj.jdbc.ConnectionImpl@7e615c6a] will be managed by Spring
==>  Preparing: SELECT id, username, email, password, created_at, avatar, is_deleted, last_update FROM `tb_user` WHERE username = ?
==> Parameters: DayBreaker22(String)
<==    Columns: id, username, email, password, created_at, avatar, is_deleted, last_update
<==        Row: 51, DayBreaker22, DayBreaker22@test.com, be8b496de6257db090e9b9e216ff3a97, 2024-09-28 12:17:45, null, 0, 2024-09-28 12:17:45
<==      Total: 1
Releasing transactional SqlSession [org.apache.ibatis.session.defaults.DefaultSqlSession@486d1868]
Transaction synchronization committing SqlSession [org.apache.ibatis.session.defaults.DefaultSqlSession@486d1868]
Transaction synchronization deregistering SqlSession [org.apache.ibatis.session.defaults.DefaultSqlSession@486d1868]
Transaction synchronization closing SqlSession [org.apache.ibatis.session.defaults.DefaultSqlSession@486d1868]
Creating a new SqlSession
Registering transaction synchronization for SqlSession [org.apache.ibatis.session.defaults.DefaultSqlSession@1d4b0a07]
JDBC Connection [HikariProxyConnection@1761528165 wrapping com.mysql.cj.jdbc.ConnectionImpl@7e615c6a] will be managed by Spring
==>  Preparing: SELECT id, username, email, password, created_at, avatar, is_deleted, last_update FROM `tb_user` WHERE username = ?
==> Parameters: WaveCrasher1(String)
<==    Columns: id, username, email, password, created_at, avatar, is_deleted, last_update
<==        Row: 52, WaveCrasher1, WaveCrasher1@test.com, e68bc9b6bf3e95c59ed5453cf70ee2d8, 2024-09-28 12:17:45, null, 0, 2024-09-28 12:17:45
<==      Total: 1
Releasing transactional SqlSession [org.apache.ibatis.session.defaults.DefaultSqlSession@1d4b0a07]
Transaction synchronization committing SqlSession [org.apache.ibatis.session.defaults.DefaultSqlSession@1d4b0a07]
Transaction synchronization deregistering SqlSession [org.apache.ibatis.session.defaults.DefaultSqlSession@1d4b0a07]
Transaction synchronization closing SqlSession [org.apache.ibatis.session.defaults.DefaultSqlSession@1d4b0a07]
Creating a new SqlSession
Registering transaction synchronization for SqlSession [org.apache.ibatis.session.defaults.DefaultSqlSession@3f2bf80d]
JDBC Connection [HikariProxyConnection@1923018591 wrapping com.mysql.cj.jdbc.ConnectionImpl@7e615c6a] will be managed by Spring
==>  Preparing: SELECT id, username, email, password, created_at, avatar, is_deleted, last_update FROM `tb_user` WHERE username = ?
==> Parameters: ForestGuard3(String)
<==    Columns: id, username, email, password, created_at, avatar, is_deleted, last_update
<==        Row: 53, ForestGuard3, ForestGuard3@test.com, e372ee2249cf149d152bc990e9e4af83, 2024-09-28 12:17:45, null, 0, 2024-09-28 12:17:45
<==      Total: 1
Releasing transactional SqlSession [org.apache.ibatis.session.defaults.DefaultSqlSession@3f2bf80d]
Transaction synchronization committing SqlSession [org.apache.ibatis.session.defaults.DefaultSqlSession@3f2bf80d]
Transaction synchronization deregistering SqlSession [org.apache.ibatis.session.defaults.DefaultSqlSession@3f2bf80d]
Transaction synchronization closing SqlSession [org.apache.ibatis.session.defaults.DefaultSqlSession@3f2bf80d]
Creating a new SqlSession
Registering transaction synchronization for SqlSession [org.apache.ibatis.session.defaults.DefaultSqlSession@46c7e6c0]
JDBC Connection [HikariProxyConnection@39867443 wrapping com.mysql.cj.jdbc.ConnectionImpl@7e615c6a] will be managed by Spring
==>  Preparing: SELECT id, username, email, password, created_at, avatar, is_deleted, last_update FROM `tb_user` WHERE username = ?
==> Parameters: RockClimber8(String)
<==    Columns: id, username, email, password, created_at, avatar, is_deleted, last_update
<==        Row: 54, RockClimber8, RockClimber8@test.com, 6a754585b54007a28c920854aded1681, 2024-09-28 12:17:45, null, 0, 2024-09-28 12:17:45
<==      Total: 1
Releasing transactional SqlSession [org.apache.ibatis.session.defaults.DefaultSqlSession@46c7e6c0]
Transaction synchronization committing SqlSession [org.apache.ibatis.session.defaults.DefaultSqlSession@46c7e6c0]
Transaction synchronization deregistering SqlSession [org.apache.ibatis.session.defaults.DefaultSqlSession@46c7e6c0]
Transaction synchronization closing SqlSession [org.apache.ibatis.session.defaults.DefaultSqlSession@46c7e6c0]
Creating a new SqlSession
Registering transaction synchronization for SqlSession [org.apache.ibatis.session.defaults.DefaultSqlSession@392af2e0]
JDBC Connection [HikariProxyConnection@861715645 wrapping com.mysql.cj.jdbc.ConnectionImpl@7e615c6a] will be managed by Spring
==>  Preparing: SELECT id, username, email, password, created_at, avatar, is_deleted, last_update FROM `tb_user` WHERE username = ?
==> Parameters: IceDragon44(String)
<==    Columns: id, username, email, password, created_at, avatar, is_deleted, last_update
<==        Row: 55, IceDragon44, IceDragon44@test.com, 5479ccb554236c4b68c0ad94f2cde85e, 2024-09-28 12:17:45, null, 0, 2024-09-28 12:17:45
<==      Total: 1
Releasing transactional SqlSession [org.apache.ibatis.session.defaults.DefaultSqlSession@392af2e0]
Transaction synchronization committing SqlSession [org.apache.ibatis.session.defaults.DefaultSqlSession@392af2e0]
Transaction synchronization deregistering SqlSession [org.apache.ibatis.session.defaults.DefaultSqlSession@392af2e0]
Transaction synchronization closing SqlSession [org.apache.ibatis.session.defaults.DefaultSqlSession@392af2e0]
Creating a new SqlSession
Registering transaction synchronization for SqlSession [org.apache.ibatis.session.defaults.DefaultSqlSession@a94c8e3]
JDBC Connection [HikariProxyConnection@42050891 wrapping com.mysql.cj.jdbc.ConnectionImpl@7e615c6a] will be managed by Spring
==>  Preparing: SELECT id, username, email, password, created_at, avatar, is_deleted, last_update FROM `tb_user` WHERE username = ?
==> Parameters: FireFlyer9(String)
<==    Columns: id, username, email, password, created_at, avatar, is_deleted, last_update
<==        Row: 56, FireFlyer9, FireFlyer9@test.com, bb4fdccf1712ec2c6bf0b098aeac712b, 2024-09-28 12:17:45, null, 0, 2024-09-28 12:17:45
<==      Total: 1
Releasing transactional SqlSession [org.apache.ibatis.session.defaults.DefaultSqlSession@a94c8e3]
Transaction synchronization committing SqlSession [org.apache.ibatis.session.defaults.DefaultSqlSession@a94c8e3]
Transaction synchronization deregistering SqlSession [org.apache.ibatis.session.defaults.DefaultSqlSession@a94c8e3]
Transaction synchronization closing SqlSession [org.apache.ibatis.session.defaults.DefaultSqlSession@a94c8e3]
Creating a new SqlSession
Registering transaction synchronization for SqlSession [org.apache.ibatis.session.defaults.DefaultSqlSession@763a72da]
JDBC Connection [HikariProxyConnection@1606903090 wrapping com.mysql.cj.jdbc.ConnectionImpl@7e615c6a] will be managed by Spring
==>  Preparing: SELECT id, username, email, password, created_at, avatar, is_deleted, last_update FROM `tb_user` WHERE username = ?
==> Parameters: WindChaser18(String)
<==    Columns: id, username, email, password, created_at, avatar, is_deleted, last_update
<==        Row: 57, WindChaser18, WindChaser18@test.com, 22eae215c63f603592ba10bbdbafa973, 2024-09-28 12:17:45, null, 0, 2024-09-28 12:17:45
<==      Total: 1
Releasing transactional SqlSession [org.apache.ibatis.session.defaults.DefaultSqlSession@763a72da]
Transaction synchronization committing SqlSession [org.apache.ibatis.session.defaults.DefaultSqlSession@763a72da]
Transaction synchronization deregistering SqlSession [org.apache.ibatis.session.defaults.DefaultSqlSession@763a72da]
Transaction synchronization closing SqlSession [org.apache.ibatis.session.defaults.DefaultSqlSession@763a72da]
Creating a new SqlSession
Registering transaction synchronization for SqlSession [org.apache.ibatis.session.defaults.DefaultSqlSession@baf87a5]
JDBC Connection [HikariProxyConnection@641975103 wrapping com.mysql.cj.jdbc.ConnectionImpl@7e615c6a] will be managed by Spring
==>  Preparing: SELECT id, username, email, password, created_at, avatar, is_deleted, last_update FROM `tb_user` WHERE username = ?
==> Parameters: EarthShaker77(String)
<==    Columns: id, username, email, password, created_at, avatar, is_deleted, last_update
<==        Row: 58, EarthShaker77, EarthShaker77@test.com, 7b09603bb8ef2e129079517b2d7e2188, 2024-09-28 12:17:45, null, 0, 2024-09-28 12:17:45
<==      Total: 1
Releasing transactional SqlSession [org.apache.ibatis.session.defaults.DefaultSqlSession@baf87a5]
Transaction synchronization committing SqlSession [org.apache.ibatis.session.defaults.DefaultSqlSession@baf87a5]
Transaction synchronization deregistering SqlSession [org.apache.ibatis.session.defaults.DefaultSqlSession@baf87a5]
Transaction synchronization closing SqlSession [org.apache.ibatis.session.defaults.DefaultSqlSession@baf87a5]
Creating a new SqlSession
Registering transaction synchronization for SqlSession [org.apache.ibatis.session.defaults.DefaultSqlSession@4bfaff23]
JDBC Connection [HikariProxyConnection@2136509382 wrapping com.mysql.cj.jdbc.ConnectionImpl@7e615c6a] will be managed by Spring
==>  Preparing: SELECT id, username, email, password, created_at, avatar, is_deleted, last_update FROM `tb_user` WHERE username = ?
==> Parameters: LightningBolt6(String)
<==    Columns: id, username, email, password, created_at, avatar, is_deleted, last_update
<==        Row: 59, LightningBolt6, LightningBolt6@test.com, 36ee2e919799d3a6840e880aa7f8bdb2, 2024-09-28 12:17:45, null, 0, 2024-09-28 12:17:45
<==      Total: 1
Releasing transactional SqlSession [org.apache.ibatis.session.defaults.DefaultSqlSession@4bfaff23]
Transaction synchronization committing SqlSession [org.apache.ibatis.session.defaults.DefaultSqlSession@4bfaff23]
Transaction synchronization deregistering SqlSession [org.apache.ibatis.session.defaults.DefaultSqlSession@4bfaff23]
Transaction synchronization closing SqlSession [org.apache.ibatis.session.defaults.DefaultSqlSession@4bfaff23]
Creating a new SqlSession
Registering transaction synchronization for SqlSession [org.apache.ibatis.session.defaults.DefaultSqlSession@21b75073]
JDBC Connection [HikariProxyConnection@179379830 wrapping com.mysql.cj.jdbc.ConnectionImpl@7e615c6a] will be managed by Spring
==>  Preparing: SELECT id, username, email, password, created_at, avatar, is_deleted, last_update FROM `tb_user` WHERE username = ?
==> Parameters: DarkAngel2(String)
<==    Columns: id, username, email, password, created_at, avatar, is_deleted, last_update
<==        Row: 60, DarkAngel2, DarkAngel2@test.com, 965c3d4ddd4796baf3a296c52c6f0e3e, 2024-09-28 12:17:45, null, 0, 2024-09-28 12:17:45
<==      Total: 1
Releasing transactional SqlSession [org.apache.ibatis.session.defaults.DefaultSqlSession@21b75073]
Transaction synchronization committing SqlSession [org.apache.ibatis.session.defaults.DefaultSqlSession@21b75073]
Transaction synchronization deregistering SqlSession [org.apache.ibatis.session.defaults.DefaultSqlSession@21b75073]
Transaction synchronization closing SqlSession [org.apache.ibatis.session.defaults.DefaultSqlSession@21b75073]
Creating a new SqlSession
Registering transaction synchronization for SqlSession [org.apache.ibatis.session.defaults.DefaultSqlSession@69d6fe75]
JDBC Connection [HikariProxyConnection@1072154748 wrapping com.mysql.cj.jdbc.ConnectionImpl@7e615c6a] will be managed by Spring
==>  Preparing: SELECT id, username, email, password, created_at, avatar, is_deleted, last_update FROM `tb_user` WHERE username = ?
==> Parameters: SeaTurtle88(String)
<==    Columns: id, username, email, password, created_at, avatar, is_deleted, last_update
<==        Row: 61, SeaTurtle88, SeaTurtle88@test.com, 374a119402b5caf33383450d625385d3, 2024-09-28 12:17:45, null, 0, 2024-09-28 12:17:45
<==      Total: 1
Releasing transactional SqlSession [org.apache.ibatis.session.defaults.DefaultSqlSession@69d6fe75]
Transaction synchronization committing SqlSession [org.apache.ibatis.session.defaults.DefaultSqlSession@69d6fe75]
Transaction synchronization deregistering SqlSession [org.apache.ibatis.session.defaults.DefaultSqlSession@69d6fe75]
Transaction synchronization closing SqlSession [org.apache.ibatis.session.defaults.DefaultSqlSession@69d6fe75]
Creating a new SqlSession
Registering transaction synchronization for SqlSession [org.apache.ibatis.session.defaults.DefaultSqlSession@5bbb351e]
JDBC Connection [HikariProxyConnection@1579492862 wrapping com.mysql.cj.jdbc.ConnectionImpl@7e615c6a] will be managed by Spring
==>  Preparing: SELECT id, username, email, password, created_at, avatar, is_deleted, last_update FROM `tb_user` WHERE username = ?
==> Parameters: MountainKing4(String)
<==    Columns: id, username, email, password, created_at, avatar, is_deleted, last_update
<==        Row: 62, MountainKing4, MountainKing4@test.com, a4e716632e38c50815f401e0e13ea389, 2024-09-28 12:17:45, null, 0, 2024-09-28 12:17:45
<==      Total: 1
Releasing transactional SqlSession [org.apache.ibatis.session.defaults.DefaultSqlSession@5bbb351e]
Transaction synchronization committing SqlSession [org.apache.ibatis.session.defaults.DefaultSqlSession@5bbb351e]
Transaction synchronization deregistering SqlSession [org.apache.ibatis.session.defaults.DefaultSqlSession@5bbb351e]
Transaction synchronization closing SqlSession [org.apache.ibatis.session.defaults.DefaultSqlSession@5bbb351e]
Creating a new SqlSession
Registering transaction synchronization for SqlSession [org.apache.ibatis.session.defaults.DefaultSqlSession@5b476930]
JDBC Connection [HikariProxyConnection@1987239290 wrapping com.mysql.cj.jdbc.ConnectionImpl@7e615c6a] will be managed by Spring
==>  Preparing: SELECT id, username, email, password, created_at, avatar, is_deleted, last_update FROM `tb_user` WHERE username = ?
==> Parameters: SpaceAce11(String)
<==    Columns: id, username, email, password, created_at, avatar, is_deleted, last_update
<==        Row: 63, SpaceAce11, SpaceAce11@test.com, fb33d5ff57ac1664734b4f0dbc61bc0a, 2024-09-28 12:17:45, null, 0, 2024-09-28 12:17:45
<==      Total: 1
Releasing transactional SqlSession [org.apache.ibatis.session.defaults.DefaultSqlSession@5b476930]
Transaction synchronization committing SqlSession [org.apache.ibatis.session.defaults.DefaultSqlSession@5b476930]
Transaction synchronization deregistering SqlSession [org.apache.ibatis.session.defaults.DefaultSqlSession@5b476930]
Transaction synchronization closing SqlSession [org.apache.ibatis.session.defaults.DefaultSqlSession@5b476930]
Creating a new SqlSession
Registering transaction synchronization for SqlSession [org.apache.ibatis.session.defaults.DefaultSqlSession@7a80ebcd]
JDBC Connection [HikariProxyConnection@1662807796 wrapping com.mysql.cj.jdbc.ConnectionImpl@7e615c6a] will be managed by Spring
==>  Preparing: SELECT id, username, email, password, created_at, avatar, is_deleted, last_update FROM `tb_user` WHERE username = ?
==> Parameters: RainDrop007(String)
<==    Columns: id, username, email, password, created_at, avatar, is_deleted, last_update
<==        Row: 64, RainDrop007, RainDrop007@test.com, de5acc02d815128b28001f315d81be25, 2024-09-28 12:17:45, null, 0, 2024-09-28 12:17:45
<==      Total: 1
Releasing transactional SqlSession [org.apache.ibatis.session.defaults.DefaultSqlSession@7a80ebcd]
Transaction synchronization committing SqlSession [org.apache.ibatis.session.defaults.DefaultSqlSession@7a80ebcd]
Transaction synchronization deregistering SqlSession [org.apache.ibatis.session.defaults.DefaultSqlSession@7a80ebcd]
Transaction synchronization closing SqlSession [org.apache.ibatis.session.defaults.DefaultSqlSession@7a80ebcd]
Creating a new SqlSession
Registering transaction synchronization for SqlSession [org.apache.ibatis.session.defaults.DefaultSqlSession@4446e1d9]
JDBC Connection [HikariProxyConnection@502661440 wrapping com.mysql.cj.jdbc.ConnectionImpl@7e615c6a] will be managed by Spring
==>  Preparing: SELECT id, username, email, password, created_at, avatar, is_deleted, last_update FROM `tb_user` WHERE username = ?
==> Parameters: SnowFlurry77(String)
<==    Columns: id, username, email, password, created_at, avatar, is_deleted, last_update
<==        Row: 65, SnowFlurry77, SnowFlurry77@test.com, af3a7187b854c432c0f329624aed19d3, 2024-09-28 12:17:45, null, 0, 2024-09-28 12:17:45
<==      Total: 1
Releasing transactional SqlSession [org.apache.ibatis.session.defaults.DefaultSqlSession@4446e1d9]
Transaction synchronization committing SqlSession [org.apache.ibatis.session.defaults.DefaultSqlSession@4446e1d9]
Transaction synchronization deregistering SqlSession [org.apache.ibatis.session.defaults.DefaultSqlSession@4446e1d9]
Transaction synchronization closing SqlSession [org.apache.ibatis.session.defaults.DefaultSqlSession@4446e1d9]
Creating a new SqlSession
Registering transaction synchronization for SqlSession [org.apache.ibatis.session.defaults.DefaultSqlSession@11efa76e]
JDBC Connection [HikariProxyConnection@412731310 wrapping com.mysql.cj.jdbc.ConnectionImpl@7e615c6a] will be managed by Spring
==>  Preparing: SELECT id, username, email, password, created_at, avatar, is_deleted, last_update FROM `tb_user` WHERE username = ?
==> Parameters: SunKissed3(String)
<==    Columns: id, username, email, password, created_at, avatar, is_deleted, last_update
<==        Row: 66, SunKissed3, SunKissed3@test.com, c5e7b8db5fd539cdae238e170a235db2, 2024-09-28 12:17:45, null, 0, 2024-09-28 12:17:45
<==      Total: 1
Releasing transactional SqlSession [org.apache.ibatis.session.defaults.DefaultSqlSession@11efa76e]
Transaction synchronization committing SqlSession [org.apache.ibatis.session.defaults.DefaultSqlSession@11efa76e]
Transaction synchronization deregistering SqlSession [org.apache.ibatis.session.defaults.DefaultSqlSession@11efa76e]
Transaction synchronization closing SqlSession [org.apache.ibatis.session.defaults.DefaultSqlSession@11efa76e]
Creating a new SqlSession
Registering transaction synchronization for SqlSession [org.apache.ibatis.session.defaults.DefaultSqlSession@30e734a1]
JDBC Connection [HikariProxyConnection@306941929 wrapping com.mysql.cj.jdbc.ConnectionImpl@7e615c6a] will be managed by Spring
==>  Preparing: SELECT id, username, email, password, created_at, avatar, is_deleted, last_update FROM `tb_user` WHERE username = ?
==> Parameters: StarGazing9(String)
<==    Columns: id, username, email, password, created_at, avatar, is_deleted, last_update
<==        Row: 67, StarGazing9, StarGazing9@test.com, 0b36c2b49a8e2ebdc81cc5662b41e814, 2024-09-28 12:17:45, null, 0, 2024-09-28 12:17:45
<==      Total: 1
Releasing transactional SqlSession [org.apache.ibatis.session.defaults.DefaultSqlSession@30e734a1]
Transaction synchronization committing SqlSession [org.apache.ibatis.session.defaults.DefaultSqlSession@30e734a1]
Transaction synchronization deregistering SqlSession [org.apache.ibatis.session.defaults.DefaultSqlSession@30e734a1]
Transaction synchronization closing SqlSession [org.apache.ibatis.session.defaults.DefaultSqlSession@30e734a1]
Creating a new SqlSession
Registering transaction synchronization for SqlSession [org.apache.ibatis.session.defaults.DefaultSqlSession@3e9e7a70]
JDBC Connection [HikariProxyConnection@2021011079 wrapping com.mysql.cj.jdbc.ConnectionImpl@7e615c6a] will be managed by Spring
==>  Preparing: SELECT id, username, email, password, created_at, avatar, is_deleted, last_update FROM `tb_user` WHERE username = ?
==> Parameters: CloudNine5(String)
<==    Columns: id, username, email, password, created_at, avatar, is_deleted, last_update
<==        Row: 68, CloudNine5, CloudNine5@test.com, b9988f334be7d74b0990550f149fc481, 2024-09-28 12:17:45, null, 0, 2024-09-28 12:17:45
<==      Total: 1
Releasing transactional SqlSession [org.apache.ibatis.session.defaults.DefaultSqlSession@3e9e7a70]
Transaction synchronization committing SqlSession [org.apache.ibatis.session.defaults.DefaultSqlSession@3e9e7a70]
Transaction synchronization deregistering SqlSession [org.apache.ibatis.session.defaults.DefaultSqlSession@3e9e7a70]
Transaction synchronization closing SqlSession [org.apache.ibatis.session.defaults.DefaultSqlSession@3e9e7a70]
Creating a new SqlSession
Registering transaction synchronization for SqlSession [org.apache.ibatis.session.defaults.DefaultSqlSession@2aacf54b]
JDBC Connection [HikariProxyConnection@861939497 wrapping com.mysql.cj.jdbc.ConnectionImpl@7e615c6a] will be managed by Spring
==>  Preparing: SELECT id, username, email, password, created_at, avatar, is_deleted, last_update FROM `tb_user` WHERE username = ?
==> Parameters: NightHawk6(String)
<==    Columns: id, username, email, password, created_at, avatar, is_deleted, last_update
<==        Row: 69, NightHawk6, NightHawk6@test.com, 878cc332c0f6a80a4fd5422108086e18, 2024-09-28 12:17:45, null, 0, 2024-09-28 12:17:45
<==      Total: 1
Releasing transactional SqlSession [org.apache.ibatis.session.defaults.DefaultSqlSession@2aacf54b]
Transaction synchronization committing SqlSession [org.apache.ibatis.session.defaults.DefaultSqlSession@2aacf54b]
Transaction synchronization deregistering SqlSession [org.apache.ibatis.session.defaults.DefaultSqlSession@2aacf54b]
Transaction synchronization closing SqlSession [org.apache.ibatis.session.defaults.DefaultSqlSession@2aacf54b]
Creating a new SqlSession
Registering transaction synchronization for SqlSession [org.apache.ibatis.session.defaults.DefaultSqlSession@7bf3bf2e]
JDBC Connection [HikariProxyConnection@1786221884 wrapping com.mysql.cj.jdbc.ConnectionImpl@7e615c6a] will be managed by Spring
==>  Preparing: SELECT id, username, email, password, created_at, avatar, is_deleted, last_update FROM `tb_user` WHERE username = ?
==> Parameters: DayGlow22(String)
<==    Columns: id, username, email, password, created_at, avatar, is_deleted, last_update
<==        Row: 70, DayGlow22, DayGlow22@test.com, f11898aaf90c35c990312962ae811d9e, 2024-09-28 12:17:45, null, 0, 2024-09-28 12:17:45
<==      Total: 1
Releasing transactional SqlSession [org.apache.ibatis.session.defaults.DefaultSqlSession@7bf3bf2e]
Transaction synchronization committing SqlSession [org.apache.ibatis.session.defaults.DefaultSqlSession@7bf3bf2e]
Transaction synchronization deregistering SqlSession [org.apache.ibatis.session.defaults.DefaultSqlSession@7bf3bf2e]
[...]
==> Parameters: RainMaker00(String)
<==    Columns: id, username, email, password, created_at, avatar, is_deleted, last_update
<==        Row: 83, RainMaker00, RainMaker00@test.com, b1e239490a24c5974b5a28d332cb64bc, 2024-09-28 12:17:45, null, 0, 2024-09-28 12:17:45
<==      Total: 1
Releasing transactional SqlSession [org.apache.ibatis.session.defaults.DefaultSqlSession@37596b44]
Transaction synchronization committing SqlSession [org.apache.ibatis.session.defaults.DefaultSqlSession@37596b44]
Transaction synchronization deregistering SqlSession [org.apache.ibatis.session.defaults.DefaultSqlSession@37596b44]
Transaction synchronization closing SqlSession [org.apache.ibatis.session.defaults.DefaultSqlSession@37596b44]
Creating a new SqlSession
Registering transaction synchronization for SqlSession [org.apache.ibatis.session.defaults.DefaultSqlSession@2e1b1d22]
JDBC Connection [HikariProxyConnection@1383478026 wrapping com.mysql.cj.jdbc.ConnectionImpl@7e615c6a] will be managed by Spring
==>  Preparing: SELECT id, username, email, password, created_at, avatar, is_deleted, last_update FROM `tb_user` WHERE username = ?
==> Parameters: SnowPeak7(String)
<==    Columns: id, username, email, password, created_at, avatar, is_deleted, last_update
<==        Row: 84, SnowPeak7, SnowPeak7@test.com, a3db1aafe5e7fc7035e4ae2da0b5469d, 2024-09-28 12:17:45, null, 0, 2024-09-28 12:17:45
<==      Total: 1
Releasing transactional SqlSession [org.apache.ibatis.session.defaults.DefaultSqlSession@2e1b1d22]
Transaction synchronization committing SqlSession [org.apache.ibatis.session.defaults.DefaultSqlSession@2e1b1d22]
Transaction synchronization deregistering SqlSession [org.apache.ibatis.session.defaults.DefaultSqlSession@2e1b1d22]
Transaction synchronization closing SqlSession [org.apache.ibatis.session.defaults.DefaultSqlSession@2e1b1d22]
Creating a new SqlSession
Registering transaction synchronization for SqlSession [org.apache.ibatis.session.defaults.DefaultSqlSession@541d8a9e]
JDBC Connection [HikariProxyConnection@852337468 wrapping com.mysql.cj.jdbc.ConnectionImpl@7e615c6a] will be managed by Spring
==>  Preparing: SELECT id, username, email, password, created_at, avatar, is_deleted, last_update FROM `tb_user` WHERE username = ?
==> Parameters: SunShine333(String)
<==    Columns: id, username, email, password, created_at, avatar, is_deleted, last_update
<==        Row: 85, SunShine333, SunShine333@test.com, fac534b220c10e9cf9de642fc7e00407, 2024-09-28 12:17:45, null, 0, 2024-09-28 12:17:45
<==      Total: 1
Releasing transactional SqlSession [org.apache.ibatis.session.defaults.DefaultSqlSession@541d8a9e]
Transaction synchronization committing SqlSession [org.apache.ibatis.session.defaults.DefaultSqlSession@541d8a9e]
Transaction synchronization deregistering SqlSession [org.apache.ibatis.session.defaults.DefaultSqlSession@541d8a9e]
Transaction synchronization closing SqlSession [org.apache.ibatis.session.defaults.DefaultSqlSession@541d8a9e]
Creating a new SqlSession
Registering transaction synchronization for SqlSession [org.apache.ibatis.session.defaults.DefaultSqlSession@63437af4]
JDBC Connection [HikariProxyConnection@1820051628 wrapping com.mysql.cj.jdbc.ConnectionImpl@7e615c6a] will be managed by Spring
==>  Preparing: SELECT id, username, email, password, created_at, avatar, is_deleted, last_update FROM `tb_user` WHERE username = ?
==> Parameters: StarDuster9(String)
<==    Columns: id, username, email, password, created_at, avatar, is_deleted, last_update
<==        Row: 86, StarDuster9, StarDuster9@test.com, 4029e62bb4701581b517d9ed74869628, 2024-09-28 12:17:45, null, 0, 2024-09-28 12:17:45
<==      Total: 1
Releasing transactional SqlSession [org.apache.ibatis.session.defaults.DefaultSqlSession@63437af4]
Transaction synchronization committing SqlSession [org.apache.ibatis.session.defaults.DefaultSqlSession@63437af4]
Transaction synchronization deregistering SqlSession [org.apache.ibatis.session.defaults.DefaultSqlSession@63437af4]
Transaction synchronization closing SqlSession [org.apache.ibatis.session.defaults.DefaultSqlSession@63437af4]
Creating a new SqlSession
Registering transaction synchronization for SqlSession [org.apache.ibatis.session.defaults.DefaultSqlSession@5d7f4cbb]
JDBC Connection [HikariProxyConnection@1585430546 wrapping com.mysql.cj.jdbc.ConnectionImpl@7e615c6a] will be managed by Spring
==>  Preparing: SELECT id, username, email, password, created_at, avatar, is_deleted, last_update FROM `tb_user` WHERE username = ?
==> Parameters: CloudDrifter55(String)
<==    Columns: id, username, email, password, created_at, avatar, is_deleted, last_update
<==        Row: 87, CloudDrifter55, CloudDrifter55@test.com, a19a2b2b161781639f47a0e43379a920, 2024-09-28 12:17:45, null, 0, 2024-09-28 12:17:45
<==      Total: 1
Releasing transactional SqlSession [org.apache.ibatis.session.defaults.DefaultSqlSession@5d7f4cbb]
Transaction synchronization committing SqlSession [org.apache.ibatis.session.defaults.DefaultSqlSession@5d7f4cbb]
Transaction synchronization deregistering SqlSession [org.apache.ibatis.session.defaults.DefaultSqlSession@5d7f4cbb]
Transaction synchronization closing SqlSession [org.apache.ibatis.session.defaults.DefaultSqlSession@5d7f4cbb]
Creating a new SqlSession
Registering transaction synchronization for SqlSession [org.apache.ibatis.session.defaults.DefaultSqlSession@445d4517]
JDBC Connection [HikariProxyConnection@308002829 wrapping com.mysql.cj.jdbc.ConnectionImpl@7e615c6a] will be managed by Spring
==>  Preparing: SELECT id, username, email, password, created_at, avatar, is_deleted, last_update FROM `tb_user` WHERE username = ?
==> Parameters: NightStalker6(String)
<==    Columns: id, username, email, password, created_at, avatar, is_deleted, last_update
<==        Row: 88, NightStalker6, NightStalker6@test.com, 5c1365919365f4a2dfd0f126065a2991, 2024-09-28 12:17:45, null, 0, 2024-09-28 12:17:45
<==      Total: 1
Releasing transactional SqlSession [org.apache.ibatis.session.defaults.DefaultSqlSession@445d4517]
Transaction synchronization committing SqlSession [org.apache.ibatis.session.defaults.DefaultSqlSession@445d4517]
Transaction synchronization deregistering SqlSession [org.apache.ibatis.session.defaults.DefaultSqlSession@445d4517]
Transaction synchronization closing SqlSession [org.apache.ibatis.session.defaults.DefaultSqlSession@445d4517]
Creating a new SqlSession
Registering transaction synchronization for SqlSession [org.apache.ibatis.session.defaults.DefaultSqlSession@59bf79f3]
JDBC Connection [HikariProxyConnection@15848947 wrapping com.mysql.cj.jdbc.ConnectionImpl@7e615c6a] will be managed by Spring
==>  Preparing: SELECT id, username, email, password, created_at, avatar, is_deleted, last_update FROM `tb_user` WHERE username = ?
==> Parameters: DayBreaker2(String)
<==    Columns: id, username, email, password, created_at, avatar, is_deleted, last_update
<==        Row: 89, DayBreaker2, DayBreaker2@test.com, 91f8d8748c4a8fce2d7d308e882978e2, 2024-09-28 12:17:45, null, 0, 2024-09-28 12:17:45
<==      Total: 1
Releasing transactional SqlSession [org.apache.ibatis.session.defaults.DefaultSqlSession@59bf79f3]
Transaction synchronization committing SqlSession [org.apache.ibatis.session.defaults.DefaultSqlSession@59bf79f3]
Transaction synchronization deregistering SqlSession [org.apache.ibatis.session.defaults.DefaultSqlSession@59bf79f3]
Transaction synchronization closing SqlSession [org.apache.ibatis.session.defaults.DefaultSqlSession@59bf79f3]
Creating a new SqlSession
Registering transaction synchronization for SqlSession [org.apache.ibatis.session.defaults.DefaultSqlSession@726882da]
JDBC Connection [HikariProxyConnection@31324669 wrapping com.mysql.cj.jdbc.ConnectionImpl@7e615c6a] will be managed by Spring
==>  Preparing: SELECT id, username, email, password, created_at, avatar, is_deleted, last_update FROM `tb_user` WHERE username = ?
==> Parameters: WaveRider19(String)
<==    Columns: id, username, email, password, created_at, avatar, is_deleted, last_update
<==        Row: 90, WaveRider19, WaveRider19@test.com, bd9c3331cd3593fa895492676827cb9c, 2024-09-28 12:17:45, null, 0, 2024-09-28 12:17:45
<==      Total: 1
Releasing transactional SqlSession [org.apache.ibatis.session.defaults.DefaultSqlSession@726882da]
Transaction synchronization committing SqlSession [org.apache.ibatis.session.defaults.DefaultSqlSession@726882da]
Transaction synchronization deregistering SqlSession [org.apache.ibatis.session.defaults.DefaultSqlSession@726882da]
Transaction synchronization closing SqlSession [org.apache.ibatis.session.defaults.DefaultSqlSession@726882da]
Creating a new SqlSession
Registering transaction synchronization for SqlSession [org.apache.ibatis.session.defaults.DefaultSqlSession@37e15055]
JDBC Connection [HikariProxyConnection@967701734 wrapping com.mysql.cj.jdbc.ConnectionImpl@7e615c6a] will be managed by Spring
==>  Preparing: SELECT id, username, email, password, created_at, avatar, is_deleted, last_update FROM `tb_user` WHERE username = ?
==> Parameters: ForestSprite3(String)
<==    Columns: id, username, email, password, created_at, avatar, is_deleted, last_update
<==        Row: 91, ForestSprite3, ForestSprite3@test.com, abd52eaae01c124f41c9d97735182864, 2024-09-28 12:17:45, null, 0, 2024-09-28 12:17:45
<==      Total: 1
Releasing transactional SqlSession [org.apache.ibatis.session.defaults.DefaultSqlSession@37e15055]
Transaction synchronization committing SqlSession [org.apache.ibatis.session.defaults.DefaultSqlSession@37e15055]
Transaction synchronization deregistering SqlSession [org.apache.ibatis.session.defaults.DefaultSqlSession@37e15055]
Transaction synchronization closing SqlSession [org.apache.ibatis.session.defaults.DefaultSqlSession@37e15055]
Creating a new SqlSession
Registering transaction synchronization for SqlSession [org.apache.ibatis.session.defaults.DefaultSqlSession@4ef7145f]
JDBC Connection [HikariProxyConnection@1087177468 wrapping com.mysql.cj.jdbc.ConnectionImpl@7e615c6a] will be managed by Spring
==>  Preparing: SELECT id, username, email, password, created_at, avatar, is_deleted, last_update FROM `tb_user` WHERE username = ?
==> Parameters: RockSolid8(String)
<==    Columns: id, username, email, password, created_at, avatar, is_deleted, last_update
<==        Row: 92, RockSolid8, RockSolid8@test.com, 0a2df63499ce66e9f130d09622123302, 2024-09-28 12:17:45, null, 0, 2024-09-28 12:17:45
<==      Total: 1
Releasing transactional SqlSession [org.apache.ibatis.session.defaults.DefaultSqlSession@4ef7145f]
Transaction synchronization committing SqlSession [org.apache.ibatis.session.defaults.DefaultSqlSession@4ef7145f]
Transaction synchronization deregistering SqlSession [org.apache.ibatis.session.defaults.DefaultSqlSession@4ef7145f]
Transaction synchronization closing SqlSession [org.apache.ibatis.session.defaults.DefaultSqlSession@4ef7145f]
Creating a new SqlSession
Registering transaction synchronization for SqlSession [org.apache.ibatis.session.defaults.DefaultSqlSession@9742012]
JDBC Connection [HikariProxyConnection@973030433 wrapping com.mysql.cj.jdbc.ConnectionImpl@7e615c6a] will be managed by Spring
==>  Preparing: SELECT id, username, email, password, created_at, avatar, is_deleted, last_update FROM `tb_user` WHERE username = ?
==> Parameters: IceShard44(String)
<==    Columns: id, username, email, password, created_at, avatar, is_deleted, last_update
<==        Row: 93, IceShard44, IceShard44@test.com, 025c6f96973b73e55a7c83eca046249e, 2024-09-28 12:17:45, null, 0, 2024-09-28 12:17:45
<==      Total: 1
Releasing transactional SqlSession [org.apache.ibatis.session.defaults.DefaultSqlSession@9742012]
Transaction synchronization committing SqlSession [org.apache.ibatis.session.defaults.DefaultSqlSession@9742012]
Transaction synchronization deregistering SqlSession [org.apache.ibatis.session.defaults.DefaultSqlSession@9742012]
Transaction synchronization closing SqlSession [org.apache.ibatis.session.defaults.DefaultSqlSession@9742012]
Creating a new SqlSession
Registering transaction synchronization for SqlSession [org.apache.ibatis.session.defaults.DefaultSqlSession@5205b3e2]
JDBC Connection [HikariProxyConnection@1805606351 wrapping com.mysql.cj.jdbc.ConnectionImpl@7e615c6a] will be managed by Spring
==>  Preparing: SELECT id, username, email, password, created_at, avatar, is_deleted, last_update FROM `tb_user` WHERE username = ?
==> Parameters: FireBolt9(String)
<==    Columns: id, username, email, password, created_at, avatar, is_deleted, last_update
<==        Row: 94, FireBolt9, FireBolt9@test.com, 3bfb7a13bedcd8af9945ce15037e2598, 2024-09-28 12:17:45, null, 0, 2024-09-28 12:17:45
<==      Total: 1
Releasing transactional SqlSession [org.apache.ibatis.session.defaults.DefaultSqlSession@5205b3e2]
Transaction synchronization committing SqlSession [org.apache.ibatis.session.defaults.DefaultSqlSession@5205b3e2]
Transaction synchronization deregistering SqlSession [org.apache.ibatis.session.defaults.DefaultSqlSession@5205b3e2]
Transaction synchronization closing SqlSession [org.apache.ibatis.session.defaults.DefaultSqlSession@5205b3e2]
Creating a new SqlSession
Registering transaction synchronization for SqlSession [org.apache.ibatis.session.defaults.DefaultSqlSession@2552cb80]
JDBC Connection [HikariProxyConnection@182130143 wrapping com.mysql.cj.jdbc.ConnectionImpl@7e615c6a] will be managed by Spring
==>  Preparing: SELECT id, username, email, password, created_at, avatar, is_deleted, last_update FROM `tb_user` WHERE username = ?
==> Parameters: WindWhisper18(String)
<==    Columns: id, username, email, password, created_at, avatar, is_deleted, last_update
<==        Row: 95, WindWhisper18, WindWhisper18@test.com, dd78de356d3128228e296baf1ec4ad09, 2024-09-28 12:17:45, null, 0, 2024-09-28 12:17:45
<==      Total: 1
Releasing transactional SqlSession [org.apache.ibatis.session.defaults.DefaultSqlSession@2552cb80]
Transaction synchronization committing SqlSession [org.apache.ibatis.session.defaults.DefaultSqlSession@2552cb80]
Transaction synchronization deregistering SqlSession [org.apache.ibatis.session.defaults.DefaultSqlSession@2552cb80]
Transaction synchronization closing SqlSession [org.apache.ibatis.session.defaults.DefaultSqlSession@2552cb80]
Creating a new SqlSession
Registering transaction synchronization for SqlSession [org.apache.ibatis.session.defaults.DefaultSqlSession@5c7876e1]
JDBC Connection [HikariProxyConnection@1329040766 wrapping com.mysql.cj.jdbc.ConnectionImpl@7e615c6a] will be managed by Spring
==>  Preparing: SELECT id, username, email, password, created_at, avatar, is_deleted, last_update FROM `tb_user` WHERE username = ?
==> Parameters: EarthMother7(String)
<==    Columns: id, username, email, password, created_at, avatar, is_deleted, last_update
<==        Row: 96, EarthMother7, EarthMother7@test.com, 99d8d5094f5178e529ca0942be68aea6, 2024-09-28 12:17:45, null, 0, 2024-09-28 12:17:45
<==      Total: 1
Releasing transactional SqlSession [org.apache.ibatis.session.defaults.DefaultSqlSession@5c7876e1]
Transaction synchronization committing SqlSession [org.apache.ibatis.session.defaults.DefaultSqlSession@5c7876e1]
Transaction synchronization deregistering SqlSession [org.apache.ibatis.session.defaults.DefaultSqlSession@5c7876e1]
Transaction synchronization closing SqlSession [org.apache.ibatis.session.defaults.DefaultSqlSession@5c7876e1]
Creating a new SqlSession
Registering transaction synchronization for SqlSession [org.apache.ibatis.session.defaults.DefaultSqlSession@12922d53]
JDBC Connection [HikariProxyConnection@2080890623 wrapping com.mysql.cj.jdbc.ConnectionImpl@7e615c6a] will be managed by Spring
==>  Preparing: SELECT id, username, email, password, created_at, avatar, is_deleted, last_update FROM `tb_user` WHERE username = ?
==> Parameters: LightWizard6(String)
<==    Columns: id, username, email, password, created_at, avatar, is_deleted, last_update
<==        Row: 97, LightWizard6, LightWizard6@test.com, 9cea47e39c92f445a26cd56915689cc9, 2024-09-28 12:17:45, null, 0, 2024-09-28 12:17:45
<==      Total: 1
Releasing transactional SqlSession [org.apache.ibatis.session.defaults.DefaultSqlSession@12922d53]
Transaction synchronization committing SqlSession [org.apache.ibatis.session.defaults.DefaultSqlSession@12922d53]
Transaction synchronization deregistering SqlSession [org.apache.ibatis.session.defaults.DefaultSqlSession@12922d53]
Transaction synchronization closing SqlSession [org.apache.ibatis.session.defaults.DefaultSqlSession@12922d53]
Creating a new SqlSession
Registering transaction synchronization for SqlSession [org.apache.ibatis.session.defaults.DefaultSqlSession@664c0466]
JDBC Connection [HikariProxyConnection@1827583378 wrapping com.mysql.cj.jdbc.ConnectionImpl@7e615c6a] will be managed by Spring
==>  Preparing: SELECT id, username, email, password, created_at, avatar, is_deleted, last_update FROM `tb_user` WHERE username = ?
==> Parameters: DarkPrince22(String)
<==    Columns: id, username, email, password, created_at, avatar, is_deleted, last_update
<==        Row: 98, DarkPrince22, DarkPrince22@test.com, 6ca0b5dac2efd6956fef33d8715b59e7, 2024-09-28 12:17:45, null, 0, 2024-09-28 12:17:45
<==      Total: 1
Releasing transactional SqlSession [org.apache.ibatis.session.defaults.DefaultSqlSession@664c0466]
Transaction synchronization committing SqlSession [org.apache.ibatis.session.defaults.DefaultSqlSession@664c0466]
Transaction synchronization deregistering SqlSession [org.apache.ibatis.session.defaults.DefaultSqlSession@664c0466]
Transaction synchronization closing SqlSession [org.apache.ibatis.session.defaults.DefaultSqlSession@664c0466]
Creating a new SqlSession
Registering transaction synchronization for SqlSession [org.apache.ibatis.session.defaults.DefaultSqlSession@35c69e6b]
JDBC Connection [HikariProxyConnection@1631120910 wrapping com.mysql.cj.jdbc.ConnectionImpl@7e615c6a] will be managed by Spring
==>  Preparing: SELECT id, username, email, password, created_at, avatar, is_deleted, last_update FROM `tb_user` WHERE username = ?
==> Parameters: SeaSerpent88(String)
<==    Columns: id, username, email, password, created_at, avatar, is_deleted, last_update
<==        Row: 99, SeaSerpent88, SeaSerpent88@test.com, 553ee7f7758d1dbf94972f0947984b8f, 2024-09-28 12:17:45, null, 0, 2024-09-28 12:17:45
<==      Total: 1
Releasing transactional SqlSession [org.apache.ibatis.session.defaults.DefaultSqlSession@35c69e6b]
Transaction synchronization committing SqlSession [org.apache.ibatis.session.defaults.DefaultSqlSession@35c69e6b]
Transaction synchronization deregistering SqlSession [org.apache.ibatis.session.defaults.DefaultSqlSession@35c69e6b]
Transaction synchronization closing SqlSession [org.apache.ibatis.session.defaults.DefaultSqlSession@35c69e6b]
Creating a new SqlSession
Registering transaction synchronization for SqlSession [org.apache.ibatis.session.defaults.DefaultSqlSession@2df40273]
JDBC Connection [HikariProxyConnection@1864933502 wrapping com.mysql.cj.jdbc.ConnectionImpl@7e615c6a] will be managed by Spring
==>  Preparing: SELECT id, username, email, password, created_at, avatar, is_deleted, last_update FROM `tb_user` WHERE username = ?
==> Parameters: MountainMaid4(String)
<==    Columns: id, username, email, password, created_at, avatar, is_deleted, last_update
<==        Row: 100, MountainMaid4, MountainMaid4@test.com, 7f0f0782db66b2492c49cff2f3202574, 2024-09-28 12:17:45, null, 0, 2024-09-28 12:17:45
<==      Total: 1
Releasing transactional SqlSession [org.apache.ibatis.session.defaults.DefaultSqlSession@2df40273]
Transaction synchronization committing SqlSession [org.apache.ibatis.session.defaults.DefaultSqlSession@2df40273]
Transaction synchronization deregistering SqlSession [org.apache.ibatis.session.defaults.DefaultSqlSession@2df40273]
Transaction synchronization closing SqlSession [org.apache.ibatis.session.defaults.DefaultSqlSession@2df40273]
]]></system-out>
  </testcase>
</testsuite>