<?xml version="1.0" encoding="UTF-8"?>
<testsuite xmlns:xsi="http://www.w3.org/2001/XMLSchema-instance" xsi:noNamespaceSchemaLocation="https://maven.apache.org/surefire/maven-surefire-plugin/xsd/surefire-test-report-3.0.xsd" version="3.0" name="com.easyshare.UploadAvatarTest" time="1.259" tests="1" errors="0" skipped="0" failures="0">
  <properties>
[...]
</properties>
  <testcase name="UploadDefaultAvatarTest" classname="com.easyshare.UploadAvatarTest" time="1.247">
    <system-out><![CDATA[2024-11-13T00:19:41.171+08:00  INFO 12632 --- [           main] t.c.s.AnnotationConfigContextLoaderUtils : Could not detect default configuration classes for test class [com.easyshare.UploadAvatarTest]: UploadAvatarTest does not declare any static, non-private, non-final, nested classes annotated with @Configuration.
2024-11-13T00:19:41.173+08:00  INFO 12632 --- [           main] .b.t.c.SpringBootTestContextBootstrapper : Found @SpringBootConfiguration com.easyshare.EasyShareApplication for test class com.easyshare.UploadAvatarTest
https://lizehan.oss-cn-beijing.aliyuncs.com/avatar/default-avatar.png
]]></system-out>
  </testcase>
</testsuite>